<Running module: Preprocess Data>
--------------------------------------------------------------------------------
Converting block coords to infercars format
--------------------------------------------------------------------------------
<Module finished: Preprocess Data>, elapsed 0.606809139251709 seconds


<Running module: Parsers and check strains>
--------------------------------------------------------------------------------
Blocks count: 156
Unique one-copy blocks count: 105
Mean block coverage: 93.73393489466108 %
Mean unique one-copy blocks coverage: 88.28193334984402 %

Trying to root tree by first child of root
Children of root: [Tree node '' (0x7fe2933daf1), Tree node '' (0x7fe29347d1f), Tree node '' (0x7fe29347d34)]
Strains in blocks file count: 34
Strains in tree leafs count: 34
Intersected strains count: 34
--------------------------------------------------------------------------------
<Module finished: Parsers and check strains>, elapsed 0.08527994155883789 seconds


<Running module: Balanced rearrangements characters>
--------------------------------------------------------------------------------
Breakpoint graph parsed
Edges in breakpoint graph: 148
Getting characters from breakpoint graph component, size=6
Getting characters from breakpoint graph component, size=4
Getting characters from breakpoint graph component, size=12
Getting characters from breakpoint graph component, size=26
Getting characters from breakpoint graph component, size=4
Getting characters from breakpoint graph component, size=4
Getting characters from breakpoint graph component, size=4
Getting characters from breakpoint graph component, size=4
Getting characters from breakpoint graph component, size=4
--------------------------------------------------------------------------------
<Module finished: Balanced rearrangements characters>, elapsed 0.4059560298919678 seconds


<Running module: Balanced rearrangements stats>
--------------------------------------------------------------------------------
Counting distances between unique one-copy blocks, may take a while
Got characters after breakpoint graph consideration: 34
Left non-convex characters after filtering: 6
--------------------------------------------------------------------------------
<Module finished: Balanced rearrangements stats>, elapsed 1.472221851348877 seconds


<Running module: Balanced rearrangements output>
--------------------------------------------------------------------------------
--------------------------------------------------------------------------------
<Module finished: Balanced rearrangements output>, elapsed 0.8901221752166748 seconds


<Running module: Unbalanced rearrangements characters>
--------------------------------------------------------------------------------
--------------------------------------------------------------------------------
<Module finished: Unbalanced rearrangements characters>, elapsed 0.0009660720825195312 seconds


<Running module: Unbalanced rearrangements stats and clustering>
--------------------------------------------------------------------------------
Got characters after copy number variation consideration: 156
Left non-convex characters after filtering: 14
Counting distances between non-convex character blocks, may take a while
Jaccard index matrix constructed
Proximity matrix constructed
Clustring is done
Clusters: 6
--------------------------------------------------------------------------------
<Module finished: Unbalanced rearrangements stats and clustering>, elapsed 0.07935404777526855 seconds


<Running module: Unbalanced rearrangements output>
--------------------------------------------------------------------------------
--------------------------------------------------------------------------------
<Module finished: Unbalanced rearrangements output>, elapsed 0.8750410079956055 seconds


Total elapsed time: 4.416246175765991 seconds
