<Running module: Preprocess Data>
--------------------------------------------------------------------------------
Converting block coords to infercars format
--------------------------------------------------------------------------------
<Module finished: Preprocess Data>, elapsed 1.44356107711792 seconds


<Running module: Parsers and check strains>
--------------------------------------------------------------------------------
Blocks count: 378
Unique one-copy blocks count: 206
Mean block coverage: 95.88112458995953 %
Mean unique one-copy blocks coverage: 88.46029950666964 %

Trying to root tree by first child of root
Children of root: [Tree node '' (0x7f9af9e5ab2), Tree node '' (0x7f9afa7ab3d), Tree node '' (0x7f9afa7ab37)]
Strains in blocks file count: 34
Strains in tree leafs count: 34
Intersected strains count: 34
--------------------------------------------------------------------------------
<Module finished: Parsers and check strains>, elapsed 0.19381403923034668 seconds


<Running module: Balanced rearrangements characters>
--------------------------------------------------------------------------------
Breakpoint graph parsed
Edges in breakpoint graph: 260
Getting characters from breakpoint graph component, size=48
Getting characters from breakpoint graph component, size=4
Getting characters from breakpoint graph component, size=14
Getting characters from breakpoint graph component, size=4
Getting characters from breakpoint graph component, size=4
Getting characters from breakpoint graph component, size=4
Getting characters from breakpoint graph component, size=4
--------------------------------------------------------------------------------
<Module finished: Balanced rearrangements characters>, elapsed 0.7249319553375244 seconds


<Running module: Balanced rearrangements stats>
--------------------------------------------------------------------------------
Counting distances between unique one-copy blocks, may take a while
Got characters after breakpoint graph consideration: 41
Left non-convex characters after filtering: 10
--------------------------------------------------------------------------------
<Module finished: Balanced rearrangements stats>, elapsed 5.1807379722595215 seconds


<Running module: Balanced rearrangements output>
--------------------------------------------------------------------------------
--------------------------------------------------------------------------------
<Module finished: Balanced rearrangements output>, elapsed 1.322070598602295 seconds


<Running module: Unbalanced rearrangements characters>
--------------------------------------------------------------------------------
--------------------------------------------------------------------------------
<Module finished: Unbalanced rearrangements characters>, elapsed 0.0024018287658691406 seconds


<Running module: Unbalanced rearrangements stats and clustering>
--------------------------------------------------------------------------------
Got characters after copy number variation consideration: 378
Left non-convex characters after filtering: 44
Counting distances between non-convex character blocks, may take a while
Jaccard index matrix constructed
Proximity matrix constructed
Clustring is done
Clusters: 14
--------------------------------------------------------------------------------
<Module finished: Unbalanced rearrangements stats and clustering>, elapsed 0.535222053527832 seconds


<Running module: Unbalanced rearrangements output>
--------------------------------------------------------------------------------
--------------------------------------------------------------------------------
<Module finished: Unbalanced rearrangements output>, elapsed 2.3417000770568848 seconds


Total elapsed time: 11.744950771331787 seconds
