createdb Burkholderia_pseudo_mallei/2-annotate_module/Proteins/BUMA_112.All.prt Burkholderia_pseudo_mallei/3-pangenome_module/tmp_BUMA_112.All.prt_0.8-mode1-th32/BUMA_112.All.prt-msDB 

MMseqs Version:       	12.113e3
Database type         	0
Shuffle input database	true
Createdb mode         	0
Write lookup file     	1
Offset of numeric ids 	0
Compressed            	0
Verbosity             	3

Converting sequences
[===============================================================
Time for merging to BUMA_112.All.prt-msDB_h: 0h 0m 1s 266ms
Time for merging to BUMA_112.All.prt-msDB: 0h 0m 2s 420ms
Database type: Aminoacid
Time for processing: 0h 0m 11s 97ms
cluster Burkholderia_pseudo_mallei/3-pangenome_module/tmp_BUMA_112.All.prt_0.8-mode1-th32/BUMA_112.All.prt-msDB Burkholderia_pseudo_mallei/3-pangenome_module/tmp_BUMA_112.All.prt_0.8-mode1-th32/BUMA_112.All.prt-clust-0.8-mode1-th32 Burkholderia_pseudo_mallei/3-pangenome_module/tmp_BUMA_112.All.prt_0.8-mode1-th32 --min-seq-id 0.8 --threads 32 --cluster-mode 1 

MMseqs Version:                     	12.113e3
Substitution matrix                 	nucl:nucleotide.out,aa:blosum62.out
Seed substitution matrix            	nucl:nucleotide.out,aa:VTML80.out
Sensitivity                         	4
k-mer length                        	0
k-score                             	2147483647
Alphabet size                       	nucl:5,aa:21
Max sequence length                 	65535
Max results per query               	20
Split database                      	0
Split mode                          	2
Split memory limit                  	0
Coverage threshold                  	0.8
Coverage mode                       	0
Compositional bias                  	1
Diagonal scoring                    	true
Exact k-mer matching                	0
Mask residues                       	1
Mask lower case residues            	0
Minimum diagonal score              	15
Include identical seq. id.          	false
Spaced k-mers                       	1
Preload mode                        	0
Pseudo count a                      	1
Pseudo count b                      	1.5
Spaced k-mer pattern                	
Local temporary path                	
Threads                             	32
Compressed                          	0
Verbosity                           	3
Add backtrace                       	false
Alignment mode                      	3
Allow wrapped scoring               	false
E-value threshold                   	0.001
Seq. id. threshold                  	0.8
Min alignment length                	0
Seq. id. mode                       	0
Alternative alignments              	0
Realign hits                        	false
Max reject                          	2147483647
Max accept                          	2147483647
Score bias                          	0
Gap open cost                       	nucl:5,aa:11
Gap extension cost                  	nucl:2,aa:1
Zdrop                               	40
Rescore mode                        	0
Remove hits by seq. id. and coverage	false
Sort results                        	0
Cluster mode                        	1
Max connected component depth       	1000
Similarity type                     	2
Single step clustering              	false
Cascaded clustering steps           	3
Cluster reassign                    	false
Remove temporary files              	false
Force restart with latest tmp       	false
MPI runner                          	
k-mers per sequence                 	21
Scale k-mers per sequence           	nucl:0.200,aa:0.000
Adjust k-mer length                 	false
Shift hash                          	67
Include only extendable             	false
Skip repeating k-mers               	false

Set cluster sensitivity to -s 1.000000
Connected component clustering produces less clusters in a single step clustering.
Please use --single-step-clusterkmermatcher Burkholderia_pseudo_mallei/3-pangenome_module/tmp_BUMA_112.All.prt_0.8-mode1-th32/BUMA_112.All.prt-msDB Burkholderia_pseudo_mallei/3-pangenome_module/tmp_BUMA_112.All.prt_0.8-mode1-th32/13527924849368876641/linclust/18320368438934295269/pref --sub-mat nucl:nucleotide.out,aa:blosum62.out --alph-size nucl:5,aa:13 --min-seq-id 0.8 --kmer-per-seq 21 --spaced-kmer-mode 1 --kmer-per-seq-scale nucl:0.200,aa:0.000 --adjust-kmer-len 0 --mask 0 --mask-lower-case 0 --cov-mode 0 -k 0 -c 0.8 --max-seq-len 65535 --hash-shift 67 --split-memory-limit 0 --include-only-extendable 0 --ignore-multi-kmer 0 --threads 32 --compressed 0 -v 3 

kmermatcher Burkholderia_pseudo_mallei/3-pangenome_module/tmp_BUMA_112.All.prt_0.8-mode1-th32/BUMA_112.All.prt-msDB Burkholderia_pseudo_mallei/3-pangenome_module/tmp_BUMA_112.All.prt_0.8-mode1-th32/13527924849368876641/linclust/18320368438934295269/pref --sub-mat nucl:nucleotide.out,aa:blosum62.out --alph-size nucl:5,aa:13 --min-seq-id 0.8 --kmer-per-seq 21 --spaced-kmer-mode 1 --kmer-per-seq-scale nucl:0.200,aa:0.000 --adjust-kmer-len 0 --mask 0 --mask-lower-case 0 --cov-mode 0 -k 0 -c 0.8 --max-seq-len 65535 --hash-shift 67 --split-memory-limit 0 --include-only-extendable 0 --ignore-multi-kmer 0 --threads 32 --compressed 0 -v 3 

Database size: 631563 type: Aminoacid
Reduced amino acid alphabet: (A S T) (C) (D B N) (E Q Z) (F Y) (G) (H) (I V) (K R) (L J M) (P) (W) (X) 

Generate k-mers list for 1 split
[=================================================================] 631.56K 0s 949ms
Sort kmer 0h 0m 0s 223ms
Sort by rep. sequence 0h 0m 0s 172ms
Time for fill: 0h 0m 0s 178ms
Time for merging to pref: 0h 0m 0s 3ms
Time for processing: 0h 0m 2s 650ms
rescorediagonal Burkholderia_pseudo_mallei/3-pangenome_module/tmp_BUMA_112.All.prt_0.8-mode1-th32/BUMA_112.All.prt-msDB Burkholderia_pseudo_mallei/3-pangenome_module/tmp_BUMA_112.All.prt_0.8-mode1-th32/BUMA_112.All.prt-msDB Burkholderia_pseudo_mallei/3-pangenome_module/tmp_BUMA_112.All.prt_0.8-mode1-th32/13527924849368876641/linclust/18320368438934295269/pref Burkholderia_pseudo_mallei/3-pangenome_module/tmp_BUMA_112.All.prt_0.8-mode1-th32/13527924849368876641/linclust/18320368438934295269/pref_rescore1 --sub-mat nucl:nucleotide.out,aa:blosum62.out --rescore-mode 0 --wrapped-scoring 0 --filter-hits 0 -e 0.001 -c 0.8 -a 0 --cov-mode 0 --min-seq-id 0.8 --min-aln-len 0 --seq-id-mode 0 --add-self-matches 0 --sort-results 0 --db-load-mode 0 --threads 32 --compressed 0 -v 3 

[=================================================================] 631.56K 0s 393ms
Time for merging to pref_rescore1: 0h 0m 0s 556ms
Time for processing: 0h 0m 1s 638ms
clust Burkholderia_pseudo_mallei/3-pangenome_module/tmp_BUMA_112.All.prt_0.8-mode1-th32/BUMA_112.All.prt-msDB Burkholderia_pseudo_mallei/3-pangenome_module/tmp_BUMA_112.All.prt_0.8-mode1-th32/13527924849368876641/linclust/18320368438934295269/pref_rescore1 Burkholderia_pseudo_mallei/3-pangenome_module/tmp_BUMA_112.All.prt_0.8-mode1-th32/13527924849368876641/linclust/18320368438934295269/pre_clust --cluster-mode 1 --max-iterations 1000 --similarity-type 2 --threads 32 --compressed 0 -v 3 

Clustering mode: Connected Component
[=================================================================] 631.56K 0s 250ms
Sort entries
Find missing connections
Found 993121 new connections.
Reconstruct initial order
[=================================================================] 631.56K 0s 249ms
Add missing connections
[=================================================================] 631.56K 0s 40ms

Time for read in: 0h 0m 0s 761ms
connected component mode
Total time: 0h 0m 0s 885ms

Size of the sequence database: 631563
Size of the alignment database: 631563
Number of clusters: 25426

Writing results 0h 0m 0s 45ms
Time for merging to pre_clust: 0h 0m 0s 2ms
Time for processing: 0h 0m 1s 167ms
createsubdb Burkholderia_pseudo_mallei/3-pangenome_module/tmp_BUMA_112.All.prt_0.8-mode1-th32/13527924849368876641/linclust/18320368438934295269/order_redundancy Burkholderia_pseudo_mallei/3-pangenome_module/tmp_BUMA_112.All.prt_0.8-mode1-th32/BUMA_112.All.prt-msDB Burkholderia_pseudo_mallei/3-pangenome_module/tmp_BUMA_112.All.prt_0.8-mode1-th32/13527924849368876641/linclust/18320368438934295269/input_step_redundancy -v 3 --subdb-mode 1 

Time for merging to input_step_redundancy: 0h 0m 0s 2ms
Time for processing: 0h 0m 0s 97ms
createsubdb Burkholderia_pseudo_mallei/3-pangenome_module/tmp_BUMA_112.All.prt_0.8-mode1-th32/13527924849368876641/linclust/18320368438934295269/order_redundancy Burkholderia_pseudo_mallei/3-pangenome_module/tmp_BUMA_112.All.prt_0.8-mode1-th32/13527924849368876641/linclust/18320368438934295269/pref Burkholderia_pseudo_mallei/3-pangenome_module/tmp_BUMA_112.All.prt_0.8-mode1-th32/13527924849368876641/linclust/18320368438934295269/pref_filter1 -v 3 --subdb-mode 1 

Time for merging to pref_filter1: 0h 0m 0s 8ms
Time for processing: 0h 0m 0s 181ms
filterdb Burkholderia_pseudo_mallei/3-pangenome_module/tmp_BUMA_112.All.prt_0.8-mode1-th32/13527924849368876641/linclust/18320368438934295269/pref_filter1 Burkholderia_pseudo_mallei/3-pangenome_module/tmp_BUMA_112.All.prt_0.8-mode1-th32/13527924849368876641/linclust/18320368438934295269/pref_filter2 --filter-file Burkholderia_pseudo_mallei/3-pangenome_module/tmp_BUMA_112.All.prt_0.8-mode1-th32/13527924849368876641/linclust/18320368438934295269/order_redundancy --threads 32 --compressed 0 -v 3 

Filtering using file(s)
[=================================================================] 25.43K 0s 26ms
Time for merging to pref_filter2: 0h 0m 0s 76ms
Time for processing: 0h 0m 0s 301ms
rescorediagonal Burkholderia_pseudo_mallei/3-pangenome_module/tmp_BUMA_112.All.prt_0.8-mode1-th32/13527924849368876641/linclust/18320368438934295269/input_step_redundancy Burkholderia_pseudo_mallei/3-pangenome_module/tmp_BUMA_112.All.prt_0.8-mode1-th32/13527924849368876641/linclust/18320368438934295269/input_step_redundancy Burkholderia_pseudo_mallei/3-pangenome_module/tmp_BUMA_112.All.prt_0.8-mode1-th32/13527924849368876641/linclust/18320368438934295269/pref_filter2 Burkholderia_pseudo_mallei/3-pangenome_module/tmp_BUMA_112.All.prt_0.8-mode1-th32/13527924849368876641/linclust/18320368438934295269/pref_rescore2 --sub-mat nucl:nucleotide.out,aa:blosum62.out --rescore-mode 1 --wrapped-scoring 0 --filter-hits 1 -e 0.001 -c 0.8 -a 0 --cov-mode 0 --min-seq-id 0.8 --min-aln-len 0 --seq-id-mode 0 --add-self-matches 0 --sort-results 0 --db-load-mode 0 --threads 32 --compressed 0 -v 3 

[=================================================================] 25.43K 0s 22ms
Time for merging to pref_rescore2: 0h 0m 0s 76ms
Time for processing: 0h 0m 0s 302ms
align Burkholderia_pseudo_mallei/3-pangenome_module/tmp_BUMA_112.All.prt_0.8-mode1-th32/13527924849368876641/linclust/18320368438934295269/input_step_redundancy Burkholderia_pseudo_mallei/3-pangenome_module/tmp_BUMA_112.All.prt_0.8-mode1-th32/13527924849368876641/linclust/18320368438934295269/input_step_redundancy Burkholderia_pseudo_mallei/3-pangenome_module/tmp_BUMA_112.All.prt_0.8-mode1-th32/13527924849368876641/linclust/18320368438934295269/pref_rescore2 Burkholderia_pseudo_mallei/3-pangenome_module/tmp_BUMA_112.All.prt_0.8-mode1-th32/13527924849368876641/linclust/18320368438934295269/aln --sub-mat nucl:nucleotide.out,aa:blosum62.out -a 0 --alignment-mode 3 --wrapped-scoring 0 -e 0.001 --min-seq-id 0.8 --min-aln-len 0 --seq-id-mode 0 --alt-ali 0 -c 0.8 --cov-mode 0 --max-seq-len 65535 --comp-bias-corr 0 --realign 0 --max-rejected 2147483647 --max-accept 2147483647 --add-self-matches 0 --db-load-mode 0 --pca 1 --pcb 1.5 --score-bias 0 --gap-open nucl:5,aa:11 --gap-extend nucl:2,aa:1 --zdrop 40 --threads 32 --compressed 0 -v 3 

Compute score, coverage and sequence identity
Query database size: 25426 type: Aminoacid
Target database size: 25426 type: Aminoacid
Calculation of alignments
[=================================================================] 25.43K 4s 186ms
Time for merging to aln: 0h 0m 0s 81ms

36400 alignments calculated.
33700 sequence pairs passed the thresholds (0.925824 of overall calculated).
1.325415 hits per query sequence.
Time for processing: 0h 0m 4s 538ms
clust Burkholderia_pseudo_mallei/3-pangenome_module/tmp_BUMA_112.All.prt_0.8-mode1-th32/13527924849368876641/linclust/18320368438934295269/input_step_redundancy Burkholderia_pseudo_mallei/3-pangenome_module/tmp_BUMA_112.All.prt_0.8-mode1-th32/13527924849368876641/linclust/18320368438934295269/aln Burkholderia_pseudo_mallei/3-pangenome_module/tmp_BUMA_112.All.prt_0.8-mode1-th32/13527924849368876641/linclust/18320368438934295269/clust --cluster-mode 1 --max-iterations 1000 --similarity-type 2 --threads 32 --compressed 0 -v 3 

Clustering mode: Connected Component
[=================================================================] 25.43K 0s 4ms
Sort entries
Find missing connections
Found 8274 new connections.
Reconstruct initial order
[=================================================================] 25.43K 0s 6ms
Add missing connections
[=================================================================] 25.43K 0s 1ms

Time for read in: 0h 0m 0s 35ms
connected component mode
Total time: 0h 0m 0s 56ms

Size of the sequence database: 25426
Size of the alignment database: 25426
Number of clusters: 19341

Writing results 0h 0m 0s 6ms
Time for merging to clust: 0h 0m 0s 6ms
Time for processing: 0h 0m 0s 95ms
mergeclusters Burkholderia_pseudo_mallei/3-pangenome_module/tmp_BUMA_112.All.prt_0.8-mode1-th32/BUMA_112.All.prt-msDB Burkholderia_pseudo_mallei/3-pangenome_module/tmp_BUMA_112.All.prt_0.8-mode1-th32/13527924849368876641/clu_redundancy Burkholderia_pseudo_mallei/3-pangenome_module/tmp_BUMA_112.All.prt_0.8-mode1-th32/13527924849368876641/linclust/18320368438934295269/pre_clust Burkholderia_pseudo_mallei/3-pangenome_module/tmp_BUMA_112.All.prt_0.8-mode1-th32/13527924849368876641/linclust/18320368438934295269/clust --threads 32 --compressed 0 -v 3 

Clustering step 1
[=================================================================] 25.43K 0s 181ms
Clustering step 2
[=================================================================] 19.34K 0s 200ms
Write merged clustering
[=================================================================] 631.56K 0s 353ms
Time for merging to clu_redundancy: 0h 0m 0s 72ms
Time for processing: 0h 0m 0s 673ms
createsubdb Burkholderia_pseudo_mallei/3-pangenome_module/tmp_BUMA_112.All.prt_0.8-mode1-th32/13527924849368876641/clu_redundancy Burkholderia_pseudo_mallei/3-pangenome_module/tmp_BUMA_112.All.prt_0.8-mode1-th32/BUMA_112.All.prt-msDB Burkholderia_pseudo_mallei/3-pangenome_module/tmp_BUMA_112.All.prt_0.8-mode1-th32/13527924849368876641/input_step_redundancy -v 3 --subdb-mode 1 

Time for merging to input_step_redundancy: 0h 0m 0s 2ms
Time for processing: 0h 0m 0s 109ms
prefilter Burkholderia_pseudo_mallei/3-pangenome_module/tmp_BUMA_112.All.prt_0.8-mode1-th32/13527924849368876641/input_step_redundancy Burkholderia_pseudo_mallei/3-pangenome_module/tmp_BUMA_112.All.prt_0.8-mode1-th32/13527924849368876641/input_step_redundancy Burkholderia_pseudo_mallei/3-pangenome_module/tmp_BUMA_112.All.prt_0.8-mode1-th32/13527924849368876641/pref_step0 --sub-mat nucl:nucleotide.out,aa:blosum62.out --seed-sub-mat nucl:nucleotide.out,aa:VTML80.out -s 1 -k 0 --k-score 2147483647 --alph-size nucl:5,aa:21 --max-seq-len 65535 --max-seqs 20 --split 0 --split-mode 2 --split-memory-limit 0 -c 0.8 --cov-mode 0 --comp-bias-corr 0 --diag-score 0 --exact-kmer-matching 0 --mask 1 --mask-lower-case 0 --min-ungapped-score 0 --add-self-matches 0 --spaced-kmer-mode 1 --db-load-mode 0 --pca 1 --pcb 1.5 --threads 32 --compressed 0 -v 3 

Query database size: 19341 type: Aminoacid
Estimated memory consumption: 1G
Target database size: 19341 type: Aminoacid
Index table k-mer threshold: 154 at k-mer size 6 
Index table: counting k-mers
[=================================================================] 19.34K 0s 172ms
Index table: Masked residues: 306420
Index table: fill
[=================================================================] 19.34K 0s 87ms
Index statistics
Entries:          2776427
DB size:          504 MB
Avg k-mer size:   0.043382
Top 10 k-mers
    YTGTPK	227
    GRDQIR	188
    AGSFGG	164
    RGREEI	164
    CAGVNI	164
    GYEHGT	157
    LTEFDP	150
    AYPDYP	140
    MDQRLQ	136
    DPVGLY	128
Time for index table init: 0h 0m 1s 331ms
Process prefiltering step 1 of 1

k-mer similarity threshold: 154
Starting prefiltering scores calculation (step 1 of 1)
Query db start 1 to 19341
Target db start 1 to 19341
[=================================================================] 19.34K 0s 220ms

1.793153 k-mers per position
1728 DB matches per sequence
0 overflows
0 queries produce too many hits (truncated result)
4 sequences passed prefiltering per query sequence
2 median result list length
0 sequences with 0 size result lists
Time for merging to pref_step0: 0h 0m 0s 75ms
Time for processing: 0h 0m 2s 303ms
align Burkholderia_pseudo_mallei/3-pangenome_module/tmp_BUMA_112.All.prt_0.8-mode1-th32/13527924849368876641/input_step_redundancy Burkholderia_pseudo_mallei/3-pangenome_module/tmp_BUMA_112.All.prt_0.8-mode1-th32/13527924849368876641/input_step_redundancy Burkholderia_pseudo_mallei/3-pangenome_module/tmp_BUMA_112.All.prt_0.8-mode1-th32/13527924849368876641/pref_step0 Burkholderia_pseudo_mallei/3-pangenome_module/tmp_BUMA_112.All.prt_0.8-mode1-th32/13527924849368876641/aln_step0 --sub-mat nucl:nucleotide.out,aa:blosum62.out -a 0 --alignment-mode 3 --wrapped-scoring 0 -e 0.001 --min-seq-id 0.8 --min-aln-len 0 --seq-id-mode 0 --alt-ali 0 -c 0.8 --cov-mode 0 --max-seq-len 65535 --comp-bias-corr 0 --realign 0 --max-rejected 2147483647 --max-accept 2147483647 --add-self-matches 0 --db-load-mode 0 --pca 1 --pcb 1.5 --score-bias 0 --gap-open nucl:5,aa:11 --gap-extend nucl:2,aa:1 --zdrop 40 --threads 32 --compressed 0 -v 3 

Compute score, coverage and sequence identity
Query database size: 19341 type: Aminoacid
Target database size: 19341 type: Aminoacid
Calculation of alignments
[=================================================================] 19.34K 12s 809ms
Time for merging to aln_step0: 0h 0m 0s 532ms

53126 alignments calculated.
36088 sequence pairs passed the thresholds (0.679291 of overall calculated).
1.865881 hits per query sequence.
Time for processing: 0h 0m 13s 870ms
clust Burkholderia_pseudo_mallei/3-pangenome_module/tmp_BUMA_112.All.prt_0.8-mode1-th32/13527924849368876641/input_step_redundancy Burkholderia_pseudo_mallei/3-pangenome_module/tmp_BUMA_112.All.prt_0.8-mode1-th32/13527924849368876641/aln_step0 Burkholderia_pseudo_mallei/3-pangenome_module/tmp_BUMA_112.All.prt_0.8-mode1-th32/13527924849368876641/clu_step0 --cluster-mode 1 --max-iterations 1000 --similarity-type 2 --threads 32 --compressed 0 -v 3 

Clustering mode: Connected Component
[=================================================================] 19.34K 0s 4ms
Sort entries
Find missing connections
Found 3693 new connections.
Reconstruct initial order
[=================================================================] 19.34K 0s 5ms
Add missing connections
[=================================================================] 19.34K 0s 1ms

Time for read in: 0h 0m 0s 35ms
connected component mode
Total time: 0h 0m 0s 64ms

Size of the sequence database: 19341
Size of the alignment database: 19341
Number of clusters: 17612

Writing results 0h 0m 0s 6ms
Time for merging to clu_step0: 0h 0m 0s 46ms
Time for processing: 0h 0m 0s 167ms
mergeclusters Burkholderia_pseudo_mallei/3-pangenome_module/tmp_BUMA_112.All.prt_0.8-mode1-th32/BUMA_112.All.prt-msDB Burkholderia_pseudo_mallei/3-pangenome_module/tmp_BUMA_112.All.prt_0.8-mode1-th32/BUMA_112.All.prt-clust-0.8-mode1-th32 Burkholderia_pseudo_mallei/3-pangenome_module/tmp_BUMA_112.All.prt_0.8-mode1-th32/13527924849368876641/clu_redundancy Burkholderia_pseudo_mallei/3-pangenome_module/tmp_BUMA_112.All.prt_0.8-mode1-th32/13527924849368876641/clu_step0 --threads 32 --compressed 0 -v 3 

Clustering step 1
[=================================================================] 19.34K 0s 129ms
Clustering step 2
[=================================================================] 17.61K 0s 277ms
Write merged clustering
[=================================================================] 631.56K 0s 426ms
Time for merging to BUMA_112.All.prt-clust-0.8-mode1-th32: 0h 0m 0s 71ms
Time for processing: 0h 0m 0s 890ms
createtsv Burkholderia_pseudo_mallei/3-pangenome_module/tmp_BUMA_112.All.prt_0.8-mode1-th32/BUMA_112.All.prt-msDB Burkholderia_pseudo_mallei/3-pangenome_module/tmp_BUMA_112.All.prt_0.8-mode1-th32/BUMA_112.All.prt-msDB Burkholderia_pseudo_mallei/3-pangenome_module/tmp_BUMA_112.All.prt_0.8-mode1-th32/BUMA_112.All.prt-clust-0.8-mode1-th32 Burkholderia_pseudo_mallei/3-pangenome_module/tmp_BUMA_112.All.prt_0.8-mode1-th32/BUMA_112.All.prt-clust-0.8-mode1-th32.tsv 

MMseqs Version:                 	12.113e3
First sequence as representative	false
Target column                   	1
Add full header                 	false
Sequence source                 	0
Database output                 	false
Threads                         	64
Compressed                      	0
Verbosity                       	3

Time for merging to BUMA_112.All.prt-clust-0.8-mode1-th32.tsv: 0h 0m 0s 634ms
Time for processing: 0h 0m 2s 883ms
End: 2021-11-12_15-30-45