[2021-11-12 13:27:32] :: INFO :: PanACoTA version 1.3.1-dev3
[2021-11-12 13:27:32] :: INFO :: Command used
 	 > PanACoTA prepare
[2021-11-12 13:27:32] :: INFO :: 'PanACoTA prepare' will run on 32 cores
[2021-11-12 13:27:32] :: INFO :: Metadata for all genomes will be saved in Burkholderia_pseudo_mallei/1-prepare_module/assembly_summary-13373,28450.txt
[2021-11-12 13:27:32] :: INFO :: From refseq: Downloading the following specified strain(s): 2013746877,Yap1,MSHR840,BPs110,9,2008724860,7894,23344,982,NAU35A-3,FDAARGOS_585,ATCC 23344,Turkey3,MSHR5864,Pasteur 52237,Bp1651,PHLS 112,FDAARGOS_588,Turkey6,3000015237,2013746777,FDAARGOS_592,Burk178-Type1,Turkey7,HBPUB10134a,vgh07,2008724758,2008724734,NCTC 10247,2010007509,2011756295,JHU,SAVP1,Ps133,BPs112,MSHR520,MSHR5858,3000015486,2002721276,NCTC 13178,BPs111,Turkey2,MSHR7929,FMH 23344,PB08298010,Bahrain1,Turkey5,2002734728,2002721171,BMQ,BPs114,vgh16R,3921,MSHR491,2002734306,India86-567-2,D286,1710b,MS,Turkey1,HNBP001,FMH,K96243,FDAARGOS_589,BPHN1,3000465972,BPs115,FDAARGOS_590,MSHR62,2011756189,VB976100,2002721123,NCTC 13179,MSHR1655,6,2002734299,MSHR668,VB29710,BPs123,Turkey10,TSV 48,576,Yap7,Turkey8,NCTC 10229,1026b,TSV202,UKMPMC2000,FDAARGOS_593,BPs122,1106a,MSHR2543,11,2013833057,HBPUB10303a,3000047530,FDAARGOS_594,MSHR146,Turkey4,2013746811,UKMR15,BPC006,B03,14M0960418,KC_1092,MSHR1435,BPs116,K42,2000031063,BSR, which also have: 
	-NCBI_species_taxid = 13373,28450 (Only those assembly levels: complete,chromosome). 
[2021-11-12 13:27:50] :: INFO :: Uncompressing genome files.
[2021-11-12 13:28:05] :: INFO :: 113 refseq genome(s) downloaded
[2021-11-12 13:28:05] :: INFO :: Total number of genomes for 13373,28450: 113
[2021-11-12 13:28:05] :: INFO :: Cutting genomes at each time there are at least 125 'N' in a row, and then, calculating genome size, number of contigs and L90.
[2021-11-12 13:28:19] :: INFO :: Sorting all 113 genomes by quality
[2021-11-12 13:28:19] :: INFO :: 113 genomes after quality control (0 discarded)
[2021-11-12 13:28:19] :: INFO :: Starting filtering steps according to distance between genomes.
[2021-11-12 13:28:19] :: INFO :: Sketching all genomes...
[2021-11-12 13:28:23] :: INFO :: Computing pairwise distances between all genomes
[2021-11-12 13:28:23] :: INFO :: Reading matrix from txt file generated by Mash.
[2021-11-12 13:28:23] :: INFO :: Saving matrix to npz file to be loaded quicker if needed later
[2021-11-12 13:28:23] :: INFO :: Starting iterative discarding steps
[2021-11-12 13:28:24] :: INFO :: Final number of genomes in dataset: 112
[2021-11-12 13:28:24] :: INFO :: Final list of genomes in the dataset: Burkholderia_pseudo_mallei/1-prepare_module/LSTINFO-13373,28450-filtered-1e-06_0.3.txt
[2021-11-12 13:28:24] :: INFO :: List of genomes discarded by minhash steps: Burkholderia_pseudo_mallei/1-prepare_module/discarded-by-minhash-13373,28450-1e-06_0.3.txt
[2021-11-12 13:28:24] :: INFO :: End
