[2021-03-29 16:37:07] :: INFO :: PanACoTA version 1.2.0-dev3
[2021-03-29 16:37:07] :: INFO :: Command used
 	 > PanACoTA prepare
[2021-03-29 16:37:07] :: INFO :: 'PanACoTA prepare' will run on 32 cores
[2021-03-29 16:37:07] :: INFO :: Metadata for all genomes will be saved in Streptococcus_pyogenes/1-prepare_module/assembly_summary-1314.txt
[2021-03-29 16:37:07] :: INFO :: Downloading all genomes for  NCBI_species_taxid = 1314 (Only those assembly levels: complete,chromosome). 
[2021-03-29 16:37:48] :: INFO :: Uncompressing genome files.
[2021-03-29 16:38:04] :: INFO :: 222 refseq genome(s) downloaded
[2021-03-29 16:38:04] :: INFO :: Total number of genomes for 1314: 222
[2021-03-29 16:38:04] :: INFO :: Cutting genomes at each time there are at least 125 'N' in a row, and then, calculating genome size, number of contigs and L90.
[2021-03-29 16:38:09] :: INFO :: Sorting all 222 genomes by quality
[2021-03-29 16:38:09] :: INFO :: 220 genomes after quality control (2 discarded)
[2021-03-29 16:38:09] :: INFO :: Starting filtering steps according to distance between genomes.
[2021-03-29 16:38:09] :: INFO :: Sketching all genomes...
[2021-03-29 16:38:10] :: INFO :: Computing pairwise distances between all genomes
[2021-03-29 16:38:11] :: INFO :: Reading matrix from txt file generated by Mash.
[2021-03-29 16:38:11] :: INFO :: Saving matrix to npz file to be loaded quicker if needed later
[2021-03-29 16:38:11] :: INFO :: Starting iterative discarding steps
[2021-03-29 16:38:11] :: INFO :: Final number of genomes in dataset: 219
[2021-03-29 16:38:12] :: INFO :: Final list of genomes in the dataset: Streptococcus_pyogenes/1-prepare_module/LSTINFO-1314-filtered-1e-06_0.06.txt
[2021-03-29 16:38:12] :: INFO :: List of genomes discarded by minhash steps: Streptococcus_pyogenes/1-prepare_module/discarded-by-minhash-1314-1e-06_0.06.txt
[2021-03-29 16:38:12] :: INFO :: End
