[2021-01-11 15:44:26,840] INFO - <Running module: Preprocess Data>
[2021-01-11 15:44:26,921] INFO - Converting block coords to infercars format
[2021-01-11 15:44:30,260] INFO - <Module finished: Preprocess Data>, elapsed 3.419437885284424 seconds
[2021-01-11 15:44:30,260] INFO - <Running module: Parsers and check strains>
[2021-01-11 15:44:30,576] INFO - Blocks count: 310
[2021-01-11 15:44:30,577] INFO - Unique one-copy blocks count: 110
[2021-01-11 15:44:30,612] INFO - NumExpr defaulting to 8 threads.
[2021-01-11 15:44:30,655] INFO - Mean block coverage: 91.78016811781445 %
[2021-01-11 15:44:30,710] INFO - Mean common one-copy blocks coverage: 82.22385142002759 %
[2021-01-11 15:44:30,755] INFO - Mean 80 % rate one-copy blocks coverage: 83.8724205509614 %
[2021-01-11 15:44:30,829] INFO - Strains in blocks file count: 50
[2021-01-11 15:44:30,832] INFO - Strains in tree leafs count: 50
[2021-01-11 15:44:30,832] INFO - Intersected strains count: 50
[2021-01-11 15:44:30,835] INFO - <Module finished: Parsers and check strains>, elapsed 0.5746269226074219 seconds
[2021-01-11 15:44:30,835] INFO - <Running module: Balanced rearrangements characters>
[2021-01-11 15:44:31,791] INFO - Breakpoint graph parsed
[2021-01-11 15:44:31,792] INFO - Edges in breakpoint graph: 152
[2021-01-11 15:44:31,795] INFO - Getting characters from breakpoint graph component, size=4
[2021-01-11 15:44:31,809] INFO - Getting characters from breakpoint graph component, size=6
[2021-01-11 15:44:31,837] INFO - Getting characters from breakpoint graph component, size=4
[2021-01-11 15:44:31,856] INFO - Getting characters from breakpoint graph component, size=4
[2021-01-11 15:44:31,869] INFO - Getting characters from breakpoint graph component, size=6
[2021-01-11 15:44:31,893] INFO - Getting characters from breakpoint graph component, size=4
[2021-01-11 15:44:31,909] INFO - Getting characters from breakpoint graph component, size=6
[2021-01-11 15:44:31,930] INFO - Getting characters from breakpoint graph component, size=6
[2021-01-11 15:44:31,936] INFO - Getting characters from breakpoint graph component, size=4
[2021-01-11 15:44:31,944] INFO - Getting characters from breakpoint graph component, size=6
[2021-01-11 15:44:31,951] INFO - Getting characters from breakpoint graph component, size=6
[2021-01-11 15:44:31,956] INFO - Getting characters from breakpoint graph component, size=4
[2021-01-11 15:44:31,960] INFO - Getting characters from breakpoint graph component, size=4
[2021-01-11 15:44:31,974] INFO - Getting characters from breakpoint graph component, size=4
[2021-01-11 15:44:31,977] INFO - <Module finished: Balanced rearrangements characters>, elapsed 1.1420981884002686 seconds
[2021-01-11 15:44:31,978] INFO - <Running module: Balanced rearrangements stats>
[2021-01-11 15:44:31,978] INFO - Counting distances between unique one-copy blocks, may take a while
[2021-01-11 15:44:35,119] INFO - Got characters after breakpoint graph consideration: 34
[2021-01-11 15:44:35,119] INFO - Percentage of consistent rearrangements (balanced): 85.29411764705883 %
[2021-01-11 15:44:35,172] INFO - <Module finished: Balanced rearrangements stats>, elapsed 3.1943628787994385 seconds
[2021-01-11 15:44:35,172] INFO - <Running module: Balanced rearrangements output>
[2021-01-11 15:44:40,156] INFO - <Module finished: Balanced rearrangements output>, elapsed 4.983565092086792 seconds
[2021-01-11 15:44:40,156] INFO - <Running module: Unbalanced rearrangements characters>
[2021-01-11 15:44:40,160] INFO - <Module finished: Unbalanced rearrangements characters>, elapsed 0.003943204879760742 seconds
[2021-01-11 15:44:40,160] INFO - <Running module: Unbalanced rearrangements stats and clustering>
[2021-01-11 15:44:40,292] INFO - Got characters after copy number variation consideration: 310
[2021-01-11 15:44:40,293] INFO - Percentage of consistent rearrangements (unbalanced): 46.774193548387096 %
[2021-01-11 15:44:40,293] INFO - Counting distances between non-convex character blocks, may take a while
[2021-01-11 15:44:47,224] INFO - Jaccard index matrix constructed
[2021-01-11 15:44:52,642] INFO - Proximity matrix constructed
[2021-01-11 15:44:52,660] INFO - Clustring is done
[2021-01-11 15:44:52,660] INFO - Clusters: 84
[2021-01-11 15:44:52,767] INFO - <Module finished: Unbalanced rearrangements stats and clustering>, elapsed 12.606976985931396 seconds
[2021-01-11 15:44:52,767] INFO - <Running module: Unbalanced rearrangements output>
[2021-01-11 15:45:19,322] INFO - <Module finished: Unbalanced rearrangements output>, elapsed 26.554718017578125 seconds
[2021-01-11 15:45:19,322] INFO - Total elapsed time: 52.48381590843201 seconds
