[2021-05-06 13:28:42,984] INFO - <Running module: Preprocess Data>
[2021-05-06 13:28:42,995] INFO - Converting block coords to infercars format
[2021-05-06 13:28:43,583] INFO - <Module finished: Preprocess Data>, elapsed 0.59869384765625 seconds
[2021-05-06 13:28:43,583] INFO - <Running module: Parsers and check strains>
[2021-05-06 13:28:43,940] INFO - Blocks count: 167
[2021-05-06 13:28:43,940] INFO - Unique one-copy blocks count: 122
[2021-05-06 13:28:43,949] INFO - NumExpr defaulting to 8 threads.
[2021-05-06 13:28:43,958] INFO - Mean block coverage: 75.76504779903762 %
[2021-05-06 13:28:43,968] INFO - Mean common one-copy blocks coverage: 71.65201399083766 %
[2021-05-06 13:28:43,977] INFO - Mean 80 % rate one-copy blocks coverage: 72.371078584053 %
[2021-05-06 13:28:43,992] INFO - Strains in blocks file count: 22
[2021-05-06 13:28:43,992] INFO - Strains in tree leafs count: 22
[2021-05-06 13:28:43,992] INFO - Intersected strains count: 22
[2021-05-06 13:28:43,993] INFO - <Module finished: Parsers and check strains>, elapsed 0.40952014923095703 seconds
[2021-05-06 13:28:43,993] INFO - <Running module: Balanced rearrangements characters>
[2021-05-06 13:28:44,195] INFO - Breakpoint graph parsed
[2021-05-06 13:28:44,197] INFO - Edges in breakpoint graph: 136
[2021-05-06 13:28:44,198] INFO - Getting characters from breakpoint graph component, size=4
[2021-05-06 13:28:44,205] INFO - Getting characters from breakpoint graph component, size=4
[2021-05-06 13:28:44,212] INFO - Getting characters from breakpoint graph component, size=4
[2021-05-06 13:28:44,222] INFO - Getting characters from breakpoint graph component, size=4
[2021-05-06 13:28:44,236] INFO - Getting characters from breakpoint graph component, size=4
[2021-05-06 13:28:44,240] INFO - Getting characters from breakpoint graph component, size=4
[2021-05-06 13:28:44,251] INFO - Getting characters from breakpoint graph component, size=4
[2021-05-06 13:28:44,253] INFO - <Module finished: Balanced rearrangements characters>, elapsed 0.26021289825439453 seconds
[2021-05-06 13:28:44,253] INFO - <Running module: Balanced rearrangements stats>
[2021-05-06 13:28:44,253] INFO - Counting distances between unique one-copy blocks, may take a while
[2021-05-06 13:28:45,617] INFO - Got characters after breakpoint graph consideration: 14
[2021-05-06 13:28:45,617] INFO - Percentage of consistent rearrangements (balanced): 100.0 %
[2021-05-06 13:28:45,636] INFO - <Module finished: Balanced rearrangements stats>, elapsed 1.382417917251587 seconds
[2021-05-06 13:28:45,636] INFO - <Running module: Balanced rearrangements output>
[2021-05-06 13:28:46,859] INFO - <Module finished: Balanced rearrangements output>, elapsed 1.2229070663452148 seconds
[2021-05-06 13:28:46,859] INFO - <Running module: Unbalanced rearrangements characters>
[2021-05-06 13:28:46,860] INFO - <Module finished: Unbalanced rearrangements characters>, elapsed 0.0012969970703125 seconds
[2021-05-06 13:28:46,861] INFO - <Running module: Unbalanced rearrangements stats and clustering>
[2021-05-06 13:28:46,888] INFO - Got characters after copy number variation consideration: 167
[2021-05-06 13:28:46,889] INFO - Percentage of consistent rearrangements (unbalanced): 81.3826891671203 %
[2021-05-06 13:28:46,889] INFO - Counting distances between non-convex character blocks, may take a while
[2021-05-06 13:28:48,519] INFO - Jaccard index matrix constructed
[2021-05-06 13:28:49,747] INFO - Proximity matrix constructed
[2021-05-06 13:28:49,760] INFO - Clustring is done
[2021-05-06 13:28:49,760] INFO - Clusters: 37
[2021-05-06 13:28:49,782] INFO - <Module finished: Unbalanced rearrangements stats and clustering>, elapsed 2.921563148498535 seconds
[2021-05-06 13:28:49,782] INFO - <Running module: Unbalanced rearrangements output>
[2021-05-06 13:28:52,216] INFO - <Module finished: Unbalanced rearrangements output>, elapsed 2.433401107788086 seconds
[2021-05-06 13:28:52,216] INFO - <Running module: Visualize neighbours output>
[2021-05-06 13:28:57,602] INFO - <Module finished: Visualize neighbours output>, elapsed 5.386481285095215 seconds
[2021-05-06 13:28:57,603] INFO - Total elapsed time: 14.619152069091797 seconds
