createdb Burkholderia_mallei/2-annotate_module/Proteins/BUMA_32.All.prt Burkholderia_mallei/3-pangenome_module/tmp_BUMA_32.All.prt_0.8-mode1-th32/BUMA_32.All.prt-msDB 

MMseqs Version:       	12.113e3
Database type         	0
Shuffle input database	true
Createdb mode         	0
Write lookup file     	1
Offset of numeric ids 	0
Compressed            	0
Verbosity             	3

Converting sequences
[===============
Time for merging to BUMA_32.All.prt-msDB_h: 0h 0m 0s 150ms
Time for merging to BUMA_32.All.prt-msDB: 0h 0m 0s 300ms
Database type: Aminoacid
Time for processing: 0h 0m 1s 785ms
cluster Burkholderia_mallei/3-pangenome_module/tmp_BUMA_32.All.prt_0.8-mode1-th32/BUMA_32.All.prt-msDB Burkholderia_mallei/3-pangenome_module/tmp_BUMA_32.All.prt_0.8-mode1-th32/BUMA_32.All.prt-clust-0.8-mode1-th32 Burkholderia_mallei/3-pangenome_module/tmp_BUMA_32.All.prt_0.8-mode1-th32 --min-seq-id 0.8 --threads 32 --cluster-mode 1 

MMseqs Version:                     	12.113e3
Substitution matrix                 	nucl:nucleotide.out,aa:blosum62.out
Seed substitution matrix            	nucl:nucleotide.out,aa:VTML80.out
Sensitivity                         	4
k-mer length                        	0
k-score                             	2147483647
Alphabet size                       	nucl:5,aa:21
Max sequence length                 	65535
Max results per query               	20
Split database                      	0
Split mode                          	2
Split memory limit                  	0
Coverage threshold                  	0.8
Coverage mode                       	0
Compositional bias                  	1
Diagonal scoring                    	true
Exact k-mer matching                	0
Mask residues                       	1
Mask lower case residues            	0
Minimum diagonal score              	15
Include identical seq. id.          	false
Spaced k-mers                       	1
Preload mode                        	0
Pseudo count a                      	1
Pseudo count b                      	1.5
Spaced k-mer pattern                	
Local temporary path                	
Threads                             	32
Compressed                          	0
Verbosity                           	3
Add backtrace                       	false
Alignment mode                      	3
Allow wrapped scoring               	false
E-value threshold                   	0.001
Seq. id. threshold                  	0.8
Min alignment length                	0
Seq. id. mode                       	0
Alternative alignments              	0
Realign hits                        	false
Max reject                          	2147483647
Max accept                          	2147483647
Score bias                          	0
Gap open cost                       	nucl:5,aa:11
Gap extension cost                  	nucl:2,aa:1
Zdrop                               	40
Rescore mode                        	0
Remove hits by seq. id. and coverage	false
Sort results                        	0
Cluster mode                        	1
Max connected component depth       	1000
Similarity type                     	2
Single step clustering              	false
Cascaded clustering steps           	3
Cluster reassign                    	false
Remove temporary files              	false
Force restart with latest tmp       	false
MPI runner                          	
k-mers per sequence                 	21
Scale k-mers per sequence           	nucl:0.200,aa:0.000
Adjust k-mer length                 	false
Shift hash                          	67
Include only extendable             	false
Skip repeating k-mers               	false

Set cluster sensitivity to -s 1.000000
Connected component clustering produces less clusters in a single step clustering.
Please use --single-step-clusterkmermatcher Burkholderia_mallei/3-pangenome_module/tmp_BUMA_32.All.prt_0.8-mode1-th32/BUMA_32.All.prt-msDB Burkholderia_mallei/3-pangenome_module/tmp_BUMA_32.All.prt_0.8-mode1-th32/8272550216387111045/linclust/11753808535148462442/pref --sub-mat nucl:nucleotide.out,aa:blosum62.out --alph-size nucl:5,aa:13 --min-seq-id 0.8 --kmer-per-seq 21 --spaced-kmer-mode 1 --kmer-per-seq-scale nucl:0.200,aa:0.000 --adjust-kmer-len 0 --mask 0 --mask-lower-case 0 --cov-mode 0 -k 0 -c 0.8 --max-seq-len 65535 --hash-shift 67 --split-memory-limit 0 --include-only-extendable 0 --ignore-multi-kmer 0 --threads 32 --compressed 0 -v 3 

kmermatcher Burkholderia_mallei/3-pangenome_module/tmp_BUMA_32.All.prt_0.8-mode1-th32/BUMA_32.All.prt-msDB Burkholderia_mallei/3-pangenome_module/tmp_BUMA_32.All.prt_0.8-mode1-th32/8272550216387111045/linclust/11753808535148462442/pref --sub-mat nucl:nucleotide.out,aa:blosum62.out --alph-size nucl:5,aa:13 --min-seq-id 0.8 --kmer-per-seq 21 --spaced-kmer-mode 1 --kmer-per-seq-scale nucl:0.200,aa:0.000 --adjust-kmer-len 0 --mask 0 --mask-lower-case 0 --cov-mode 0 -k 0 -c 0.8 --max-seq-len 65535 --hash-shift 67 --split-memory-limit 0 --include-only-extendable 0 --ignore-multi-kmer 0 --threads 32 --compressed 0 -v 3 

Database size: 155925 type: Aminoacid
Reduced amino acid alphabet: (A S T) (C) (D B N) (E Q Z) (F Y) (G) (H) (I V) (K R) (L J M) (P) (W) (X) 

Generate k-mers list for 1 split
[=================================================================] 155.93K 0s 192ms
Sort kmer 0h 0m 0s 97ms
Sort by rep. sequence 0h 0m 0s 77ms
Time for fill: 0h 0m 0s 21ms
Time for merging to pref: 0h 0m 0s 1ms
Time for processing: 0h 0m 0s 552ms
rescorediagonal Burkholderia_mallei/3-pangenome_module/tmp_BUMA_32.All.prt_0.8-mode1-th32/BUMA_32.All.prt-msDB Burkholderia_mallei/3-pangenome_module/tmp_BUMA_32.All.prt_0.8-mode1-th32/BUMA_32.All.prt-msDB Burkholderia_mallei/3-pangenome_module/tmp_BUMA_32.All.prt_0.8-mode1-th32/8272550216387111045/linclust/11753808535148462442/pref Burkholderia_mallei/3-pangenome_module/tmp_BUMA_32.All.prt_0.8-mode1-th32/8272550216387111045/linclust/11753808535148462442/pref_rescore1 --sub-mat nucl:nucleotide.out,aa:blosum62.out --rescore-mode 0 --wrapped-scoring 0 --filter-hits 0 -e 0.001 -c 0.8 -a 0 --cov-mode 0 --min-seq-id 0.8 --min-aln-len 0 --seq-id-mode 0 --add-self-matches 0 --sort-results 0 --db-load-mode 0 --threads 32 --compressed 0 -v 3 

[=================================================================] 155.93K 0s 37ms
Time for merging to pref_rescore1: 0h 0m 0s 204ms
Time for processing: 0h 0m 1s 344ms
clust Burkholderia_mallei/3-pangenome_module/tmp_BUMA_32.All.prt_0.8-mode1-th32/BUMA_32.All.prt-msDB Burkholderia_mallei/3-pangenome_module/tmp_BUMA_32.All.prt_0.8-mode1-th32/8272550216387111045/linclust/11753808535148462442/pref_rescore1 Burkholderia_mallei/3-pangenome_module/tmp_BUMA_32.All.prt_0.8-mode1-th32/8272550216387111045/linclust/11753808535148462442/pre_clust --cluster-mode 1 --max-iterations 1000 --similarity-type 2 --threads 32 --compressed 0 -v 3 

Clustering mode: Connected Component
[=================================================================] 155.93K 0s 13ms
Sort entries
Find missing connections
Found 174299 new connections.
Reconstruct initial order
[=================================================================] 155.93K 0s 14ms
Add missing connections
[=================================================================] 155.93K 0s 5ms

Time for read in: 0h 0m 0s 107ms
connected component mode
Total time: 0h 0m 0s 146ms

Size of the sequence database: 155925
Size of the alignment database: 155925
Number of clusters: 6084

Writing results 0h 0m 0s 6ms
Time for merging to pre_clust: 0h 0m 0s 1ms
Time for processing: 0h 0m 0s 266ms
createsubdb Burkholderia_mallei/3-pangenome_module/tmp_BUMA_32.All.prt_0.8-mode1-th32/8272550216387111045/linclust/11753808535148462442/order_redundancy Burkholderia_mallei/3-pangenome_module/tmp_BUMA_32.All.prt_0.8-mode1-th32/BUMA_32.All.prt-msDB Burkholderia_mallei/3-pangenome_module/tmp_BUMA_32.All.prt_0.8-mode1-th32/8272550216387111045/linclust/11753808535148462442/input_step_redundancy -v 3 --subdb-mode 1 

Time for merging to input_step_redundancy: 0h 0m 0s 1ms
Time for processing: 0h 0m 0s 30ms
createsubdb Burkholderia_mallei/3-pangenome_module/tmp_BUMA_32.All.prt_0.8-mode1-th32/8272550216387111045/linclust/11753808535148462442/order_redundancy Burkholderia_mallei/3-pangenome_module/tmp_BUMA_32.All.prt_0.8-mode1-th32/8272550216387111045/linclust/11753808535148462442/pref Burkholderia_mallei/3-pangenome_module/tmp_BUMA_32.All.prt_0.8-mode1-th32/8272550216387111045/linclust/11753808535148462442/pref_filter1 -v 3 --subdb-mode 1 

Time for merging to pref_filter1: 0h 0m 0s 11ms
Time for processing: 0h 0m 0s 51ms
filterdb Burkholderia_mallei/3-pangenome_module/tmp_BUMA_32.All.prt_0.8-mode1-th32/8272550216387111045/linclust/11753808535148462442/pref_filter1 Burkholderia_mallei/3-pangenome_module/tmp_BUMA_32.All.prt_0.8-mode1-th32/8272550216387111045/linclust/11753808535148462442/pref_filter2 --filter-file Burkholderia_mallei/3-pangenome_module/tmp_BUMA_32.All.prt_0.8-mode1-th32/8272550216387111045/linclust/11753808535148462442/order_redundancy --threads 32 --compressed 0 -v 3 

Filtering using file(s)
[=================================================================] 6.08K 0s 25ms
Time for merging to pref_filter2: 0h 0m 0s 65ms
Time for processing: 0h 0m 0s 328ms
rescorediagonal Burkholderia_mallei/3-pangenome_module/tmp_BUMA_32.All.prt_0.8-mode1-th32/8272550216387111045/linclust/11753808535148462442/input_step_redundancy Burkholderia_mallei/3-pangenome_module/tmp_BUMA_32.All.prt_0.8-mode1-th32/8272550216387111045/linclust/11753808535148462442/input_step_redundancy Burkholderia_mallei/3-pangenome_module/tmp_BUMA_32.All.prt_0.8-mode1-th32/8272550216387111045/linclust/11753808535148462442/pref_filter2 Burkholderia_mallei/3-pangenome_module/tmp_BUMA_32.All.prt_0.8-mode1-th32/8272550216387111045/linclust/11753808535148462442/pref_rescore2 --sub-mat nucl:nucleotide.out,aa:blosum62.out --rescore-mode 1 --wrapped-scoring 0 --filter-hits 1 -e 0.001 -c 0.8 -a 0 --cov-mode 0 --min-seq-id 0.8 --min-aln-len 0 --seq-id-mode 0 --add-self-matches 0 --sort-results 0 --db-load-mode 0 --threads 32 --compressed 0 -v 3 

[=================================================================] 6.08K 0s 15ms
Time for merging to pref_rescore2: 0h 0m 0s 35ms
Time for processing: 0h 0m 0s 197ms
align Burkholderia_mallei/3-pangenome_module/tmp_BUMA_32.All.prt_0.8-mode1-th32/8272550216387111045/linclust/11753808535148462442/input_step_redundancy Burkholderia_mallei/3-pangenome_module/tmp_BUMA_32.All.prt_0.8-mode1-th32/8272550216387111045/linclust/11753808535148462442/input_step_redundancy Burkholderia_mallei/3-pangenome_module/tmp_BUMA_32.All.prt_0.8-mode1-th32/8272550216387111045/linclust/11753808535148462442/pref_rescore2 Burkholderia_mallei/3-pangenome_module/tmp_BUMA_32.All.prt_0.8-mode1-th32/8272550216387111045/linclust/11753808535148462442/aln --sub-mat nucl:nucleotide.out,aa:blosum62.out -a 0 --alignment-mode 3 --wrapped-scoring 0 -e 0.001 --min-seq-id 0.8 --min-aln-len 0 --seq-id-mode 0 --alt-ali 0 -c 0.8 --cov-mode 0 --max-seq-len 65535 --comp-bias-corr 0 --realign 0 --max-rejected 2147483647 --max-accept 2147483647 --add-self-matches 0 --db-load-mode 0 --pca 1 --pcb 1.5 --score-bias 0 --gap-open nucl:5,aa:11 --gap-extend nucl:2,aa:1 --zdrop 40 --threads 32 --compressed 0 -v 3 

Compute score, coverage and sequence identity
Query database size: 6084 type: Aminoacid
Target database size: 6084 type: Aminoacid
Calculation of alignments
[=================================================================] 6.08K 0s 846ms
Time for merging to aln: 0h 0m 0s 42ms

6649 alignments calculated.
6450 sequence pairs passed the thresholds (0.970071 of overall calculated).
1.060158 hits per query sequence.
Time for processing: 0h 0m 1s 2ms
clust Burkholderia_mallei/3-pangenome_module/tmp_BUMA_32.All.prt_0.8-mode1-th32/8272550216387111045/linclust/11753808535148462442/input_step_redundancy Burkholderia_mallei/3-pangenome_module/tmp_BUMA_32.All.prt_0.8-mode1-th32/8272550216387111045/linclust/11753808535148462442/aln Burkholderia_mallei/3-pangenome_module/tmp_BUMA_32.All.prt_0.8-mode1-th32/8272550216387111045/linclust/11753808535148462442/clust --cluster-mode 1 --max-iterations 1000 --similarity-type 2 --threads 32 --compressed 0 -v 3 

Clustering mode: Connected Component
[=================================================================] 6.08K 0s 7ms
Sort entries
Find missing connections
Found 366 new connections.
Reconstruct initial order
[=================================================================] 6.08K 0s 4ms
Add missing connections
[=================================================================] 6.08K 0s 0ms

Time for read in: 0h 0m 0s 62ms
connected component mode
Total time: 0h 0m 0s 96ms

Size of the sequence database: 6084
Size of the alignment database: 6084
Number of clusters: 5755

Writing results 0h 0m 0s 1ms
Time for merging to clust: 0h 0m 0s 1ms
Time for processing: 0h 0m 0s 181ms
mergeclusters Burkholderia_mallei/3-pangenome_module/tmp_BUMA_32.All.prt_0.8-mode1-th32/BUMA_32.All.prt-msDB Burkholderia_mallei/3-pangenome_module/tmp_BUMA_32.All.prt_0.8-mode1-th32/8272550216387111045/clu_redundancy Burkholderia_mallei/3-pangenome_module/tmp_BUMA_32.All.prt_0.8-mode1-th32/8272550216387111045/linclust/11753808535148462442/pre_clust Burkholderia_mallei/3-pangenome_module/tmp_BUMA_32.All.prt_0.8-mode1-th32/8272550216387111045/linclust/11753808535148462442/clust --threads 32 --compressed 0 -v 3 

Clustering step 1
[=================================================================] 6.08K 0s 22ms
Clustering step 2
[=================================================================] 5.76K 0s 46ms
Write merged clustering
[=================================================================] 155.93K 0s 130ms
Time for merging to clu_redundancy: 0h 0m 0s 112ms
Time for processing: 0h 0m 0s 638ms
createsubdb Burkholderia_mallei/3-pangenome_module/tmp_BUMA_32.All.prt_0.8-mode1-th32/8272550216387111045/clu_redundancy Burkholderia_mallei/3-pangenome_module/tmp_BUMA_32.All.prt_0.8-mode1-th32/BUMA_32.All.prt-msDB Burkholderia_mallei/3-pangenome_module/tmp_BUMA_32.All.prt_0.8-mode1-th32/8272550216387111045/input_step_redundancy -v 3 --subdb-mode 1 

Time for merging to input_step_redundancy: 0h 0m 0s 1ms
Time for processing: 0h 0m 0s 26ms
prefilter Burkholderia_mallei/3-pangenome_module/tmp_BUMA_32.All.prt_0.8-mode1-th32/8272550216387111045/input_step_redundancy Burkholderia_mallei/3-pangenome_module/tmp_BUMA_32.All.prt_0.8-mode1-th32/8272550216387111045/input_step_redundancy Burkholderia_mallei/3-pangenome_module/tmp_BUMA_32.All.prt_0.8-mode1-th32/8272550216387111045/pref_step0 --sub-mat nucl:nucleotide.out,aa:blosum62.out --seed-sub-mat nucl:nucleotide.out,aa:VTML80.out -s 1 -k 0 --k-score 2147483647 --alph-size nucl:5,aa:21 --max-seq-len 65535 --max-seqs 20 --split 0 --split-mode 2 --split-memory-limit 0 -c 0.8 --cov-mode 0 --comp-bias-corr 0 --diag-score 0 --exact-kmer-matching 0 --mask 1 --mask-lower-case 0 --min-ungapped-score 0 --add-self-matches 0 --spaced-kmer-mode 1 --db-load-mode 0 --pca 1 --pcb 1.5 --threads 32 --compressed 0 -v 3 

Query database size: 5755 type: Aminoacid
Estimated memory consumption: 998M
Target database size: 5755 type: Aminoacid
Index table k-mer threshold: 154 at k-mer size 6 
Index table: counting k-mers
[=================================================================] 5.76K 0s 42ms
Index table: Masked residues: 39844
Index table: fill
[=================================================================] 5.76K 0s 15ms
Index statistics
Entries:          750322
DB size:          492 MB
Avg k-mer size:   0.011724
Top 10 k-mers
    MGRPKP	28
    DAHIDT	28
    GYTNPG	27
    GPGGTL	27
    SRDDYM	27
    QPLRRQ	27
    VHSPDR	27
    PYDLQR	27
    KHITHV	27
    DTVPVH	26
Time for index table init: 0h 0m 0s 623ms
Process prefiltering step 1 of 1

k-mer similarity threshold: 154
Starting prefiltering scores calculation (step 1 of 1)
Query db start 1 to 5755
Target db start 1 to 5755
[=================================================================] 5.76K 0s 30ms

1.641324 k-mers per position
232 DB matches per sequence
0 overflows
0 queries produce too many hits (truncated result)
2 sequences passed prefiltering per query sequence
1 median result list length
0 sequences with 0 size result lists
Time for merging to pref_step0: 0h 0m 0s 61ms
Time for processing: 0h 0m 1s 118ms
align Burkholderia_mallei/3-pangenome_module/tmp_BUMA_32.All.prt_0.8-mode1-th32/8272550216387111045/input_step_redundancy Burkholderia_mallei/3-pangenome_module/tmp_BUMA_32.All.prt_0.8-mode1-th32/8272550216387111045/input_step_redundancy Burkholderia_mallei/3-pangenome_module/tmp_BUMA_32.All.prt_0.8-mode1-th32/8272550216387111045/pref_step0 Burkholderia_mallei/3-pangenome_module/tmp_BUMA_32.All.prt_0.8-mode1-th32/8272550216387111045/aln_step0 --sub-mat nucl:nucleotide.out,aa:blosum62.out -a 0 --alignment-mode 3 --wrapped-scoring 0 -e 0.001 --min-seq-id 0.8 --min-aln-len 0 --seq-id-mode 0 --alt-ali 0 -c 0.8 --cov-mode 0 --max-seq-len 65535 --comp-bias-corr 0 --realign 0 --max-rejected 2147483647 --max-accept 2147483647 --add-self-matches 0 --db-load-mode 0 --pca 1 --pcb 1.5 --score-bias 0 --gap-open nucl:5,aa:11 --gap-extend nucl:2,aa:1 --zdrop 40 --threads 32 --compressed 0 -v 3 

Compute score, coverage and sequence identity
Query database size: 5755 type: Aminoacid
Target database size: 5755 type: Aminoacid
Calculation of alignments
[=================================================================] 5.76K 0s 310ms
Time for merging to aln_step0: 0h 0m 0s 33ms

9314 alignments calculated.
6590 sequence pairs passed the thresholds (0.707537 of overall calculated).
1.145091 hits per query sequence.
Time for processing: 0h 0m 0s 515ms
clust Burkholderia_mallei/3-pangenome_module/tmp_BUMA_32.All.prt_0.8-mode1-th32/8272550216387111045/input_step_redundancy Burkholderia_mallei/3-pangenome_module/tmp_BUMA_32.All.prt_0.8-mode1-th32/8272550216387111045/aln_step0 Burkholderia_mallei/3-pangenome_module/tmp_BUMA_32.All.prt_0.8-mode1-th32/8272550216387111045/clu_step0 --cluster-mode 1 --max-iterations 1000 --similarity-type 2 --threads 32 --compressed 0 -v 3 

Clustering mode: Connected Component
[=================================================================] 5.76K 0s 9ms
Sort entries
Find missing connections
Found 1 new connections.
Reconstruct initial order
[=================================================================] 5.76K 0s 5ms
Add missing connections
[=================================================================] 5.76K 0s 0ms

Time for read in: 0h 0m 0s 68ms
connected component mode
Total time: 0h 0m 0s 104ms

Size of the sequence database: 5755
Size of the alignment database: 5755
Number of clusters: 5616

Writing results 0h 0m 0s 1ms
Time for merging to clu_step0: 0h 0m 0s 6ms
Time for processing: 0h 0m 1s 797ms
mergeclusters Burkholderia_mallei/3-pangenome_module/tmp_BUMA_32.All.prt_0.8-mode1-th32/BUMA_32.All.prt-msDB Burkholderia_mallei/3-pangenome_module/tmp_BUMA_32.All.prt_0.8-mode1-th32/BUMA_32.All.prt-clust-0.8-mode1-th32 Burkholderia_mallei/3-pangenome_module/tmp_BUMA_32.All.prt_0.8-mode1-th32/8272550216387111045/clu_redundancy Burkholderia_mallei/3-pangenome_module/tmp_BUMA_32.All.prt_0.8-mode1-th32/8272550216387111045/clu_step0 --threads 32 --compressed 0 -v 3 

Clustering step 1
[=================================================================] 5.76K 0s 18ms
Clustering step 2
[=================================================================] 5.62K 0s 44ms
Write merged clustering
[=================================================================] 155.93K 0s 122ms
Time for merging to BUMA_32.All.prt-clust-0.8-mode1-th32: 0h 0m 0s 76ms
Time for processing: 0h 0m 0s 279ms
createtsv Burkholderia_mallei/3-pangenome_module/tmp_BUMA_32.All.prt_0.8-mode1-th32/BUMA_32.All.prt-msDB Burkholderia_mallei/3-pangenome_module/tmp_BUMA_32.All.prt_0.8-mode1-th32/BUMA_32.All.prt-msDB Burkholderia_mallei/3-pangenome_module/tmp_BUMA_32.All.prt_0.8-mode1-th32/BUMA_32.All.prt-clust-0.8-mode1-th32 Burkholderia_mallei/3-pangenome_module/tmp_BUMA_32.All.prt_0.8-mode1-th32/BUMA_32.All.prt-clust-0.8-mode1-th32.tsv 

MMseqs Version:                 	12.113e3
First sequence as representative	false
Target column                   	1
Add full header                 	false
Sequence source                 	0
Database output                 	false
Threads                         	64
Compressed                      	0
Verbosity                       	3

Time for merging to BUMA_32.All.prt-clust-0.8-mode1-th32.tsv: 0h 0m 0s 180ms
Time for processing: 0h 0m 0s 396ms
End: 2021-05-28_17-25-45