[2021-05-28 17:04:41] :: INFO :: PanACoTA version 1.3.0
[2021-05-28 17:04:41] :: INFO :: Command used
 	 > PanACoTA prepare
[2021-05-28 17:04:41] :: INFO :: 'PanACoTA prepare' will run on 32 cores
[2021-05-28 17:04:41] :: INFO :: Metadata for all genomes will be saved in Burkholderia_mallei/1-prepare_module/assembly_summary-13373.txt
[2021-05-28 17:04:41] :: INFO :: Downloading all genomes for  NCBI_species_taxid = 13373 (Only those assembly levels: complete,chromosome). 
[2021-05-28 17:04:59] :: INFO :: Uncompressing genome files.
[2021-05-28 17:05:01] :: INFO :: 33 refseq genome(s) downloaded
[2021-05-28 17:05:01] :: INFO :: Total number of genomes for 13373: 33
[2021-05-28 17:05:01] :: INFO :: Cutting genomes at each time there are at least 125 'N' in a row, and then, calculating genome size, number of contigs and L90.
[2021-05-28 17:05:03] :: INFO :: Sorting all 33 genomes by quality
[2021-05-28 17:05:03] :: INFO :: 33 genomes after quality control (0 discarded)
[2021-05-28 17:05:03] :: INFO :: Starting filtering steps according to distance between genomes.
[2021-05-28 17:05:03] :: INFO :: Sketching all genomes...
[2021-05-28 17:05:04] :: INFO :: Computing pairwise distances between all genomes
[2021-05-28 17:05:04] :: INFO :: Reading matrix from txt file generated by Mash.
[2021-05-28 17:05:04] :: INFO :: Saving matrix to npz file to be loaded quicker if needed later
[2021-05-28 17:05:04] :: INFO :: Starting iterative discarding steps
[2021-05-28 17:05:04] :: INFO :: Final number of genomes in dataset: 32
[2021-05-28 17:05:04] :: INFO :: Final list of genomes in the dataset: Burkholderia_mallei/1-prepare_module/LSTINFO-13373-filtered-1e-06_0.06.txt
[2021-05-28 17:05:04] :: INFO :: List of genomes discarded by minhash steps: Burkholderia_mallei/1-prepare_module/discarded-by-minhash-13373-1e-06_0.06.txt
[2021-05-28 17:05:04] :: INFO :: End
