[2021-04-16 13:15:16,293] INFO - <Running module: Preprocess Data>
[2021-04-16 13:15:16,809] INFO - Converting block coords to infercars format
[2021-04-16 13:15:31,865] INFO - <Module finished: Preprocess Data>, elapsed 15.57183289527893 seconds
[2021-04-16 13:15:31,866] INFO - <Running module: Parsers and check strains>
[2021-04-16 13:15:46,981] INFO - Blocks count: 217
[2021-04-16 13:15:46,983] INFO - Unique one-copy blocks count: 125
[2021-04-16 13:15:47,041] INFO - NumExpr defaulting to 8 threads.
[2021-04-16 13:15:47,409] INFO - Mean block coverage: 77.40723362525112 %
[2021-04-16 13:15:47,773] INFO - Mean common one-copy blocks coverage: 68.25079478567572 %
[2021-04-16 13:15:48,201] INFO - Mean 80 % rate one-copy blocks coverage: 71.16868232101604 %
[2021-04-16 13:15:48,867] INFO - Strains in blocks file count: 219
[2021-04-16 13:15:48,867] INFO - Strains in tree leafs count: 219
[2021-04-16 13:15:48,868] INFO - Intersected strains count: 219
[2021-04-16 13:15:48,873] INFO - <Module finished: Parsers and check strains>, elapsed 17.007593154907227 seconds
[2021-04-16 13:15:48,874] INFO - <Running module: Balanced rearrangements characters>
[2021-04-16 13:16:12,379] INFO - Breakpoint graph parsed
[2021-04-16 13:16:12,389] INFO - Edges in breakpoint graph: 188
[2021-04-16 13:16:12,408] INFO - Getting characters from breakpoint graph component, size=14
[2021-04-16 13:16:13,588] INFO - Getting characters from breakpoint graph component, size=22
[2021-04-16 13:16:17,656] INFO - Getting characters from breakpoint graph component, size=6
[2021-04-16 13:16:18,404] INFO - Getting characters from breakpoint graph component, size=4
[2021-04-16 13:16:18,698] INFO - Getting characters from breakpoint graph component, size=6
[2021-04-16 13:16:18,842] INFO - Getting characters from breakpoint graph component, size=6
[2021-04-16 13:16:18,945] INFO - Getting characters from breakpoint graph component, size=4
[2021-04-16 13:16:19,320] INFO - Getting characters from breakpoint graph component, size=4
[2021-04-16 13:16:19,373] INFO - Getting characters from breakpoint graph component, size=4
[2021-04-16 13:16:19,432] INFO - Getting characters from breakpoint graph component, size=4
[2021-04-16 13:16:19,787] INFO - Getting characters from breakpoint graph component, size=4
[2021-04-16 13:16:20,582] INFO - Getting characters from breakpoint graph component, size=4
[2021-04-16 13:16:20,653] INFO - <Module finished: Balanced rearrangements characters>, elapsed 31.77848792076111 seconds
[2021-04-16 13:16:20,653] INFO - <Running module: Balanced rearrangements stats>
[2021-04-16 13:16:20,654] INFO - Counting distances between unique one-copy blocks, may take a while
[2021-04-16 13:18:22,705] INFO - Got characters after breakpoint graph consideration: 41
[2021-04-16 13:18:22,706] INFO - Percentage of consistent rearrangements (balanced): 63.41463414634146 %
[2021-04-16 13:18:23,817] INFO - <Module finished: Balanced rearrangements stats>, elapsed 123.16301083564758 seconds
[2021-04-16 13:18:23,827] INFO - <Running module: Balanced rearrangements output>
[2021-04-16 13:20:39,179] INFO - <Module finished: Balanced rearrangements output>, elapsed 135.35202503204346 seconds
[2021-04-16 13:20:39,179] INFO - <Running module: Unbalanced rearrangements characters>
[2021-04-16 13:20:39,246] INFO - <Module finished: Unbalanced rearrangements characters>, elapsed 0.06560420989990234 seconds
[2021-04-16 13:20:39,247] INFO - <Running module: Unbalanced rearrangements stats and clustering>
[2021-04-16 13:20:42,542] INFO - Got characters after copy number variation consideration: 217
[2021-04-16 13:20:42,543] INFO - Percentage of consistent rearrangements (unbalanced): 72.07457441659828 %
[2021-04-16 13:20:42,544] INFO - Counting distances between non-convex character blocks, may take a while
[2021-04-16 13:23:09,633] INFO - Jaccard index matrix constructed
[2021-04-16 13:23:30,581] INFO - Proximity matrix constructed
[2021-04-16 13:23:30,614] INFO - Clustring is done
[2021-04-16 13:23:30,615] INFO - Clusters: 44
[2021-04-16 13:23:32,171] INFO - <Module finished: Unbalanced rearrangements stats and clustering>, elapsed 172.9245171546936 seconds
[2021-04-16 13:23:32,172] INFO - <Running module: Unbalanced rearrangements output>
[2021-04-16 13:25:10,812] INFO - <Module finished: Unbalanced rearrangements output>, elapsed 98.63964200019836 seconds
[2021-04-16 13:25:10,812] INFO - <Running module: Visualize neighbours output>
[2021-04-16 13:28:44,138] INFO - <Module finished: Visualize neighbours output>, elapsed 213.32522320747375 seconds
[2021-04-16 13:28:44,138] INFO - Total elapsed time: 808.0900650024414 seconds
