IQ-TREE multicore version 2.1.2 COVID-edition for Linux 64-bit built Oct 22 2020
Developed by Bui Quang Minh, James Barbetti, Nguyen Lam Tung,
Olga Chernomor, Heiko Schmidt, Dominik Schrempf, Michael Woodhams.

Host:    orthrus-2 (AVX512, FMA3, 1006 GB RAM)
Command: iqtree2 -s 5-align_module_0.95/Phylo-ESCO414-0.95/ESCO414-0.95.grp.aln -T 32 -m GTR -B 1000 --seqtype DNA --prefix 6-tree_module_0.95/ESCO414-0.95.grp.aln.iqtree_tree --quiet
Seed:    62922 (Using SPRNG - Scalable Parallel Random Number Generator)
Time:    Fri Mar 12 23:09:37 2021
Kernel:  AVX+FMA - 32 threads (32 CPU cores detected)

Reading alignment file 5-align_module_0.95/Phylo-ESCO414-0.95/ESCO414-0.95.grp.aln ... Fasta format detected
Alignment most likely contains DNA/RNA sequences
Alignment has 414 sequences with 418335 columns, 34504 distinct patterns
39070 parsimony-informative, 14438 singleton sites, 364827 constant sites
                 Gap/Ambiguity  Composition  p-value
   1  ESCO.0321.00001    0.90%    passed     98.54%
   2  ESCO.0321.00002    0.92%    passed     90.66%
   3  ESCO.0321.00003    0.93%    passed     91.72%
   4  ESCO.0321.00004    1.11%    passed     83.02%
   5  ESCO.0321.00005    0.89%    passed     99.60%
   6  ESCO.0321.00006    0.90%    passed     95.20%
   7  ESCO.0321.00007    0.91%    passed     76.04%
   8  ESCO.0321.00008    0.88%    passed     98.77%
   9  ESCO.0321.00009    0.89%    passed     99.86%
  10  ESCO.0321.00010    1.07%    passed     76.04%
  11  ESCO.0321.00011    1.02%    passed     95.35%
  12  ESCO.0321.00012    0.92%    passed     78.96%
  13  ESCO.0321.00013    0.92%    passed     82.92%
  14  ESCO.0321.00014    0.88%    passed     92.05%
  15  ESCO.0321.00015    0.92%    passed     76.28%
  16  ESCO.0321.00016    0.88%    passed     99.69%
  17  ESCO.0321.00017    0.89%    passed     99.91%
  18  ESCO.0321.00018    0.87%    passed     99.44%
  19  ESCO.0321.00019    0.89%    passed     99.94%
  20  ESCO.0321.00020    0.87%    passed     99.82%
  21  ESCO.0321.00021    0.93%    passed     97.07%
  22  ESCO.0321.00022    0.92%    passed     90.12%
  23  ESCO.0321.00023    0.87%    passed     99.24%
  24  ESCO.0321.00024    0.91%    passed     77.88%
  25  ESCO.0321.00025    0.89%    passed     98.43%
  26  ESCO.0321.00026    0.87%    passed     99.58%
  27  ESCO.0321.00027    0.91%    passed     75.46%
  28  ESCO.0321.00028    0.88%    passed     99.42%
  29  ESCO.0321.00029    0.89%    passed     69.23%
  30  ESCO.0321.00030    0.87%    passed     91.53%
  31  ESCO.0321.00031    0.88%    passed     99.31%
  32  ESCO.0321.00032    0.87%    passed     99.08%
  33  ESCO.0321.00033    0.89%    passed     97.69%
  34  ESCO.0321.00034    0.92%    passed     86.57%
  35  ESCO.0321.00035    0.98%    passed     82.23%
  36  ESCO.0321.00036    0.92%    passed     87.68%
  37  ESCO.0321.00037    0.89%    passed     97.56%
  38  ESCO.0321.00038    0.89%    passed     99.86%
  39  ESCO.0321.00039    0.89%    passed     99.98%
  40  ESCO.0321.00040    0.87%    passed     91.25%
  41  ESCO.0321.00041    0.88%    passed     99.57%
  42  ESCO.0321.00042    0.92%    passed     85.27%
  43  ESCO.0321.00043    0.89%    passed     99.73%
  44  ESCO.0321.00044    1.09%    passed     98.92%
  45  ESCO.0321.00045    0.90%    passed     97.96%
  46  ESCO.0321.00046    0.89%    passed     97.72%
  47  ESCO.0321.00047    0.92%    passed     87.48%
  48  ESCO.0321.00048    0.89%    passed     78.39%
  49  ESCO.0321.00049    0.88%    passed     98.07%
  50  ESCO.0321.00050    0.86%    passed     99.14%
  51  ESCO.0321.00051    0.85%    passed     98.54%
  52  ESCO.0321.00052    0.89%    passed     98.24%
  53  ESCO.0321.00053    0.89%    passed     78.08%
  54  ESCO.0321.00054    1.56%    passed     79.11%
  55  ESCO.0321.00055    0.88%    passed     96.52%
  56  ESCO.0321.00056    0.89%    passed     99.54%
  57  ESCO.0321.00057    0.86%    passed     90.19%
  58  ESCO.0321.00058    1.14%    passed     98.09%
  59  ESCO.0321.00059    0.92%    passed     83.15%
  60  ESCO.0321.00060    0.97%    passed     89.93%
  61  ESCO.0321.00061    0.90%    passed     90.10%
  62  ESCO.0321.00062    0.94%    passed     92.79%
  63  ESCO.0321.00063    0.91%    passed     98.06%
  64  ESCO.0321.00064    1.08%    passed     82.32%
  65  ESCO.0321.00065    0.89%    passed     98.91%
  66  ESCO.0321.00066    0.85%    passed     98.54%
  67  ESCO.0321.00067    0.95%    passed     80.08%
  68  ESCO.0321.00068    0.88%    passed     99.98%
  69  ESCO.0321.00069    0.89%    passed     98.80%
  70  ESCO.0321.00070    0.89%    passed     99.54%
  71  ESCO.0321.00071    0.89%    passed     99.19%
  72  ESCO.0321.00072    0.89%    passed     98.51%
  73  ESCO.0321.00073    0.87%    passed     99.33%
  74  ESCO.0321.00074    0.90%    passed     92.20%
  75  ESCO.0321.00075    0.88%    passed     98.23%
  76  ESCO.0321.00076    0.87%    passed     99.35%
  77  ESCO.0321.00077    0.90%    passed     95.76%
  78  ESCO.0321.00078    0.89%    passed     99.86%
  79  ESCO.0321.00079    0.90%    passed     98.54%
  80  ESCO.0321.00080    0.92%    passed     98.05%
  81  ESCO.0321.00081    0.92%    passed     81.42%
  82  ESCO.0321.00082    0.94%    passed     80.27%
  83  ESCO.0321.00083    0.89%    passed     98.21%
  84  ESCO.0321.00084    0.91%    passed     91.07%
  85  ESCO.0321.00085    1.00%    passed     93.78%
  86  ESCO.0321.00086    0.89%    passed     99.46%
  87  ESCO.0321.00087    0.87%    passed     99.31%
  88  ESCO.0321.00088    0.86%    passed     99.45%
  89  ESCO.0321.00089    0.89%    passed     99.10%
  90  ESCO.0321.00090    0.91%    passed     79.31%
  91  ESCO.0321.00091    0.91%    passed     75.84%
  92  ESCO.0321.00092    0.90%    passed     74.29%
  93  ESCO.0321.00093    0.92%    passed     80.26%
  94  ESCO.0321.00094    0.90%    passed     98.53%
  95  ESCO.0321.00095    0.95%    passed     98.76%
  96  ESCO.0321.00096    0.89%    passed     98.77%
  97  ESCO.0321.00097    0.86%    passed     99.76%
  98  ESCO.0321.00098    0.97%    passed     97.89%
  99  ESCO.0321.00099    1.05%    passed     75.14%
 100  ESCO.0321.00100    0.86%    passed     99.34%
 101  ESCO.0321.00101    0.87%    passed     99.18%
 102  ESCO.0321.00102    1.07%    passed     99.92%
 103  ESCO.0321.00103    0.91%    passed     99.46%
 104  ESCO.0321.00104    0.87%    passed     98.75%
 105  ESCO.0321.00105    0.87%    passed     98.93%
 106  ESCO.0321.00106    0.90%    passed     77.21%
 107  ESCO.0321.00107    0.89%    passed     72.90%
 108  ESCO.0321.00108    1.15%    passed     71.18%
 109  ESCO.0321.00109    0.90%    passed     76.99%
 110  ESCO.0321.00110    0.90%    passed     90.21%
 111  ESCO.0321.00111    0.90%    passed     89.89%
 112  ESCO.0321.00112    0.89%    passed     89.69%
 113  ESCO.0321.00113    0.87%    passed     99.33%
 114  ESCO.0321.00114    0.87%    passed     98.36%
 115  ESCO.0321.00115    0.91%    passed     73.87%
 116  ESCO.0321.00116    0.88%    passed     98.89%
 117  ESCO.0321.00117    0.89%    passed     99.65%
 118  ESCO.0321.00118    0.91%    passed     85.82%
 119  ESCO.0321.00119    0.90%    passed     72.46%
 120  ESCO.0321.00120    0.92%    passed     84.72%
 121  ESCO.0321.00121    0.88%    passed     99.72%
 122  ESCO.0321.00122    0.88%    passed     99.21%
 123  ESCO.0321.00123    0.89%    passed     99.63%
 124  ESCO.0321.00124    0.89%    passed     99.38%
 125  ESCO.0321.00125    0.96%    passed     99.31%
 126  ESCO.0321.00126    0.87%    passed     99.40%
 127  ESCO.0321.00127    0.88%    passed     99.94%
 128  ESCO.0321.00128    0.92%    passed     84.36%
 129  ESCO.0321.00129    0.92%    passed     85.39%
 130  ESCO.0321.00130    1.01%    passed     99.79%
 131  ESCO.0321.00131    0.88%    passed     99.20%
 132  ESCO.0321.00132    0.95%    passed    100.00%
 133  ESCO.0321.00133    0.85%    passed     99.94%
 134  ESCO.0321.00134    0.88%    passed     98.91%
 135  ESCO.0321.00135    0.90%    passed     98.53%
 136  ESCO.0321.00136    0.87%    passed     97.53%
 137  ESCO.0321.00137    0.87%    passed     98.93%
 138  ESCO.0321.00138    0.88%    passed     97.83%
 139  ESCO.0321.00139    0.88%    passed     98.20%
 140  ESCO.0321.00140    1.02%    passed     98.72%
 141  ESCO.0321.00141    0.90%    passed     99.24%
 142  ESCO.0321.00142    0.86%    passed     95.15%
 143  ESCO.0321.00143    0.87%    passed     95.37%
 144  ESCO.0321.00144    0.86%    passed     92.15%
 145  ESCO.0321.00145    0.90%    passed     97.89%
 146  ESCO.0321.00146    0.87%    passed     98.21%
 147  ESCO.0321.00147    0.89%    passed     99.09%
 148  ESCO.0321.00148    0.91%    passed     88.17%
 149  ESCO.0321.00149    0.96%    passed     99.27%
 150  ESCO.0321.00150    0.96%    passed     99.27%
 151  ESCO.0321.00151    0.88%    passed     99.64%
 152  ESCO.0321.00152    0.89%    passed     99.36%
 153  ESCO.0321.00153    0.92%    passed     96.32%
 154  ESCO.0321.00154    0.88%    passed     97.87%
 155  ESCO.0321.00155    0.88%    passed     98.07%
 156  ESCO.0321.00156    0.88%    passed     99.85%
 157  ESCO.0321.00157    0.87%    passed     94.97%
 158  ESCO.0321.00158    0.86%    passed     98.57%
 159  ESCO.0321.00159    0.88%    passed     98.68%
 160  ESCO.0321.00160    0.89%    passed     99.43%
 161  ESCO.0321.00161    0.88%    passed     99.26%
 162  ESCO.0321.00162    0.90%    passed     98.43%
 163  ESCO.0321.00163    0.87%    passed     97.92%
 164  ESCO.0321.00164    0.88%    passed     99.20%
 165  ESCO.0321.00165    0.89%    passed     98.18%
 166  ESCO.0321.00166    0.88%    passed     99.86%
 167  ESCO.0321.00167    0.89%    passed     99.38%
 168  ESCO.0321.00168    0.89%    passed     99.53%
 169  ESCO.0321.00169    0.88%    passed     98.05%
 170  ESCO.0321.00170    0.89%    passed     97.72%
 171  ESCO.0321.00171    0.89%    passed     98.35%
 172  ESCO.0321.00172    0.89%    passed     97.72%
 173  ESCO.0321.00173    0.89%    passed     99.14%
 174  ESCO.0321.00174    0.89%    passed     99.03%
 175  ESCO.0321.00175    0.87%    passed     99.79%
 176  ESCO.0321.00176    0.90%    passed     98.80%
 177  ESCO.0321.00177    0.90%    passed     97.82%
 178  ESCO.0321.00178    0.90%    passed     97.82%
 179  ESCO.0321.00179    0.85%    passed     99.59%
 180  ESCO.0321.00180    0.88%    passed     98.82%
 181  ESCO.0321.00181    0.85%    passed     99.59%
 182  ESCO.0321.00182    0.88%    passed     98.91%
 183  ESCO.0321.00183    0.85%    passed     99.59%
 184  ESCO.0321.00184    0.86%    passed     99.46%
 185  ESCO.0321.00185    0.89%    passed     97.98%
 186  ESCO.0321.00186    0.85%    passed     99.59%
 187  ESCO.0321.00187    0.94%    passed     99.61%
 188  ESCO.0321.00188    0.91%    passed     99.84%
 189  ESCO.0321.00189    0.85%    passed     99.72%
 190  ESCO.0321.00190    0.89%    passed     97.86%
 191  ESCO.0321.00191    0.91%    passed     99.16%
 192  ESCO.0321.00192    0.88%    passed     98.45%
 193  ESCO.0321.00193    0.88%    passed     99.78%
 194  ESCO.0321.00194    0.91%    passed     99.38%
 195  ESCO.0321.00195    0.86%    passed     98.98%
 196  ESCO.0321.00196    0.89%    passed     98.52%
 197  ESCO.0321.00197    0.89%    passed     99.77%
 198  ESCO.0321.00198    0.86%    passed     92.54%
 199  ESCO.0321.00199    0.86%    passed     99.80%
 200  ESCO.0321.00200    0.87%    passed     95.17%
 201  ESCO.0321.00201    0.89%    passed     99.69%
 202  ESCO.0321.00202    0.90%    passed     99.78%
 203  ESCO.0321.00203    0.91%    passed     74.57%
 204  ESCO.0321.00204    0.88%    passed     99.25%
 205  ESCO.0321.00205    0.88%    passed     97.67%
 206  ESCO.0321.00206    0.91%    passed     74.05%
 207  ESCO.0321.00207    0.92%    passed     78.96%
 208  ESCO.0321.00208    0.86%    passed     99.85%
 209  ESCO.0321.00209    0.88%    passed     99.71%
 210  ESCO.0321.00210    0.90%    passed     99.46%
 211  ESCO.0321.00211    0.91%    passed     99.57%
 212  ESCO.0321.00212    0.97%    passed     99.84%
 213  ESCO.0321.00213    0.89%    passed     99.73%
 214  ESCO.0321.00214    0.88%    passed     96.56%
 215  ESCO.0321.00215    0.90%    passed     99.65%
 216  ESCO.0321.00216    0.88%    passed     99.52%
 217  ESCO.0321.00217    0.87%    passed     99.53%
 218  ESCO.0321.00218    1.02%    passed     98.31%
 219  ESCO.0321.00219    0.89%    passed     99.07%
 220  ESCO.0321.00220    0.89%    passed     99.59%
 221  ESCO.0321.00221    0.91%    passed     98.80%
 222  ESCO.0321.00222    0.88%    passed     99.42%
 223  ESCO.0321.00223    0.87%    passed     91.88%
 224  ESCO.0321.00224    0.89%    passed     97.54%
 225  ESCO.0321.00225    0.91%    passed     75.62%
 226  ESCO.0321.00226    0.87%    passed     99.09%
 227  ESCO.0321.00227    0.88%    passed     99.79%
 228  ESCO.0321.00228    0.88%    passed     99.79%
 229  ESCO.0321.00229    0.88%    passed     99.66%
 230  ESCO.0321.00230    1.02%    passed     97.44%
 231  ESCO.0321.00231    0.89%    passed     97.83%
 232  ESCO.0321.00232    0.91%    passed     97.95%
 233  ESCO.0321.00233    0.87%    passed     92.99%
 234  ESCO.0321.00234    0.87%    passed     92.99%
 235  ESCO.0321.00235    0.87%    passed     98.48%
 236  ESCO.0321.00236    0.88%    passed     99.66%
 237  ESCO.0321.00237    0.87%    passed     98.86%
 238  ESCO.0321.00238    0.87%    passed     98.95%
 239  ESCO.0321.00239    0.89%    passed     99.71%
 240  ESCO.0321.00240    0.89%    passed     97.99%
 241  ESCO.0321.00241    0.87%    passed     98.95%
 242  ESCO.0321.00242    0.91%    passed     97.29%
 243  ESCO.0321.00243    0.87%    passed     97.19%
 244  ESCO.0321.00244    0.88%    passed     98.89%
 245  ESCO.0321.00245    0.86%    passed     99.26%
 246  ESCO.0321.00246    0.96%    passed     99.82%
 247  ESCO.0321.00247    0.88%    passed     98.20%
 248  ESCO.0321.00248    0.92%    passed     87.20%
 249  ESCO.0321.00249    1.11%    passed     97.83%
 250  ESCO.0321.00250    1.33%    passed     96.46%
 251  ESCO.0321.00251    0.87%    passed     99.45%
 252  ESCO.0321.00252    1.24%    passed     98.61%
 253  ESCO.0321.00253    0.97%    passed     99.25%
 254  ESCO.0321.00254    0.89%    passed     99.43%
 255  ESCO.0321.00255    0.87%    passed     99.96%
 256  ESCO.0321.00256    0.92%    passed     88.83%
 257  ESCO.0321.00257    0.90%    passed     98.66%
 258  ESCO.0321.00258    0.90%    passed     90.54%
 259  ESCO.0321.00259    0.90%    passed     90.20%
 260  ESCO.0321.00260    0.90%    passed     90.13%
 261  ESCO.0321.00261    0.90%    passed     90.76%
 262  ESCO.0321.00262    0.88%    passed     93.62%
 263  ESCO.0321.00263    0.89%    passed     76.62%
 264  ESCO.0321.00264    0.89%    passed     99.69%
 265  ESCO.0321.00265    0.91%    passed     99.98%
 266  ESCO.0321.00266    0.94%    passed     95.34%
 267  ESCO.0321.00267    0.91%    passed     83.84%
 268  ESCO.0321.00268    0.87%    passed     91.75%
 269  ESCO.0321.00269    0.86%    passed     92.72%
 270  ESCO.0321.00270    0.91%    passed     84.96%
 271  ESCO.0321.00271    0.87%    passed     94.55%
 272  ESCO.0321.00272    0.89%    passed     99.71%
 273  ESCO.0321.00273    0.88%    passed     99.03%
 274  ESCO.0321.00274    0.88%    passed     99.93%
 275  ESCO.0321.00275    0.91%    passed     99.75%
 276  ESCO.0321.00276    0.92%    passed     99.38%
 277  ESCO.0321.00277    0.90%    passed     99.41%
 278  ESCO.0321.00278    0.88%    passed     99.05%
 279  ESCO.0321.00279    0.88%    passed     98.23%
 280  ESCO.0321.00280    0.88%    passed     98.37%
 281  ESCO.0321.00281    0.89%    passed     99.28%
 282  ESCO.0321.00282    0.90%    passed     91.82%
 283  ESCO.0321.00283    0.87%    passed     99.73%
 284  ESCO.0321.00284    0.86%    passed     99.80%
 285  ESCO.0321.00285    0.86%    passed     89.85%
 286  ESCO.0321.00286    0.89%    passed     99.20%
 287  ESCO.0321.00287    1.02%    passed     98.32%
 288  ESCO.0321.00288    0.86%    passed     84.74%
 289  ESCO.0321.00289    0.91%    passed     77.44%
 290  ESCO.0321.00290    0.91%    passed     77.44%
 291  ESCO.0321.00291    0.87%    passed     99.12%
 292  ESCO.0321.00292    0.87%    passed     90.02%
 293  ESCO.0321.00293    0.87%    passed     99.17%
 294  ESCO.0321.00294    0.87%    passed     99.02%
 295  ESCO.0321.00295    0.93%    passed     99.41%
 296  ESCO.0321.00296    0.89%    passed     99.94%
 297  ESCO.0321.00297    0.87%    passed     92.40%
 298  ESCO.0321.00298    0.88%    passed     99.13%
 299  ESCO.0321.00299    0.92%    passed     99.55%
 300  ESCO.0321.00300    1.05%    passed     75.24%
 301  ESCO.0321.00301    0.89%    passed     99.91%
 302  ESCO.0321.00302    0.86%    passed     99.78%
 303  ESCO.0321.00303    0.86%    passed     99.80%
 304  ESCO.0321.00304    1.00%    passed     97.50%
 305  ESCO.0321.00305    0.85%    passed     99.06%
 306  ESCO.0321.00306    0.99%    passed     76.45%
 307  ESCO.0321.00307    0.91%    passed     76.87%
 308  ESCO.0321.00308    0.88%    passed     97.71%
 309  ESCO.0321.00309    0.88%    passed     99.88%
 310  ESCO.0321.00310    0.88%    passed     97.75%
 311  ESCO.0321.00311    0.90%    passed     98.23%
 312  ESCO.0321.00312    0.98%    passed     99.43%
 313  ESCO.0321.00313    0.90%    passed     97.62%
 314  ESCO.0321.00314    0.89%    passed     99.49%
 315  ESCO.0321.00315    0.90%    passed     99.94%
 316  ESCO.0321.00316    0.90%    passed     98.32%
 317  ESCO.0321.00317    0.87%    passed     98.70%
 318  ESCO.0321.00318    0.93%    passed     99.89%
 319  ESCO.0321.00319    0.94%    passed     99.92%
 320  ESCO.0321.00320    0.91%    passed     85.13%
 321  ESCO.0321.00321    0.94%    passed     99.91%
 322  ESCO.0321.00322    0.88%    passed     98.81%
 323  ESCO.0321.00323    0.88%    passed     99.46%
 324  ESCO.0321.00324    0.89%    passed     98.00%
 325  ESCO.0321.00325    0.89%    passed     99.00%
 326  ESCO.0321.00326    0.87%    passed     98.56%
 327  ESCO.0321.00327    0.87%    passed     98.57%
 328  ESCO.0321.00328    0.87%    passed     90.43%
 329  ESCO.0321.00329    0.87%    passed     98.38%
 330  ESCO.0321.00330    0.92%    passed     81.95%
 331  ESCO.0321.00331    0.87%    passed     98.59%
 332  ESCO.0321.00332    0.87%    passed     99.91%
 333  ESCO.0321.00333    0.91%    passed     89.68%
 334  ESCO.0321.00334    0.86%    passed     98.59%
 335  ESCO.0321.00335    0.92%    passed     75.90%
 336  ESCO.0321.00336    0.89%    passed     99.74%
 337  ESCO.0321.00337    0.89%    passed     99.80%
 338  ESCO.0321.00338    0.89%    passed     99.92%
 339  ESCO.0321.00339    0.87%    passed     91.97%
 340  ESCO.0321.00340    0.89%    passed     99.18%
 341  ESCO.0321.00341    0.85%    passed     98.67%
 342  ESCO.0321.00342    0.88%    passed     97.22%
 343  ESCO.0321.00343    0.90%    passed     99.63%
 344  ESCO.0321.00344    0.91%    passed     75.29%
 345  ESCO.0321.00345    0.88%    passed     99.48%
 346  ESCO.0321.00346    0.88%    passed     94.10%
 347  ESCO.0321.00347    0.88%    passed     97.42%
 348  ESCO.0321.00348    0.89%    passed     99.47%
 349  ESCO.0321.00349    0.87%    passed     99.69%
 350  ESCO.0321.00350    0.99%    passed     84.83%
 351  ESCO.0321.00351    1.02%    passed     81.42%
 352  ESCO.0321.00352    0.87%    passed     98.25%
 353  ESCO.0321.00353    0.86%    passed     99.81%
 354  ESCO.0321.00354    0.87%    passed     98.43%
 355  ESCO.0321.00355    0.88%    passed     97.22%
 356  ESCO.0321.00356    0.86%    passed     99.77%
 357  ESCO.0321.00357    0.90%    passed     98.37%
 358  ESCO.0321.00358    0.88%    passed     99.14%
 359  ESCO.0321.00359    0.88%    passed     98.95%
 360  ESCO.0321.00360    0.89%    passed     99.21%
 361  ESCO.0321.00361    0.86%    passed     99.33%
 362  ESCO.0321.00362    0.89%    passed     97.64%
 363  ESCO.0321.00363    0.86%    passed     99.27%
 364  ESCO.0321.00364    0.88%    passed     99.83%
 365  ESCO.0321.00365    0.88%    passed     97.31%
 366  ESCO.0321.00366    0.90%    passed     97.00%
 367  ESCO.0321.00367    0.88%    passed     99.25%
 368  ESCO.0321.00368    0.87%    passed     90.09%
 369  ESCO.0321.00369    0.91%    passed     73.23%
 370  ESCO.0321.00370    0.89%    passed     99.82%
 371  ESCO.0321.00371    0.88%    passed     99.59%
 372  ESCO.0321.00372    0.89%    passed     99.39%
 373  ESCO.0321.00373    0.92%    passed     99.70%
 374  ESCO.0321.00374    0.82%    passed     98.78%
 375  ESCO.0321.00375    0.87%    passed     99.17%
 376  ESCO.0321.00376    0.86%    passed     99.83%
 377  ESCO.0321.00377    0.87%    passed     99.34%
 378  ESCO.0321.00378    0.88%    passed     99.79%
 379  ESCO.0321.00379    0.88%    passed     99.80%
 380  ESCO.0321.00380    0.88%    passed     97.02%
 381  ESCO.0321.00381    0.91%    passed     99.78%
 382  ESCO.0321.00382    0.85%    passed     99.46%
 383  ESCO.0321.00383    0.91%    passed     98.97%
 384  ESCO.0321.00384    0.93%    passed     90.57%
 385  ESCO.0321.00385    0.94%    passed     81.84%
 386  ESCO.0321.00386    0.96%    passed     99.84%
 387  ESCO.0321.00387    0.84%    passed     99.47%
 388  ESCO.0321.00388    0.97%    passed     99.09%
 389  ESCO.0321.00389    0.89%    passed     98.84%
 390  ESCO.0321.00390    0.98%    passed     87.17%
 391  ESCO.0321.00391    0.86%    passed     99.79%
 392  ESCO.0321.00392    0.88%    passed     98.24%
 393  ESCO.0321.00393    1.16%    passed     97.74%
 394  ESCO.0321.00394    0.92%    passed     98.89%
 395  ESCO.0321.00395    0.86%    passed     98.57%
 396  ESCO.0321.00396    2.06%    passed     70.16%
 397  ESCO.0321.00397    0.90%    passed     85.22%
 398  ESCO.0321.00398    0.89%    passed     98.40%
 399  ESCO.0321.00399    0.88%    passed     99.61%
 400  ESCO.0321.00400    0.90%    passed     99.53%
 401  ESCO.0321.00401    0.87%    passed     89.38%
 402  ESCO.0321.00402    0.91%    passed     74.21%
 403  ESCO.0321.00403    0.88%    passed     98.07%
 404  ESCO.0321.00404    0.89%    passed     99.94%
 405  ESCO.0321.00405    0.90%    passed     99.37%
 406  ESCO.0321.00406    0.97%    passed     91.81%
 407  ESCO.0321.00407    1.01%    passed     98.55%
 408  ESCO.0321.00408    0.89%    passed     99.86%
 409  ESCO.0321.00409    0.88%    passed     99.89%
 410  ESCO.0321.00410    0.89%    passed     99.69%
 411  ESCO.0321.00411    0.90%    passed     98.78%
 412  ESCO.0321.00412    0.96%    passed     99.55%
 413  ESCO.0321.00413    0.89%    passed     99.94%
 414  ESCO.0321.00414    0.88%    passed     99.86%
****  TOTAL              0.91%  0 sequences failed composition chi2 test (p-value<5%; df=3)
NOTE: minimal branch length is reduced to 0.000000239043 for long alignment
NOTE: ESCO.0321.00079 is identical to ESCO.0321.00001 but kept for subsequent analysis
NOTE: ESCO.0321.00207 is identical to ESCO.0321.00012 but kept for subsequent analysis
NOTE: ESCO.0321.00078 is identical to ESCO.0321.00038 but kept for subsequent analysis
NOTE: ESCO.0321.00066 is identical to ESCO.0321.00051 but kept for subsequent analysis
NOTE: ESCO.0321.00279 is identical to ESCO.0321.00075 but kept for subsequent analysis
NOTE: ESCO.0321.00247 is identical to ESCO.0321.00139 but kept for subsequent analysis
NOTE: ESCO.0321.00150 is identical to ESCO.0321.00149 but kept for subsequent analysis
NOTE: ESCO.0321.00172 is identical to ESCO.0321.00170 but kept for subsequent analysis
NOTE: ESCO.0321.00178 is identical to ESCO.0321.00177 but kept for subsequent analysis
NOTE: ESCO.0321.00181 is identical to ESCO.0321.00179 but kept for subsequent analysis
NOTE: ESCO.0321.00186 is identical to ESCO.0321.00183 but kept for subsequent analysis
NOTE: ESCO.0321.00228 is identical to ESCO.0321.00227 but kept for subsequent analysis
NOTE: ESCO.0321.00234 is identical to ESCO.0321.00233 but kept for subsequent analysis
NOTE: ESCO.0321.00241 is identical to ESCO.0321.00238 but kept for subsequent analysis
NOTE: ESCO.0321.00290 is identical to ESCO.0321.00289 but kept for subsequent analysis
NOTE: ESCO.0321.00355 is identical to ESCO.0321.00342 but kept for subsequent analysis

Create initial parsimony tree by phylogenetic likelihood library (PLL)... 3.344 seconds
Generating 1000 samples for ultrafast bootstrap (seed: 62922)...

NOTE: 594 MB RAM (0 GB) is required!
Estimate model parameters (epsilon = 0.100)
1. Initial log-likelihood: -2932099.869
2. Current log-likelihood: -2812990.158
3. Current log-likelihood: -2812988.631
4. Current log-likelihood: -2812987.334
5. Current log-likelihood: -2812987.207
Optimal log-likelihood: -2812987.193
Rate parameters:  A-C: 0.85596  A-G: 3.90182  A-T: 0.92053  C-G: 0.59826  C-T: 6.58667  G-T: 1.00000
Base frequencies:  A: 0.236  C: 0.251  G: 0.280  T: 0.232
Parameters optimization took 5 rounds (7.851 sec)
Computing ML distances based on estimated model parameters...
Computing ML distances took 0.561602 sec (of wall-clock time) 17.917101 sec(of CPU time)
Computing RapidNJ tree took 0.136717 sec (of wall-clock time) 1.494152 sec (of CPU time)
Log-likelihood of RapidNJ tree: -2850805.693
--------------------------------------------------------------------
|             INITIALIZING CANDIDATE TREE SET                      |
--------------------------------------------------------------------
Generating 98 parsimony trees... 433.748 second
Computing log-likelihood of 98 initial trees ... 22.677 seconds
Current best score: -2812510.043

Do NNI search on 20 best initial trees
Estimate model parameters (epsilon = 0.100)
BETTER TREE FOUND at iteration 1: -2812190.770
Iteration 10 / LogL: -2812669.075 / Time: 0h:8m:44s
Iteration 20 / LogL: -2812959.802 / Time: 0h:9m:33s
Finish initializing candidate tree set (20)
Current best tree score: -2812190.770 / CPU time: 555.749
Number of iterations: 20
--------------------------------------------------------------------
|               OPTIMIZING CANDIDATE TREE SET                      |
--------------------------------------------------------------------
Iteration 30 / LogL: -2812476.579 / Time: 0h:10m:14s (0h:24m:53s left)
Iteration 40 / LogL: -2812663.754 / Time: 0h:10m:55s (0h:16m:58s left)
Estimate model parameters (epsilon = 0.100)
BETTER TREE FOUND at iteration 48: -2811988.275
Iteration 50 / LogL: -2825495.882 / Time: 0h:11m:36s (0h:23m:4s left)
Log-likelihood cutoff on original alignment: -2813226.897
Iteration 60 / LogL: -2812750.970 / Time: 0h:12m:19s (0h:18m:16s left)
Iteration 70 / LogL: -2816778.285 / Time: 0h:12m:59s (0h:14m:35s left)
Iteration 80 / LogL: -2813347.150 / Time: 0h:13m:40s (0h:11m:42s left)
Iteration 90 / LogL: -2813382.833 / Time: 0h:14m:22s (0h:9m:19s left)
Estimate model parameters (epsilon = 0.100)
BETTER TREE FOUND at iteration 92: -2811878.732
Iteration 100 / LogL: -2812647.726 / Time: 0h:15m:8s (0h:13m:59s left)
Log-likelihood cutoff on original alignment: -2813192.095
NOTE: Bootstrap correlation coefficient of split occurrence frequencies: 0.996
Iteration 110 / LogL: -2814410.777 / Time: 0h:15m:50s (0h:13m:1s left)
Iteration 120 / LogL: -2812461.611 / Time: 0h:16m:31s (0h:11m:3s left)
Iteration 130 / LogL: -2815894.558 / Time: 0h:17m:14s (0h:9m:18s left)
Estimate model parameters (epsilon = 0.100)
BETTER TREE FOUND at iteration 137: -2811849.484
Iteration 140 / LogL: -2812460.113 / Time: 0h:17m:56s (0h:12m:28s left)
Iteration 150 / LogL: -2813172.845 / Time: 0h:18m:36s (0h:10m:49s left)
Log-likelihood cutoff on original alignment: -2813192.095
Iteration 160 / LogL: -2821915.940 / Time: 0h:19m:19s (0h:9m:19s left)
Iteration 170 / LogL: -2816924.702 / Time: 0h:20m:0s (0h:7m:54s left)
Iteration 180 / LogL: -2818921.932 / Time: 0h:20m:42s (0h:6m:34s left)
Iteration 190 / LogL: -2812186.328 / Time: 0h:21m:20s (0h:5m:17s left)
Iteration 200 / LogL: -2812987.120 / Time: 0h:22m:1s (0h:4m:4s left)
Log-likelihood cutoff on original alignment: -2813192.095
NOTE: Bootstrap correlation coefficient of split occurrence frequencies: 0.998
Iteration 210 / LogL: -2813380.949 / Time: 0h:22m:44s (0h:9m:45s left)
Estimate model parameters (epsilon = 0.100)
BETTER TREE FOUND at iteration 215: -2811837.665
Iteration 220 / LogL: -2813230.875 / Time: 0h:23m:29s (0h:10m:9s left)
Iteration 230 / LogL: -2813106.066 / Time: 0h:24m:10s (0h:8m:56s left)
Iteration 240 / LogL: -2813746.969 / Time: 0h:24m:50s (0h:7m:46s left)
Iteration 250 / LogL: -2820722.961 / Time: 0h:25m:30s (0h:6m:38s left)
Log-likelihood cutoff on original alignment: -2813192.095
Iteration 260 / LogL: -2812405.307 / Time: 0h:26m:12s (0h:5m:32s left)
Iteration 270 / LogL: -2812479.556 / Time: 0h:26m:54s (0h:4m:29s left)
Iteration 280 / LogL: -2812952.034 / Time: 0h:27m:35s (0h:3m:27s left)
Iteration 290 / LogL: -2812840.820 / Time: 0h:28m:17s (0h:2m:26s left)
Iteration 300 / LogL: -2813734.056 / Time: 0h:29m:0s (0h:1m:27s left)
Log-likelihood cutoff on original alignment: -2813192.095
NOTE: Bootstrap correlation coefficient of split occurrence frequencies: 0.996
Iteration 310 / LogL: -2814446.346 / Time: 0h:29m:40s (0h:8m:37s left)
TREE SEARCH COMPLETED AFTER 316 ITERATIONS / Time: 0h:30m:5s

--------------------------------------------------------------------
|                    FINALIZING TREE SEARCH                        |
--------------------------------------------------------------------
Performs final model parameters optimization
Estimate model parameters (epsilon = 0.010)
1. Initial log-likelihood: -2811837.664
Optimal log-likelihood: -2811837.661
Rate parameters:  A-C: 0.85234  A-G: 3.89776  A-T: 0.92162  C-G: 0.59993  C-T: 6.58070  G-T: 1.00000
Base frequencies:  A: 0.236  C: 0.251  G: 0.280  T: 0.232
Parameters optimization took 1 rounds (1.036 sec)
BEST SCORE FOUND : -2811837.661
Creating bootstrap support values...
Split supports printed to NEXUS file 6-tree_module_0.95/ESCO414-0.95.grp.aln.iqtree_tree.splits.nex
Total tree length: 0.695

Total number of iterations: 316
CPU time used for tree search: 46447.406 sec (12h:54m:7s)
Wall-clock time used for tree search: 1787.973 sec (0h:29m:47s)
Total CPU time used: 46851.298 sec (13h:0m:51s)
Total wall-clock time used: 1807.963 sec (0h:30m:7s)

Computing bootstrap consensus tree...
Reading input file 6-tree_module_0.95/ESCO414-0.95.grp.aln.iqtree_tree.splits.nex...
414 taxa and 1686 splits.
Consensus tree written to 6-tree_module_0.95/ESCO414-0.95.grp.aln.iqtree_tree.contree
Reading input trees file 6-tree_module_0.95/ESCO414-0.95.grp.aln.iqtree_tree.contree
Log-likelihood of consensus tree: -2812067.857

Analysis results written to: 
  IQ-TREE report:                6-tree_module_0.95/ESCO414-0.95.grp.aln.iqtree_tree.iqtree
  Maximum-likelihood tree:       6-tree_module_0.95/ESCO414-0.95.grp.aln.iqtree_tree.treefile
  Likelihood distances:          6-tree_module_0.95/ESCO414-0.95.grp.aln.iqtree_tree.mldist

Ultrafast bootstrap approximation results written to:
  Split support values:          6-tree_module_0.95/ESCO414-0.95.grp.aln.iqtree_tree.splits.nex
  Consensus tree:                6-tree_module_0.95/ESCO414-0.95.grp.aln.iqtree_tree.contree
  Screen log file:               6-tree_module_0.95/ESCO414-0.95.grp.aln.iqtree_tree.log

Date and Time: Fri Mar 12 23:39:57 2021
