IQ-TREE multicore version 2.1.2 COVID-edition for Linux 64-bit built Oct 22 2020
Developed by Bui Quang Minh, James Barbetti, Nguyen Lam Tung,
Olga Chernomor, Heiko Schmidt, Dominik Schrempf, Michael Woodhams.

Host:    orthrus-1 (AVX512, FMA3, 1006 GB RAM)
Command: iqtree2 -s Burkholderia_mallei/5-align_module/Phylo-BUMA_32/BUMA_32.nucl.grp.aln -T 32 -m GTR --seqtype DNA --prefix Burkholderia_mallei/6-tree_module/BUMA_32.nucl.grp.aln.iqtree_tree --quiet
Seed:    841340 (Using SPRNG - Scalable Parallel Random Number Generator)
Time:    Fri May 28 17:31:48 2021
Kernel:  AVX+FMA - 32 threads (32 CPU cores detected)

Reading alignment file Burkholderia_mallei/5-align_module/Phylo-BUMA_32/BUMA_32.nucl.grp.aln ... Fasta format detected
Alignment most likely contains DNA/RNA sequences
Alignment has 32 sequences with 2829642 columns, 1039 distinct patterns
1770 parsimony-informative, 1488 singleton sites, 2826384 constant sites
                 Gap/Ambiguity  Composition  p-value
   1  BUMA.0521.00001    0.24%    passed    100.00%
   2  BUMA.0521.00002    0.29%    passed     99.98%
   3  BUMA.0521.00003    0.27%    passed     99.98%
   4  BUMA.0521.00004    0.25%    passed     99.96%
   5  BUMA.0521.00005    0.20%    passed     99.98%
   6  BUMA.0521.00006    0.21%    passed     99.98%
   7  BUMA.0521.00007    0.24%    passed     99.97%
   8  BUMA.0521.00008    0.22%    passed     99.97%
   9  BUMA.0521.00009    0.23%    passed    100.00%
  10  BUMA.0521.00010    0.21%    passed     99.96%
  11  BUMA.0521.00011    0.21%    passed     99.99%
  12  BUMA.0521.00012    0.23%    passed     99.97%
  13  BUMA.0521.00013    0.21%    passed     99.99%
  14  BUMA.0521.00014    0.24%    passed    100.00%
  15  BUMA.0521.00015    0.24%    passed     99.99%
  16  BUMA.0521.00016    0.22%    passed     99.99%
  17  BUMA.0521.00017    0.21%    passed    100.00%
  18  BUMA.0521.00018    0.23%    passed    100.00%
  19  BUMA.0521.00019    0.22%    passed    100.00%
  20  BUMA.0521.00020    0.23%    passed     99.99%
  21  BUMA.0521.00021    0.21%    passed    100.00%
  22  BUMA.0521.00022    0.23%    passed     99.98%
  23  BUMA.0521.00023    0.22%    passed     99.99%
  24  BUMA.0521.00024    0.22%    passed    100.00%
  25  BUMA.0521.00025    0.23%    passed     99.98%
  26  BUMA.0521.00026    0.22%    passed    100.00%
  27  BUMA.0521.00027    0.22%    passed     99.99%
  28  BUMA.0521.00028    0.23%    passed     99.98%
  29  BUMA.0521.00029    0.24%    passed    100.00%
  30  BUMA.0521.00030    0.22%    passed     99.99%
  31  BUMA.0521.00031    0.25%    passed    100.00%
  32  BUMA.0521.00032    0.23%    passed     99.98%
****  TOTAL              0.23%  0 sequences failed composition chi2 test (p-value<5%; df=3)
NOTE: minimal branch length is reduced to 0.000000035340 for long alignment

Create initial parsimony tree by phylogenetic likelihood library (PLL)... 0.003 seconds

NOTE: 1 MB RAM (0 GB) is required!
WARNING: Number of threads seems too high for short alignments. Use -T AUTO to determine best number of threads.
Estimate model parameters (epsilon = 0.100)
1. Initial log-likelihood: -3759933.024
2. Current log-likelihood: -3759537.635
3. Current log-likelihood: -3759478.404
4. Current log-likelihood: -3759462.240
5. Current log-likelihood: -3759458.766
6. Current log-likelihood: -3759457.018
7. Current log-likelihood: -3759456.857
Optimal log-likelihood: -3759456.776
Rate parameters:  A-C: 1.17355  A-G: 2.84588  A-T: 0.61629  C-G: 1.05694  C-T: 2.90211  G-T: 1.00000
Base frequencies:  A: 0.157  C: 0.340  G: 0.347  T: 0.156
Parameters optimization took 7 rounds (0.029 sec)
Computing ML distances based on estimated model parameters...
Computing ML distances took 0.000673 sec (of wall-clock time) 0.021570 sec(of CPU time)
Computing RapidNJ tree took 0.002433 sec (of wall-clock time) 0.072774 sec (of CPU time)
Log-likelihood of RapidNJ tree: -3759586.760
--------------------------------------------------------------------
|             INITIALIZING CANDIDATE TREE SET                      |
--------------------------------------------------------------------
Generating 98 parsimony trees... 0.405 second
Computing log-likelihood of 98 initial trees ... 0.213 seconds
Current best score: -3759456.775

Do NNI search on 20 best initial trees
Estimate model parameters (epsilon = 0.100)
BETTER TREE FOUND at iteration 1: -3759456.485
BETTER TREE FOUND at iteration 2: -3759456.485
Iteration 10 / LogL: -3759456.485 / Time: 0h:0m:1s
Iteration 20 / LogL: -3759456.485 / Time: 0h:0m:1s
Finish initializing candidate tree set (18)
Current best tree score: -3759456.485 / CPU time: 1.212
Number of iterations: 20
--------------------------------------------------------------------
|               OPTIMIZING CANDIDATE TREE SET                      |
--------------------------------------------------------------------
Iteration 30 / LogL: -3759456.517 / Time: 0h:0m:1s (0h:0m:4s left)
Iteration 40 / LogL: -3759456.530 / Time: 0h:0m:2s (0h:0m:3s left)
Iteration 50 / LogL: -3759456.993 / Time: 0h:0m:3s (0h:0m:3s left)
Iteration 60 / LogL: -3759456.487 / Time: 0h:0m:3s (0h:0m:2s left)
Iteration 70 / LogL: -3759456.756 / Time: 0h:0m:4s (0h:0m:1s left)
Iteration 80 / LogL: -3759464.009 / Time: 0h:0m:4s (0h:0m:1s left)
Iteration 90 / LogL: -3759456.485 / Time: 0h:0m:5s (0h:0m:0s left)
Iteration 100 / LogL: -3759456.614 / Time: 0h:0m:5s (0h:0m:0s left)
TREE SEARCH COMPLETED AFTER 103 ITERATIONS / Time: 0h:0m:6s

--------------------------------------------------------------------
|                    FINALIZING TREE SEARCH                        |
--------------------------------------------------------------------
Performs final model parameters optimization
Estimate model parameters (epsilon = 0.010)
1. Initial log-likelihood: -3759456.485
2. Current log-likelihood: -3759456.424
3. Current log-likelihood: -3759456.369
4. Current log-likelihood: -3759456.319
5. Current log-likelihood: -3759456.275
6. Current log-likelihood: -3759456.234
7. Current log-likelihood: -3759456.198
8. Current log-likelihood: -3759456.166
9. Current log-likelihood: -3759456.136
10. Current log-likelihood: -3759456.110
11. Current log-likelihood: -3759456.086
12. Current log-likelihood: -3759456.064
13. Current log-likelihood: -3759456.045
14. Current log-likelihood: -3759456.028
15. Current log-likelihood: -3759456.012
16. Current log-likelihood: -3759455.997
17. Current log-likelihood: -3759455.985
Optimal log-likelihood: -3759455.985
Rate parameters:  A-C: 1.22239  A-G: 2.97479  A-T: 0.64184  C-G: 1.10109  C-T: 3.03641  G-T: 1.00000
Base frequencies:  A: 0.157  C: 0.340  G: 0.347  T: 0.156
Parameters optimization took 17 rounds (0.054 sec)
BEST SCORE FOUND : -3759455.985
Total tree length: 0.001

Total number of iterations: 103
CPU time used for tree search: 184.433 sec (0h:3m:4s)
Wall-clock time used for tree search: 5.980 sec (0h:0m:5s)
Total CPU time used: 188.417 sec (0h:3m:8s)
Total wall-clock time used: 6.126 sec (0h:0m:6s)

Analysis results written to: 
  IQ-TREE report:                Burkholderia_mallei/6-tree_module/BUMA_32.nucl.grp.aln.iqtree_tree.iqtree
  Maximum-likelihood tree:       Burkholderia_mallei/6-tree_module/BUMA_32.nucl.grp.aln.iqtree_tree.treefile
  Likelihood distances:          Burkholderia_mallei/6-tree_module/BUMA_32.nucl.grp.aln.iqtree_tree.mldist
  Screen log file:               Burkholderia_mallei/6-tree_module/BUMA_32.nucl.grp.aln.iqtree_tree.log

Date and Time: Fri May 28 17:32:00 2021
