createdb 2-annotate_module/Proteins/ESCO414.All.prt 3-pangenome_module/ESCO414.All.prt-msDB 

MMseqs Version:       	12.113e3
Database type         	0
Shuffle input database	true
Createdb mode         	0
Write lookup file     	1
Offset of numeric ids 	0
Compressed            	0
Verbosity             	3

Converting sequences
[===================================================================================================	1 Mio. sequences processed
=============================================================================================
Time for merging to ESCO414.All.prt-msDB_h: 0h 0m 1s 113ms
Time for merging to ESCO414.All.prt-msDB: 0h 0m 2s 180ms
Database type: Aminoacid
Time for processing: 0h 0m 11s 218ms
cluster 3-pangenome_module/ESCO414.All.prt-msDB 3-pangenome_module/ESCO414.All.prt-clust-0.95-mode1-th32_2021-03-12_22-33-08 3-pangenome_module/tmp_ESCO414.All.prt_0.95-mode1-th32_2021-03-12_22-33-08 --min-seq-id 0.95 --threads 32 --cluster-mode 1 

MMseqs Version:                     	12.113e3
Substitution matrix                 	nucl:nucleotide.out,aa:blosum62.out
Seed substitution matrix            	nucl:nucleotide.out,aa:VTML80.out
Sensitivity                         	4
k-mer length                        	0
k-score                             	2147483647
Alphabet size                       	nucl:5,aa:21
Max sequence length                 	65535
Max results per query               	20
Split database                      	0
Split mode                          	2
Split memory limit                  	0
Coverage threshold                  	0.8
Coverage mode                       	0
Compositional bias                  	1
Diagonal scoring                    	true
Exact k-mer matching                	0
Mask residues                       	1
Mask lower case residues            	0
Minimum diagonal score              	15
Include identical seq. id.          	false
Spaced k-mers                       	1
Preload mode                        	0
Pseudo count a                      	1
Pseudo count b                      	1.5
Spaced k-mer pattern                	
Local temporary path                	
Threads                             	32
Compressed                          	0
Verbosity                           	3
Add backtrace                       	false
Alignment mode                      	3
Allow wrapped scoring               	false
E-value threshold                   	0.001
Seq. id. threshold                  	0.95
Min alignment length                	0
Seq. id. mode                       	0
Alternative alignments              	0
Realign hits                        	false
Max reject                          	2147483647
Max accept                          	2147483647
Score bias                          	0
Gap open cost                       	nucl:5,aa:11
Gap extension cost                  	nucl:2,aa:1
Zdrop                               	40
Rescore mode                        	0
Remove hits by seq. id. and coverage	false
Sort results                        	0
Cluster mode                        	1
Max connected component depth       	1000
Similarity type                     	2
Single step clustering              	false
Cascaded clustering steps           	3
Cluster reassign                    	false
Remove temporary files              	false
Force restart with latest tmp       	false
MPI runner                          	
k-mers per sequence                 	21
Scale k-mers per sequence           	nucl:0.200,aa:0.000
Adjust k-mer length                 	false
Shift hash                          	67
Include only extendable             	false
Skip repeating k-mers               	false

Set cluster sensitivity to -s 1.000000
Connected component clustering produces less clusters in a single step clustering.
Please use --single-step-clusterkmermatcher 3-pangenome_module/ESCO414.All.prt-msDB 3-pangenome_module/tmp_ESCO414.All.prt_0.95-mode1-th32_2021-03-12_22-33-08/12885852548576263209/linclust/16672714563826069471/pref --sub-mat nucl:nucleotide.out,aa:blosum62.out --alph-size nucl:5,aa:13 --min-seq-id 0.95 --kmer-per-seq 21 --spaced-kmer-mode 1 --kmer-per-seq-scale nucl:0.200,aa:0.000 --adjust-kmer-len 0 --mask 0 --mask-lower-case 0 --cov-mode 0 -k 0 -c 0.8 --max-seq-len 65535 --hash-shift 67 --split-memory-limit 0 --include-only-extendable 0 --ignore-multi-kmer 0 --threads 32 --compressed 0 -v 3 

kmermatcher 3-pangenome_module/ESCO414.All.prt-msDB 3-pangenome_module/tmp_ESCO414.All.prt_0.95-mode1-th32_2021-03-12_22-33-08/12885852548576263209/linclust/16672714563826069471/pref --sub-mat nucl:nucleotide.out,aa:blosum62.out --alph-size nucl:5,aa:13 --min-seq-id 0.95 --kmer-per-seq 21 --spaced-kmer-mode 1 --kmer-per-seq-scale nucl:0.200,aa:0.000 --adjust-kmer-len 0 --mask 0 --mask-lower-case 0 --cov-mode 0 -k 0 -c 0.8 --max-seq-len 65535 --hash-shift 67 --split-memory-limit 0 --include-only-extendable 0 --ignore-multi-kmer 0 --threads 32 --compressed 0 -v 3 

Database size: 1930420 type: Aminoacid
Reduced amino acid alphabet: (A S T) (C) (D B N) (E Q Z) (F Y) (G) (H) (I V) (K R) (L J M) (P) (W) (X) 

Generate k-mers list for 1 split
[=================================================================] 1.93M 1s 352ms
Sort kmer 0h 0m 0s 513ms
Sort by rep. sequence 0h 0m 0s 295ms
Time for fill: 0h 0m 0s 285ms
Time for merging to pref: 0h 0m 0s 1ms
Time for processing: 0h 0m 3s 515ms
rescorediagonal 3-pangenome_module/ESCO414.All.prt-msDB 3-pangenome_module/ESCO414.All.prt-msDB 3-pangenome_module/tmp_ESCO414.All.prt_0.95-mode1-th32_2021-03-12_22-33-08/12885852548576263209/linclust/16672714563826069471/pref 3-pangenome_module/tmp_ESCO414.All.prt_0.95-mode1-th32_2021-03-12_22-33-08/12885852548576263209/linclust/16672714563826069471/pref_rescore1 --sub-mat nucl:nucleotide.out,aa:blosum62.out --rescore-mode 0 --wrapped-scoring 0 --filter-hits 0 -e 0.001 -c 0.8 -a 0 --cov-mode 0 --min-seq-id 0.95 --min-aln-len 0 --seq-id-mode 0 --add-self-matches 0 --sort-results 0 --db-load-mode 0 --threads 32 --compressed 0 -v 3 

[=================================================================] 1.93M 0s 534ms
Time for merging to pref_rescore1: 0h 0m 0s 731ms
Time for processing: 0h 0m 2s 244ms
clust 3-pangenome_module/ESCO414.All.prt-msDB 3-pangenome_module/tmp_ESCO414.All.prt_0.95-mode1-th32_2021-03-12_22-33-08/12885852548576263209/linclust/16672714563826069471/pref_rescore1 3-pangenome_module/tmp_ESCO414.All.prt_0.95-mode1-th32_2021-03-12_22-33-08/12885852548576263209/linclust/16672714563826069471/pre_clust --cluster-mode 1 --max-iterations 1000 --similarity-type 2 --threads 32 --compressed 0 -v 3 

Clustering mode: Connected Component
[=================================================================] 1.93M 0s 151ms
Sort entries
Find missing connections
Found 3668719 new connections.
Reconstruct initial order
[=================================================================] 1.93M 0s 159ms
Add missing connections
[=================================================================] 1.93M 0s 77ms

Time for read in: 0h 0m 0s 660ms
connected component mode
Total time: 0h 0m 0s 977ms

Size of the sequence database: 1930420
Size of the alignment database: 1930420
Number of clusters: 63058

Writing results 0h 0m 0s 83ms
Time for merging to pre_clust: 0h 0m 0s 1ms
Time for processing: 0h 0m 1s 393ms
createsubdb 3-pangenome_module/tmp_ESCO414.All.prt_0.95-mode1-th32_2021-03-12_22-33-08/12885852548576263209/linclust/16672714563826069471/order_redundancy 3-pangenome_module/ESCO414.All.prt-msDB 3-pangenome_module/tmp_ESCO414.All.prt_0.95-mode1-th32_2021-03-12_22-33-08/12885852548576263209/linclust/16672714563826069471/input_step_redundancy -v 3 --subdb-mode 1 

Time for merging to input_step_redundancy: 0h 0m 0s 1ms
Time for processing: 0h 0m 0s 139ms
createsubdb 3-pangenome_module/tmp_ESCO414.All.prt_0.95-mode1-th32_2021-03-12_22-33-08/12885852548576263209/linclust/16672714563826069471/order_redundancy 3-pangenome_module/tmp_ESCO414.All.prt_0.95-mode1-th32_2021-03-12_22-33-08/12885852548576263209/linclust/16672714563826069471/pref 3-pangenome_module/tmp_ESCO414.All.prt_0.95-mode1-th32_2021-03-12_22-33-08/12885852548576263209/linclust/16672714563826069471/pref_filter1 -v 3 --subdb-mode 1 

Time for merging to pref_filter1: 0h 0m 0s 1ms
Time for processing: 0h 0m 0s 234ms
filterdb 3-pangenome_module/tmp_ESCO414.All.prt_0.95-mode1-th32_2021-03-12_22-33-08/12885852548576263209/linclust/16672714563826069471/pref_filter1 3-pangenome_module/tmp_ESCO414.All.prt_0.95-mode1-th32_2021-03-12_22-33-08/12885852548576263209/linclust/16672714563826069471/pref_filter2 --filter-file 3-pangenome_module/tmp_ESCO414.All.prt_0.95-mode1-th32_2021-03-12_22-33-08/12885852548576263209/linclust/16672714563826069471/order_redundancy --threads 32 --compressed 0 -v 3 

Filtering using file(s)
[=================================================================] 63.06K 0s 50ms
Time for merging to pref_filter2: 0h 0m 0s 58ms
Time for processing: 0h 0m 0s 379ms
rescorediagonal 3-pangenome_module/tmp_ESCO414.All.prt_0.95-mode1-th32_2021-03-12_22-33-08/12885852548576263209/linclust/16672714563826069471/input_step_redundancy 3-pangenome_module/tmp_ESCO414.All.prt_0.95-mode1-th32_2021-03-12_22-33-08/12885852548576263209/linclust/16672714563826069471/input_step_redundancy 3-pangenome_module/tmp_ESCO414.All.prt_0.95-mode1-th32_2021-03-12_22-33-08/12885852548576263209/linclust/16672714563826069471/pref_filter2 3-pangenome_module/tmp_ESCO414.All.prt_0.95-mode1-th32_2021-03-12_22-33-08/12885852548576263209/linclust/16672714563826069471/pref_rescore2 --sub-mat nucl:nucleotide.out,aa:blosum62.out --rescore-mode 1 --wrapped-scoring 0 --filter-hits 1 -e 0.001 -c 0.8 -a 0 --cov-mode 0 --min-seq-id 0.95 --min-aln-len 0 --seq-id-mode 0 --add-self-matches 0 --sort-results 0 --db-load-mode 0 --threads 32 --compressed 0 -v 3 

[=================================================================] 63.06K 0s 31ms
Time for merging to pref_rescore2: 0h 0m 0s 70ms
Time for processing: 0h 0m 0s 299ms
align 3-pangenome_module/tmp_ESCO414.All.prt_0.95-mode1-th32_2021-03-12_22-33-08/12885852548576263209/linclust/16672714563826069471/input_step_redundancy 3-pangenome_module/tmp_ESCO414.All.prt_0.95-mode1-th32_2021-03-12_22-33-08/12885852548576263209/linclust/16672714563826069471/input_step_redundancy 3-pangenome_module/tmp_ESCO414.All.prt_0.95-mode1-th32_2021-03-12_22-33-08/12885852548576263209/linclust/16672714563826069471/pref_rescore2 3-pangenome_module/tmp_ESCO414.All.prt_0.95-mode1-th32_2021-03-12_22-33-08/12885852548576263209/linclust/16672714563826069471/aln --sub-mat nucl:nucleotide.out,aa:blosum62.out -a 0 --alignment-mode 3 --wrapped-scoring 0 -e 0.001 --min-seq-id 0.95 --min-aln-len 0 --seq-id-mode 0 --alt-ali 0 -c 0.8 --cov-mode 0 --max-seq-len 65535 --comp-bias-corr 0 --realign 0 --max-rejected 2147483647 --max-accept 2147483647 --add-self-matches 0 --db-load-mode 0 --pca 1 --pcb 1.5 --score-bias 0 --gap-open nucl:5,aa:11 --gap-extend nucl:2,aa:1 --zdrop 40 --threads 32 --compressed 0 -v 3 

Compute score, coverage and sequence identity
Query database size: 63058 type: Aminoacid
Target database size: 63058 type: Aminoacid
Calculation of alignments
[=================================================================] 63.06K 0s 490ms
Time for merging to aln: 0h 0m 1s 434ms

77216 alignments calculated.
65742 sequence pairs passed the thresholds (0.851404 of overall calculated).
1.042564 hits per query sequence.
Time for processing: 0h 0m 2s 270ms
clust 3-pangenome_module/tmp_ESCO414.All.prt_0.95-mode1-th32_2021-03-12_22-33-08/12885852548576263209/linclust/16672714563826069471/input_step_redundancy 3-pangenome_module/tmp_ESCO414.All.prt_0.95-mode1-th32_2021-03-12_22-33-08/12885852548576263209/linclust/16672714563826069471/aln 3-pangenome_module/tmp_ESCO414.All.prt_0.95-mode1-th32_2021-03-12_22-33-08/12885852548576263209/linclust/16672714563826069471/clust --cluster-mode 1 --max-iterations 1000 --similarity-type 2 --threads 32 --compressed 0 -v 3 

Clustering mode: Connected Component
[=================================================================] 63.06K 0s 7ms
Sort entries
Find missing connections
Found 2684 new connections.
Reconstruct initial order
[=================================================================] 63.06K 0s 10ms
Add missing connections
[=================================================================] 63.06K 0s 1ms

Time for read in: 0h 0m 0s 77ms
connected component mode
Total time: 0h 0m 0s 165ms

Size of the sequence database: 63058
Size of the alignment database: 63058
Number of clusters: 60438

Writing results 0h 0m 0s 10ms
Time for merging to clust: 0h 0m 0s 1ms
Time for processing: 0h 0m 0s 266ms
mergeclusters 3-pangenome_module/ESCO414.All.prt-msDB 3-pangenome_module/tmp_ESCO414.All.prt_0.95-mode1-th32_2021-03-12_22-33-08/12885852548576263209/clu_redundancy 3-pangenome_module/tmp_ESCO414.All.prt_0.95-mode1-th32_2021-03-12_22-33-08/12885852548576263209/linclust/16672714563826069471/pre_clust 3-pangenome_module/tmp_ESCO414.All.prt_0.95-mode1-th32_2021-03-12_22-33-08/12885852548576263209/linclust/16672714563826069471/clust --threads 32 --compressed 0 -v 3 

Clustering step 1
[=================================================================] 63.06K 0s 170ms
Clustering step 2
[=================================================================] 60.44K 0s 206ms
Write merged clustering
[=================================================================] 1.93M 0s 348ms
Time for merging to clu_redundancy: 0h 0m 0s 58ms
Time for processing: 0h 0m 1s 62ms
createsubdb 3-pangenome_module/tmp_ESCO414.All.prt_0.95-mode1-th32_2021-03-12_22-33-08/12885852548576263209/clu_redundancy 3-pangenome_module/ESCO414.All.prt-msDB 3-pangenome_module/tmp_ESCO414.All.prt_0.95-mode1-th32_2021-03-12_22-33-08/12885852548576263209/input_step_redundancy -v 3 --subdb-mode 1 

Time for merging to input_step_redundancy: 0h 0m 0s 1ms
Time for processing: 0h 0m 0s 167ms
prefilter 3-pangenome_module/tmp_ESCO414.All.prt_0.95-mode1-th32_2021-03-12_22-33-08/12885852548576263209/input_step_redundancy 3-pangenome_module/tmp_ESCO414.All.prt_0.95-mode1-th32_2021-03-12_22-33-08/12885852548576263209/input_step_redundancy 3-pangenome_module/tmp_ESCO414.All.prt_0.95-mode1-th32_2021-03-12_22-33-08/12885852548576263209/pref_step0 --sub-mat nucl:nucleotide.out,aa:blosum62.out --seed-sub-mat nucl:nucleotide.out,aa:VTML80.out -s 1 -k 0 --k-score 2147483647 --alph-size nucl:5,aa:21 --max-seq-len 65535 --max-seqs 20 --split 0 --split-mode 2 --split-memory-limit 0 -c 0.8 --cov-mode 0 --comp-bias-corr 0 --diag-score 0 --exact-kmer-matching 0 --mask 1 --mask-lower-case 0 --min-ungapped-score 0 --add-self-matches 0 --spaced-kmer-mode 1 --db-load-mode 0 --pca 1 --pcb 1.5 --threads 32 --compressed 0 -v 3 

Query database size: 60438 type: Aminoacid
Estimated memory consumption: 1G
Target database size: 60438 type: Aminoacid
Index table k-mer threshold: 154 at k-mer size 6 
Index table: counting k-mers
[=================================================================] 60.44K 0s 220ms
Index table: Masked residues: 356584
Index table: fill
[=================================================================] 60.44K 0s 84ms
Index statistics
Entries:          7418957
DB size:          530 MB
Avg k-mer size:   0.115921
Top 10 k-mers
    DAGTGQ	442
    TSGPFS	426
    QHPKIV	420
    YDTQFW	417
    ELPYIT	414
    PTQEFS	413
    WDPVGV	413
    RGARLW	413
    VLDCMR	405
    MPWGLT	405
Time for index table init: 0h 0m 0s 833ms
Process prefiltering step 1 of 1

k-mer similarity threshold: 154
Starting prefiltering scores calculation (step 1 of 1)
Query db start 1 to 60438
Target db start 1 to 60438
[=================================================================] 60.44K 0s 307ms

1.968365 k-mers per position
3290 DB matches per sequence
0 overflows
0 queries produce too many hits (truncated result)
10 sequences passed prefiltering per query sequence
8 median result list length
0 sequences with 0 size result lists
Time for merging to pref_step0: 0h 0m 0s 73ms
Time for processing: 0h 0m 1s 770ms
align 3-pangenome_module/tmp_ESCO414.All.prt_0.95-mode1-th32_2021-03-12_22-33-08/12885852548576263209/input_step_redundancy 3-pangenome_module/tmp_ESCO414.All.prt_0.95-mode1-th32_2021-03-12_22-33-08/12885852548576263209/input_step_redundancy 3-pangenome_module/tmp_ESCO414.All.prt_0.95-mode1-th32_2021-03-12_22-33-08/12885852548576263209/pref_step0 3-pangenome_module/tmp_ESCO414.All.prt_0.95-mode1-th32_2021-03-12_22-33-08/12885852548576263209/aln_step0 --sub-mat nucl:nucleotide.out,aa:blosum62.out -a 0 --alignment-mode 3 --wrapped-scoring 0 -e 0.001 --min-seq-id 0.95 --min-aln-len 0 --seq-id-mode 0 --alt-ali 0 -c 0.8 --cov-mode 0 --max-seq-len 65535 --comp-bias-corr 0 --realign 0 --max-rejected 2147483647 --max-accept 2147483647 --add-self-matches 0 --db-load-mode 0 --pca 1 --pcb 1.5 --score-bias 0 --gap-open nucl:5,aa:11 --gap-extend nucl:2,aa:1 --zdrop 40 --threads 32 --compressed 0 -v 3 

Compute score, coverage and sequence identity
Query database size: 60438 type: Aminoacid
Target database size: 60438 type: Aminoacid
Calculation of alignments
[=================================================================] 60.44K 11s 590ms
Time for merging to aln_step0: 0h 0m 0s 65ms

319097 alignments calculated.
117271 sequence pairs passed the thresholds (0.367509 of overall calculated).
1.940352 hits per query sequence.
Time for processing: 0h 0m 11s 865ms
clust 3-pangenome_module/tmp_ESCO414.All.prt_0.95-mode1-th32_2021-03-12_22-33-08/12885852548576263209/input_step_redundancy 3-pangenome_module/tmp_ESCO414.All.prt_0.95-mode1-th32_2021-03-12_22-33-08/12885852548576263209/aln_step0 3-pangenome_module/tmp_ESCO414.All.prt_0.95-mode1-th32_2021-03-12_22-33-08/12885852548576263209/clu_step0 --cluster-mode 1 --max-iterations 1000 --similarity-type 2 --threads 32 --compressed 0 -v 3 

Clustering mode: Connected Component
[=================================================================] 60.44K 0s 6ms
Sort entries
Find missing connections
Found 15281 new connections.
Reconstruct initial order
[=================================================================] 60.44K 0s 10ms
Add missing connections
[=================================================================] 60.44K 0s 2ms

Time for read in: 0h 0m 0s 66ms
connected component mode
Total time: 0h 0m 0s 152ms

Size of the sequence database: 60438
Size of the alignment database: 60438
Number of clusters: 52592

Writing results 0h 0m 0s 7ms
Time for merging to clu_step0: 0h 0m 0s 1ms
Time for processing: 0h 0m 0s 264ms
mergeclusters 3-pangenome_module/ESCO414.All.prt-msDB 3-pangenome_module/ESCO414.All.prt-clust-0.95-mode1-th32_2021-03-12_22-33-08 3-pangenome_module/tmp_ESCO414.All.prt_0.95-mode1-th32_2021-03-12_22-33-08/12885852548576263209/clu_redundancy 3-pangenome_module/tmp_ESCO414.All.prt_0.95-mode1-th32_2021-03-12_22-33-08/12885852548576263209/clu_step0 --threads 32 --compressed 0 -v 3 

Clustering step 1
[=================================================================] 60.44K 0s 132ms
Clustering step 2
[=================================================================] 52.59K 0s 159ms
Write merged clustering
[=================================================================] 1.93M 0s 284ms
Time for merging to ESCO414.All.prt-clust-0.95-mode1-th32_2021-03-12_22-33-08: 0h 0m 0s 50ms
Time for processing: 0h 0m 0s 777ms
createtsv 3-pangenome_module/ESCO414.All.prt-msDB 3-pangenome_module/ESCO414.All.prt-msDB 3-pangenome_module/ESCO414.All.prt-clust-0.95-mode1-th32_2021-03-12_22-33-08 3-pangenome_module/ESCO414.All.prt-clust-0.95-mode1-th32_2021-03-12_22-33-08.tsv 

MMseqs Version:                 	12.113e3
First sequence as representative	false
Target column                   	1
Add full header                 	false
Sequence source                 	0
Database output                 	false
Threads                         	64
Compressed                      	0
Verbosity                       	3

Time for merging to ESCO414.All.prt-clust-0.95-mode1-th32_2021-03-12_22-33-08.tsv: 0h 0m 0s 448ms
Time for processing: 0h 0m 1s 235ms

------------

Start: 2021-03-12_22-33-08 
End: 2021-03-12_22-33-52