IQ-TREE multicore version 2.1.2 COVID-edition for Linux 64-bit built Oct 22 2020
Developed by Bui Quang Minh, James Barbetti, Nguyen Lam Tung,
Olga Chernomor, Heiko Schmidt, Dominik Schrempf, Michael Woodhams.

Host:    orthrus-1 (AVX512, FMA3, 1006 GB RAM)
Command: iqtree2 -s 5-align_module/Phylo-STPY_219/STPY_219.nucl.grp.aln -T 32 -m GTR -B 1000 --seqtype DNA --prefix 6-tree_module_boot/STPY_219.nucl.grp.aln.iqtree_tree --quiet
Seed:    563033 (Using SPRNG - Scalable Parallel Random Number Generator)
Time:    Wed Mar 31 14:40:06 2021
Kernel:  AVX+FMA - 32 threads (32 CPU cores detected)

Reading alignment file 5-align_module/Phylo-STPY_219/STPY_219.nucl.grp.aln ... Fasta format detected
Alignment most likely contains DNA/RNA sequences
Alignment has 219 sequences with 904065 columns, 34957 distinct patterns
49069 parsimony-informative, 26005 singleton sites, 828991 constant sites
                 Gap/Ambiguity  Composition  p-value
   1  STPY.0321.00001    0.63%    passed     99.92%
   2  STPY.0321.00002    0.61%    passed     99.77%
   3  STPY.0321.00003    0.62%    passed     99.78%
   4  STPY.0321.00004    0.62%    passed     99.99%
   5  STPY.0321.00005    0.55%    passed     99.92%
   6  STPY.0321.00006    0.56%    passed     99.36%
   7  STPY.0321.00007    0.59%    passed     99.92%
   8  STPY.0321.00008    0.60%    passed     99.99%
   9  STPY.0321.00009    0.57%    passed     99.81%
  10  STPY.0321.00010    0.62%    passed     99.99%
  11  STPY.0321.00011    0.61%    passed     99.93%
  12  STPY.0321.00012    0.60%    passed     99.96%
  13  STPY.0321.00013    0.59%    passed     99.91%
  14  STPY.0321.00014    0.63%    passed     99.93%
  15  STPY.0321.00015    0.57%    passed     99.87%
  16  STPY.0321.00016    0.60%    passed     99.97%
  17  STPY.0321.00017    0.58%    passed     99.80%
  18  STPY.0321.00018    0.61%    passed     99.93%
  19  STPY.0321.00019    0.61%    passed     99.90%
  20  STPY.0321.00020    0.61%    passed     99.92%
  21  STPY.0321.00021    0.62%    passed     99.98%
  22  STPY.0321.00022    0.54%    passed     99.94%
  23  STPY.0321.00023    0.55%    passed     99.89%
  24  STPY.0321.00024    0.55%    passed     99.90%
  25  STPY.0321.00025    0.63%    passed     99.99%
  26  STPY.0321.00026    0.63%    passed     99.99%
  27  STPY.0321.00027    0.55%    passed     99.90%
  28  STPY.0321.00028    0.57%    passed     99.98%
  29  STPY.0321.00029    0.60%    passed     99.93%
  30  STPY.0321.00030    0.56%    passed     99.98%
  31  STPY.0321.00031    0.57%    passed    100.00%
  32  STPY.0321.00032    0.82%    passed     99.84%
  33  STPY.0321.00033    0.58%    passed     99.96%
  34  STPY.0321.00034    0.68%    passed     99.99%
  35  STPY.0321.00035    0.57%    passed     99.91%
  36  STPY.0321.00036    0.59%    passed     99.96%
  37  STPY.0321.00037    0.58%    passed     99.95%
  38  STPY.0321.00038    0.60%    passed     99.96%
  39  STPY.0321.00039    0.55%    passed     99.87%
  40  STPY.0321.00040    0.59%    passed     99.74%
  41  STPY.0321.00041    0.54%    passed     99.94%
  42  STPY.0321.00042    0.60%    passed     99.92%
  43  STPY.0321.00043    0.56%    passed     99.81%
  44  STPY.0321.00044    0.63%    passed     99.90%
  45  STPY.0321.00045    0.55%    passed     99.89%
  46  STPY.0321.00046    0.62%    passed     99.92%
  47  STPY.0321.00047    0.55%    passed     99.87%
  48  STPY.0321.00048    0.56%    passed     99.99%
  49  STPY.0321.00049    0.55%    passed     99.89%
  50  STPY.0321.00050    0.59%    passed     99.06%
  51  STPY.0321.00051    0.55%    passed     99.88%
  52  STPY.0321.00052    0.54%    passed     99.94%
  53  STPY.0321.00053    0.55%    passed     99.90%
  54  STPY.0321.00054    0.55%    passed     99.86%
  55  STPY.0321.00055    0.57%    passed     99.95%
  56  STPY.0321.00056    0.56%    passed     99.86%
  57  STPY.0321.00057    0.56%    passed     99.90%
  58  STPY.0321.00058    0.55%    passed     99.86%
  59  STPY.0321.00059    0.57%    passed     99.94%
  60  STPY.0321.00060    0.60%    passed     99.94%
  61  STPY.0321.00061    0.56%    passed     99.90%
  62  STPY.0321.00062    0.58%    passed     99.87%
  63  STPY.0321.00063    0.57%    passed     99.96%
  64  STPY.0321.00064    0.56%    passed     99.97%
  65  STPY.0321.00065    0.55%    passed     99.89%
  66  STPY.0321.00066    0.59%    passed     99.97%
  67  STPY.0321.00067    0.57%    passed     99.47%
  68  STPY.0321.00068    0.55%    passed     99.90%
  69  STPY.0321.00069    0.54%    passed     99.93%
  70  STPY.0321.00070    0.57%    passed     99.83%
  71  STPY.0321.00071    0.55%    passed     99.87%
  72  STPY.0321.00072    0.55%    passed     99.89%
  73  STPY.0321.00073    0.55%    passed     99.90%
  74  STPY.0321.00074    0.55%    passed     99.88%
  75  STPY.0321.00075    0.55%    passed     99.86%
  76  STPY.0321.00076    0.55%    passed     99.85%
  77  STPY.0321.00077    0.55%    passed     99.88%
  78  STPY.0321.00078    0.55%    passed     99.91%
  79  STPY.0321.00079    0.60%    passed     99.97%
  80  STPY.0321.00080    0.56%    passed     99.06%
  81  STPY.0321.00081    0.57%    passed     99.63%
  82  STPY.0321.00082    0.60%    passed     99.86%
  83  STPY.0321.00083    0.58%    passed     99.74%
  84  STPY.0321.00084    0.55%    passed     99.89%
  85  STPY.0321.00085    0.57%    passed     99.88%
  86  STPY.0321.00086    0.57%    passed     98.81%
  87  STPY.0321.00087    0.61%    passed     99.76%
  88  STPY.0321.00088    0.58%    passed     99.52%
  89  STPY.0321.00089    0.56%    passed     99.99%
  90  STPY.0321.00090    0.57%    passed     99.98%
  91  STPY.0321.00091    0.58%    passed     99.96%
  92  STPY.0321.00092    0.60%    passed     99.73%
  93  STPY.0321.00093    0.62%    passed     99.53%
  94  STPY.0321.00094    0.58%    passed     99.98%
  95  STPY.0321.00095    0.58%    passed     99.68%
  96  STPY.0321.00096    0.62%    passed     98.97%
  97  STPY.0321.00097    0.56%    passed     99.99%
  98  STPY.0321.00098    0.55%    passed     99.06%
  99  STPY.0321.00099    0.57%    passed     99.89%
 100  STPY.0321.00100    0.57%    passed     99.87%
 101  STPY.0321.00101    0.66%    passed     99.99%
 102  STPY.0321.00102    0.59%    passed     99.27%
 103  STPY.0321.00103    0.59%    passed     99.94%
 104  STPY.0321.00104    0.57%    passed     99.89%
 105  STPY.0321.00105    0.60%    passed     99.88%
 106  STPY.0321.00106    0.57%    passed     99.96%
 107  STPY.0321.00107    0.59%    passed     99.73%
 108  STPY.0321.00108    0.59%    passed     99.91%
 109  STPY.0321.00109    0.59%    passed     99.88%
 110  STPY.0321.00110    0.62%    passed     99.99%
 111  STPY.0321.00111    0.62%    passed     99.99%
 112  STPY.0321.00112    0.62%    passed     99.94%
 113  STPY.0321.00113    0.62%    passed     99.94%
 114  STPY.0321.00114    0.63%    passed     99.92%
 115  STPY.0321.00115    0.60%    passed     99.92%
 116  STPY.0321.00116    0.61%    passed     99.93%
 117  STPY.0321.00117    0.62%    passed     99.99%
 118  STPY.0321.00118    0.63%    passed     99.95%
 119  STPY.0321.00119    0.56%    passed     99.83%
 120  STPY.0321.00120    0.59%    passed     99.94%
 121  STPY.0321.00121    0.62%    passed     99.93%
 122  STPY.0321.00122    0.58%    passed     99.80%
 123  STPY.0321.00123    0.60%    passed     99.92%
 124  STPY.0321.00124    0.60%    passed     99.95%
 125  STPY.0321.00125    0.61%    passed     99.92%
 126  STPY.0321.00126    0.60%    passed     99.91%
 127  STPY.0321.00127    0.55%    passed     99.83%
 128  STPY.0321.00128    0.57%    passed     99.60%
 129  STPY.0321.00129    0.57%    passed     99.64%
 130  STPY.0321.00130    0.57%    passed     99.62%
 131  STPY.0321.00131    0.62%    passed     99.97%
 132  STPY.0321.00132    0.57%    passed     99.94%
 133  STPY.0321.00133    0.60%    passed     98.89%
 134  STPY.0321.00134    0.60%    passed     99.70%
 135  STPY.0321.00135    0.59%    passed     99.65%
 136  STPY.0321.00136    0.60%    passed    100.00%
 137  STPY.0321.00137    0.60%    passed     98.92%
 138  STPY.0321.00138    0.62%    passed     99.90%
 139  STPY.0321.00139    0.57%    passed    100.00%
 140  STPY.0321.00140    0.57%    passed     99.89%
 141  STPY.0321.00141    0.56%    passed    100.00%
 142  STPY.0321.00142    0.57%    passed     99.21%
 143  STPY.0321.00143    0.61%    passed     99.91%
 144  STPY.0321.00144    0.59%    passed     98.71%
 145  STPY.0321.00145    0.55%    passed     99.95%
 146  STPY.0321.00146    0.57%    passed     99.99%
 147  STPY.0321.00147    0.60%    passed     99.54%
 148  STPY.0321.00148    0.56%    passed     99.96%
 149  STPY.0321.00149    0.56%    passed     99.89%
 150  STPY.0321.00150    0.60%    passed     98.97%
 151  STPY.0321.00151    0.60%    passed     99.65%
 152  STPY.0321.00152    0.55%    passed     99.95%
 153  STPY.0321.00153    0.60%    passed     98.08%
 154  STPY.0321.00154    0.60%    passed     99.85%
 155  STPY.0321.00155    0.61%    passed     99.95%
 156  STPY.0321.00156    0.56%    passed     99.88%
 157  STPY.0321.00157    0.57%    passed     99.83%
 158  STPY.0321.00158    0.57%    passed     99.44%
 159  STPY.0321.00159    0.61%    passed     99.97%
 160  STPY.0321.00160    0.60%    passed     99.87%
 161  STPY.0321.00161    0.57%    passed     99.95%
 162  STPY.0321.00162    0.59%    passed     99.91%
 163  STPY.0321.00163    0.57%    passed     99.65%
 164  STPY.0321.00164    0.59%    passed     99.93%
 165  STPY.0321.00165    0.60%    passed    100.00%
 166  STPY.0321.00166    0.58%    passed     99.66%
 167  STPY.0321.00167    0.57%    passed     99.97%
 168  STPY.0321.00168    0.58%    passed     99.80%
 169  STPY.0321.00169    0.60%    passed     99.72%
 170  STPY.0321.00170    0.57%    passed    100.00%
 171  STPY.0321.00171    0.53%    passed     99.52%
 172  STPY.0321.00172    0.59%    passed     99.60%
 173  STPY.0321.00173    0.61%    passed     99.92%
 174  STPY.0321.00174    0.60%    passed     99.94%
 175  STPY.0321.00175    0.56%    passed     99.94%
 176  STPY.0321.00176    0.57%    passed     99.97%
 177  STPY.0321.00177    0.61%    passed     99.99%
 178  STPY.0321.00178    0.55%    passed     99.99%
 179  STPY.0321.00179    0.59%    passed     99.99%
 180  STPY.0321.00180    0.57%    passed     99.47%
 181  STPY.0321.00181    0.57%    passed     99.95%
 182  STPY.0321.00182    0.62%    passed     99.93%
 183  STPY.0321.00183    0.57%    passed     99.95%
 184  STPY.0321.00184    0.63%    passed     99.99%
 185  STPY.0321.00185    0.62%    passed     99.98%
 186  STPY.0321.00186    0.63%    passed     99.99%
 187  STPY.0321.00187    0.60%    passed     99.92%
 188  STPY.0321.00188    0.60%    passed     99.96%
 189  STPY.0321.00189    0.56%    passed    100.00%
 190  STPY.0321.00190    0.55%    passed     99.89%
 191  STPY.0321.00191    0.55%    passed    100.00%
 192  STPY.0321.00192    0.60%    passed     99.99%
 193  STPY.0321.00193    0.61%    passed     99.93%
 194  STPY.0321.00194    0.57%    passed    100.00%
 195  STPY.0321.00195    0.63%    passed     99.94%
 196  STPY.0321.00196    0.57%    passed     99.84%
 197  STPY.0321.00197    0.59%    passed     99.75%
 198  STPY.0321.00198    0.62%    passed     99.87%
 199  STPY.0321.00199    0.59%    passed     99.90%
 200  STPY.0321.00200    0.61%    passed     99.95%
 201  STPY.0321.00201    0.62%    passed     99.99%
 202  STPY.0321.00202    0.55%    passed     99.86%
 203  STPY.0321.00203    0.71%    passed     99.98%
 204  STPY.0321.00204    0.70%    passed     99.93%
 205  STPY.0321.00205    0.72%    passed     99.95%
 206  STPY.0321.00206    0.59%    passed     99.60%
 207  STPY.0321.00207    0.66%    passed     98.04%
 208  STPY.0321.00208    0.62%    passed     99.98%
 209  STPY.0321.00209    0.61%    passed     99.99%
 210  STPY.0321.00210    0.60%    passed     99.98%
 211  STPY.0321.00211    0.60%    passed     99.99%
 212  STPY.0321.00212    0.58%    passed     99.99%
 213  STPY.0321.00213    0.63%    passed     99.99%
 214  STPY.0321.00214    0.64%    passed     99.98%
 215  STPY.0321.00215    0.56%    passed     99.87%
 216  STPY.0321.00216    0.59%    passed     99.92%
 217  STPY.0321.00217    0.58%    passed     99.91%
 218  STPY.0321.00218    0.60%    passed     99.96%
 219  STPY.0321.00219    0.61%    passed     99.98%
****  TOTAL              0.59%  0 sequences failed composition chi2 test (p-value<5%; df=3)
NOTE: minimal branch length is reduced to 0.000000110612 for long alignment

Create initial parsimony tree by phylogenetic likelihood library (PLL)... 2.282 seconds
Generating 1000 samples for ultrafast bootstrap (seed: 563033)...

NOTE: 381 MB RAM (0 GB) is required!
Estimate model parameters (epsilon = 0.100)
1. Initial log-likelihood: -3937286.993
2. Current log-likelihood: -3800937.299
3. Current log-likelihood: -3800933.860
4. Current log-likelihood: -3800933.621
Optimal log-likelihood: -3800933.610
Rate parameters:  A-C: 1.23626  A-G: 4.46032  A-T: 0.74472  C-G: 0.85896  C-T: 7.20854  G-T: 1.00000
Base frequencies:  A: 0.306  C: 0.184  G: 0.211  T: 0.298
Parameters optimization took 4 rounds (3.903 sec)
Computing ML distances based on estimated model parameters...
Computing ML distances took 0.158252 sec (of wall-clock time) 4.991260 sec(of CPU time)
Computing RapidNJ tree took 0.059293 sec (of wall-clock time) 0.603274 sec (of CPU time)
Log-likelihood of RapidNJ tree: -3822674.124
--------------------------------------------------------------------
|             INITIALIZING CANDIDATE TREE SET                      |
--------------------------------------------------------------------
Generating 98 parsimony trees... 234.956 second
Computing log-likelihood of 98 initial trees ... 8.617 seconds
Current best score: -3799475.565

Do NNI search on 20 best initial trees
Estimate model parameters (epsilon = 0.100)
BETTER TREE FOUND at iteration 1: -3799286.355
Iteration 10 / LogL: -3800701.593 / Time: 0h:4m:35s
Iteration 20 / LogL: -3801155.592 / Time: 0h:4m:57s
Finish initializing candidate tree set (20)
Current best tree score: -3799286.355 / CPU time: 287.525
Number of iterations: 20
--------------------------------------------------------------------
|               OPTIMIZING CANDIDATE TREE SET                      |
--------------------------------------------------------------------
Iteration 30 / LogL: -3802014.975 / Time: 0h:5m:13s (0h:12m:41s left)
Iteration 40 / LogL: -3800675.021 / Time: 0h:5m:30s (0h:8m:32s left)
Estimate model parameters (epsilon = 0.100)
BETTER TREE FOUND at iteration 46: -3799250.473
Estimate model parameters (epsilon = 0.100)
BETTER TREE FOUND at iteration 50: -3799235.253
Iteration 50 / LogL: -3799235.253 / Time: 0h:5m:48s (0h:11m:46s left)
Log-likelihood cutoff on original alignment: -3800860.985
Iteration 60 / LogL: -3802651.445 / Time: 0h:6m:5s (0h:9m:13s left)
Iteration 70 / LogL: -3799903.939 / Time: 0h:6m:21s (0h:7m:18s left)
Estimate model parameters (epsilon = 0.100)
BETTER TREE FOUND at iteration 77: -3799232.085
Iteration 80 / LogL: -3800456.161 / Time: 0h:6m:37s (0h:8m:4s left)
Iteration 90 / LogL: -3800005.293 / Time: 0h:6m:53s (0h:6m:41s left)
Estimate model parameters (epsilon = 0.100)
BETTER TREE FOUND at iteration 93: -3799197.303
Iteration 100 / LogL: -3799513.150 / Time: 0h:7m:10s (0h:6m:41s left)
Log-likelihood cutoff on original alignment: -3800793.697
NOTE: Bootstrap correlation coefficient of split occurrence frequencies: 0.994
Iteration 110 / LogL: -3800549.483 / Time: 0h:7m:28s (0h:6m:7s left)
Estimate model parameters (epsilon = 0.100)
BETTER TREE FOUND at iteration 113: -3799168.410
Iteration 120 / LogL: -3802763.616 / Time: 0h:7m:44s (0h:6m:1s left)
Iteration 130 / LogL: -3807215.869 / Time: 0h:8m:0s (0h:5m:7s left)
Estimate model parameters (epsilon = 0.100)
BETTER TREE FOUND at iteration 137: -3799042.378
Iteration 140 / LogL: -3801718.059 / Time: 0h:8m:17s (0h:5m:45s left)
Iteration 150 / LogL: -3800434.843 / Time: 0h:8m:32s (0h:4m:57s left)
Log-likelihood cutoff on original alignment: -3800327.708
Estimate model parameters (epsilon = 0.100)
BETTER TREE FOUND at iteration 158: -3798983.686
Iteration 160 / LogL: -3799214.405 / Time: 0h:8m:49s (0h:5m:24s left)
Iteration 170 / LogL: -3799162.579 / Time: 0h:9m:5s (0h:4m:42s left)
Iteration 180 / LogL: -3799934.765 / Time: 0h:9m:21s (0h:4m:3s left)
Estimate model parameters (epsilon = 0.100)
BETTER TREE FOUND at iteration 187: -3798971.430
Iteration 190 / LogL: -3799305.622 / Time: 0h:9m:38s (0h:4m:55s left)
Iteration 200 / LogL: -3799843.889 / Time: 0h:9m:54s (0h:4m:18s left)
Log-likelihood cutoff on original alignment: -3800327.708
NOTE: Bootstrap correlation coefficient of split occurrence frequencies: 0.978
NOTE: UFBoot does not converge, continue at least 100 more iterations
Iteration 210 / LogL: -3802653.614 / Time: 0h:10m:10s (0h:4m:21s left)
Iteration 220 / LogL: -3805057.459 / Time: 0h:10m:26s (0h:3m:47s left)
Iteration 230 / LogL: -3800974.441 / Time: 0h:10m:42s (0h:3m:15s left)
Iteration 240 / LogL: -3799085.596 / Time: 0h:10m:58s (0h:2m:44s left)
Estimate model parameters (epsilon = 0.100)
BETTER TREE FOUND at iteration 246: -3798970.544
Iteration 250 / LogL: -3800232.377 / Time: 0h:11m:15s (0h:4m:19s left)
Log-likelihood cutoff on original alignment: -3800327.708
Iteration 260 / LogL: -3801370.610 / Time: 0h:11m:32s (0h:3m:48s left)
Estimate model parameters (epsilon = 0.100)
BETTER TREE FOUND at iteration 262: -3798963.987
Iteration 270 / LogL: -3800542.536 / Time: 0h:11m:48s (0h:4m:1s left)
Iteration 280 / LogL: -3801919.805 / Time: 0h:12m:4s (0h:3m:32s left)
Iteration 290 / LogL: -3800941.888 / Time: 0h:12m:21s (0h:3m:3s left)
Iteration 300 / LogL: -3801388.801 / Time: 0h:12m:37s (0h:2m:36s left)
Log-likelihood cutoff on original alignment: -3800327.708
NOTE: Bootstrap correlation coefficient of split occurrence frequencies: 0.993
Iteration 310 / LogL: -3802814.524 / Time: 0h:12m:54s (0h:3m:44s left)
Iteration 320 / LogL: -3799165.125 / Time: 0h:13m:11s (0h:3m:17s left)
Iteration 330 / LogL: -3804197.539 / Time: 0h:13m:27s (0h:2m:51s left)
Estimate model parameters (epsilon = 0.100)
BETTER TREE FOUND at iteration 340: -3798963.112
Iteration 340 / LogL: -3798963.112 / Time: 0h:13m:44s (0h:4m:2s left)
Iteration 350 / LogL: -3805737.604 / Time: 0h:13m:59s (0h:3m:35s left)
Log-likelihood cutoff on original alignment: -3800088.168
Iteration 360 / LogL: -3798991.713 / Time: 0h:14m:16s (0h:3m:10s left)
Iteration 370 / LogL: -3801384.821 / Time: 0h:14m:31s (0h:2m:44s left)
Iteration 380 / LogL: -3800858.046 / Time: 0h:14m:46s (0h:2m:19s left)
Iteration 390 / LogL: -3799342.388 / Time: 0h:15m:2s (0h:1m:55s left)
Estimate model parameters (epsilon = 0.100)
UPDATE BEST LOG-LIKELIHOOD: -3798962.618
Iteration 400 / LogL: -3803097.914 / Time: 0h:15m:19s (0h:1m:31s left)
Log-likelihood cutoff on original alignment: -3800088.168
NOTE: Bootstrap correlation coefficient of split occurrence frequencies: 0.995
Iteration 410 / LogL: -3799716.385 / Time: 0h:15m:36s (0h:3m:25s left)
Iteration 420 / LogL: -3800148.590 / Time: 0h:15m:52s (0h:3m:1s left)
Iteration 430 / LogL: -3798976.872 / Time: 0h:16m:7s (0h:2m:37s left)
Iteration 440 / LogL: -3800220.514 / Time: 0h:16m:23s (0h:2m:14s left)
TREE SEARCH COMPLETED AFTER 441 ITERATIONS / Time: 0h:16m:24s

--------------------------------------------------------------------
|                    FINALIZING TREE SEARCH                        |
--------------------------------------------------------------------
Performs final model parameters optimization
Estimate model parameters (epsilon = 0.010)
1. Initial log-likelihood: -3798962.618
Optimal log-likelihood: -3798962.617
Rate parameters:  A-C: 1.23743  A-G: 4.46212  A-T: 0.74255  C-G: 0.85680  C-T: 7.20884  G-T: 1.00000
Base frequencies:  A: 0.306  C: 0.184  G: 0.211  T: 0.298
Parameters optimization took 1 rounds (0.493 sec)
BEST SCORE FOUND : -3798962.617
Creating bootstrap support values...
Split supports printed to NEXUS file 6-tree_module_boot/STPY_219.nucl.grp.aln.iqtree_tree.splits.nex
Total tree length: 0.372

Total number of iterations: 441
CPU time used for tree search: 25003.176 sec (6h:56m:43s)
Wall-clock time used for tree search: 974.737 sec (0h:16m:14s)
Total CPU time used: 25192.633 sec (6h:59m:52s)
Total wall-clock time used: 985.734 sec (0h:16m:25s)

Computing bootstrap consensus tree...
Reading input file 6-tree_module_boot/STPY_219.nucl.grp.aln.iqtree_tree.splits.nex...
219 taxa and 714 splits.
Consensus tree written to 6-tree_module_boot/STPY_219.nucl.grp.aln.iqtree_tree.contree
Reading input trees file 6-tree_module_boot/STPY_219.nucl.grp.aln.iqtree_tree.contree
Log-likelihood of consensus tree: -3798963.694

Analysis results written to: 
  IQ-TREE report:                6-tree_module_boot/STPY_219.nucl.grp.aln.iqtree_tree.iqtree
  Maximum-likelihood tree:       6-tree_module_boot/STPY_219.nucl.grp.aln.iqtree_tree.treefile
  Likelihood distances:          6-tree_module_boot/STPY_219.nucl.grp.aln.iqtree_tree.mldist

Ultrafast bootstrap approximation results written to:
  Split support values:          6-tree_module_boot/STPY_219.nucl.grp.aln.iqtree_tree.splits.nex
  Consensus tree:                6-tree_module_boot/STPY_219.nucl.grp.aln.iqtree_tree.contree
  Screen log file:               6-tree_module_boot/STPY_219.nucl.grp.aln.iqtree_tree.log

Date and Time: Wed Mar 31 14:56:44 2021
