createdb Streptococcus_pneumoniae/2-annotate_module/Proteins/STPN_97.All.prt Streptococcus_pneumoniae/3-pangenome_module/tmp_STPN_97.All.prt_0.8-mode1-th32/STPN_97.All.prt-msDB 

MMseqs Version:       	12.113e3
Database type         	0
Shuffle input database	true
Createdb mode         	0
Write lookup file     	1
Offset of numeric ids 	0
Compressed            	0
Verbosity             	3

Converting sequences
[====================
Time for merging to STPN_97.All.prt-msDB_h: 0h 0m 1s 446ms
Time for merging to STPN_97.All.prt-msDB: 0h 0m 3s 846ms
Database type: Aminoacid
Time for processing: 0h 0m 18s 755ms
cluster Streptococcus_pneumoniae/3-pangenome_module/tmp_STPN_97.All.prt_0.8-mode1-th32/STPN_97.All.prt-msDB Streptococcus_pneumoniae/3-pangenome_module/tmp_STPN_97.All.prt_0.8-mode1-th32/STPN_97.All.prt-clust-0.8-mode1-th32 Streptococcus_pneumoniae/3-pangenome_module/tmp_STPN_97.All.prt_0.8-mode1-th32 --min-seq-id 0.8 --threads 32 --cluster-mode 1 

MMseqs Version:                     	12.113e3
Substitution matrix                 	nucl:nucleotide.out,aa:blosum62.out
Seed substitution matrix            	nucl:nucleotide.out,aa:VTML80.out
Sensitivity                         	4
k-mer length                        	0
k-score                             	2147483647
Alphabet size                       	nucl:5,aa:21
Max sequence length                 	65535
Max results per query               	20
Split database                      	0
Split mode                          	2
Split memory limit                  	0
Coverage threshold                  	0.8
Coverage mode                       	0
Compositional bias                  	1
Diagonal scoring                    	true
Exact k-mer matching                	0
Mask residues                       	1
Mask lower case residues            	0
Minimum diagonal score              	15
Include identical seq. id.          	false
Spaced k-mers                       	1
Preload mode                        	0
Pseudo count a                      	1
Pseudo count b                      	1.5
Spaced k-mer pattern                	
Local temporary path                	
Threads                             	32
Compressed                          	0
Verbosity                           	3
Add backtrace                       	false
Alignment mode                      	3
Allow wrapped scoring               	false
E-value threshold                   	0.001
Seq. id. threshold                  	0.8
Min alignment length                	0
Seq. id. mode                       	0
Alternative alignments              	0
Realign hits                        	false
Max reject                          	2147483647
Max accept                          	2147483647
Score bias                          	0
Gap open cost                       	nucl:5,aa:11
Gap extension cost                  	nucl:2,aa:1
Zdrop                               	40
Rescore mode                        	0
Remove hits by seq. id. and coverage	false
Sort results                        	0
Cluster mode                        	1
Max connected component depth       	1000
Similarity type                     	2
Single step clustering              	false
Cascaded clustering steps           	3
Cluster reassign                    	false
Remove temporary files              	false
Force restart with latest tmp       	false
MPI runner                          	
k-mers per sequence                 	21
Scale k-mers per sequence           	nucl:0.200,aa:0.000
Adjust k-mer length                 	false
Shift hash                          	67
Include only extendable             	false
Skip repeating k-mers               	false

Set cluster sensitivity to -s 1.000000
Connected component clustering produces less clusters in a single step clustering.
Please use --single-step-clusterkmermatcher Streptococcus_pneumoniae/3-pangenome_module/tmp_STPN_97.All.prt_0.8-mode1-th32/STPN_97.All.prt-msDB Streptococcus_pneumoniae/3-pangenome_module/tmp_STPN_97.All.prt_0.8-mode1-th32/7399750842924604216/linclust/10490416230562036586/pref --sub-mat nucl:nucleotide.out,aa:blosum62.out --alph-size nucl:5,aa:13 --min-seq-id 0.8 --kmer-per-seq 21 --spaced-kmer-mode 1 --kmer-per-seq-scale nucl:0.200,aa:0.000 --adjust-kmer-len 0 --mask 0 --mask-lower-case 0 --cov-mode 0 -k 0 -c 0.8 --max-seq-len 65535 --hash-shift 67 --split-memory-limit 0 --include-only-extendable 0 --ignore-multi-kmer 0 --threads 32 --compressed 0 -v 3 

kmermatcher Streptococcus_pneumoniae/3-pangenome_module/tmp_STPN_97.All.prt_0.8-mode1-th32/STPN_97.All.prt-msDB Streptococcus_pneumoniae/3-pangenome_module/tmp_STPN_97.All.prt_0.8-mode1-th32/7399750842924604216/linclust/10490416230562036586/pref --sub-mat nucl:nucleotide.out,aa:blosum62.out --alph-size nucl:5,aa:13 --min-seq-id 0.8 --kmer-per-seq 21 --spaced-kmer-mode 1 --kmer-per-seq-scale nucl:0.200,aa:0.000 --adjust-kmer-len 0 --mask 0 --mask-lower-case 0 --cov-mode 0 -k 0 -c 0.8 --max-seq-len 65535 --hash-shift 67 --split-memory-limit 0 --include-only-extendable 0 --ignore-multi-kmer 0 --threads 32 --compressed 0 -v 3 

Database size: 202442 type: Aminoacid
Reduced amino acid alphabet: (A S T) (C) (D B N) (E Q Z) (F Y) (G) (H) (I V) (K R) (L J M) (P) (W) (X) 

Generate k-mers list for 1 split
[=================================================================] 202.44K 0s 180ms
Sort kmer 0h 0m 0s 107ms
Sort by rep. sequence 0h 0m 0s 76ms
Time for fill: 0h 0m 0s 38ms
Time for merging to pref: 0h 0m 0s 1ms
Time for processing: 0h 0m 0s 567ms
rescorediagonal Streptococcus_pneumoniae/3-pangenome_module/tmp_STPN_97.All.prt_0.8-mode1-th32/STPN_97.All.prt-msDB Streptococcus_pneumoniae/3-pangenome_module/tmp_STPN_97.All.prt_0.8-mode1-th32/STPN_97.All.prt-msDB Streptococcus_pneumoniae/3-pangenome_module/tmp_STPN_97.All.prt_0.8-mode1-th32/7399750842924604216/linclust/10490416230562036586/pref Streptococcus_pneumoniae/3-pangenome_module/tmp_STPN_97.All.prt_0.8-mode1-th32/7399750842924604216/linclust/10490416230562036586/pref_rescore1 --sub-mat nucl:nucleotide.out,aa:blosum62.out --rescore-mode 0 --wrapped-scoring 0 --filter-hits 0 -e 0.001 -c 0.8 -a 0 --cov-mode 0 --min-seq-id 0.8 --min-aln-len 0 --seq-id-mode 0 --add-self-matches 0 --sort-results 0 --db-load-mode 0 --threads 32 --compressed 0 -v 3 

[=================================================================] 202.44K 0s 43ms
Time for merging to pref_rescore1: 0h 0m 0s 169ms
Time for processing: 0h 0m 4s 536ms
clust Streptococcus_pneumoniae/3-pangenome_module/tmp_STPN_97.All.prt_0.8-mode1-th32/STPN_97.All.prt-msDB Streptococcus_pneumoniae/3-pangenome_module/tmp_STPN_97.All.prt_0.8-mode1-th32/7399750842924604216/linclust/10490416230562036586/pref_rescore1 Streptococcus_pneumoniae/3-pangenome_module/tmp_STPN_97.All.prt_0.8-mode1-th32/7399750842924604216/linclust/10490416230562036586/pre_clust --cluster-mode 1 --max-iterations 1000 --similarity-type 2 --threads 32 --compressed 0 -v 3 

Clustering mode: Connected Component
[=================================================================] 202.44K 0s 14ms
Sort entries
Find missing connections
Found 375135 new connections.
Reconstruct initial order
[=================================================================] 202.44K 0s 16ms
Add missing connections
[=================================================================] 202.44K 0s 9ms

Time for read in: 0h 0m 0s 94ms
connected component mode
Total time: 0h 0m 0s 185ms

Size of the sequence database: 202442
Size of the alignment database: 202442
Number of clusters: 7708

Writing results 0h 0m 0s 8ms
Time for merging to pre_clust: 0h 0m 0s 1ms
Time for processing: 0h 0m 0s 309ms
createsubdb Streptococcus_pneumoniae/3-pangenome_module/tmp_STPN_97.All.prt_0.8-mode1-th32/7399750842924604216/linclust/10490416230562036586/order_redundancy Streptococcus_pneumoniae/3-pangenome_module/tmp_STPN_97.All.prt_0.8-mode1-th32/STPN_97.All.prt-msDB Streptococcus_pneumoniae/3-pangenome_module/tmp_STPN_97.All.prt_0.8-mode1-th32/7399750842924604216/linclust/10490416230562036586/input_step_redundancy -v 3 --subdb-mode 1 

Time for merging to input_step_redundancy: 0h 0m 0s 1ms
Time for processing: 0h 0m 0s 32ms
createsubdb Streptococcus_pneumoniae/3-pangenome_module/tmp_STPN_97.All.prt_0.8-mode1-th32/7399750842924604216/linclust/10490416230562036586/order_redundancy Streptococcus_pneumoniae/3-pangenome_module/tmp_STPN_97.All.prt_0.8-mode1-th32/7399750842924604216/linclust/10490416230562036586/pref Streptococcus_pneumoniae/3-pangenome_module/tmp_STPN_97.All.prt_0.8-mode1-th32/7399750842924604216/linclust/10490416230562036586/pref_filter1 -v 3 --subdb-mode 1 

Time for merging to pref_filter1: 0h 0m 0s 1ms
Time for processing: 0h 0m 0s 45ms
filterdb Streptococcus_pneumoniae/3-pangenome_module/tmp_STPN_97.All.prt_0.8-mode1-th32/7399750842924604216/linclust/10490416230562036586/pref_filter1 Streptococcus_pneumoniae/3-pangenome_module/tmp_STPN_97.All.prt_0.8-mode1-th32/7399750842924604216/linclust/10490416230562036586/pref_filter2 --filter-file Streptococcus_pneumoniae/3-pangenome_module/tmp_STPN_97.All.prt_0.8-mode1-th32/7399750842924604216/linclust/10490416230562036586/order_redundancy --threads 32 --compressed 0 -v 3 

Filtering using file(s)
[=================================================================] 7.71K 0s 22ms
Time for merging to pref_filter2: 0h 0m 0s 133ms
Time for processing: 0h 0m 0s 354ms
rescorediagonal Streptococcus_pneumoniae/3-pangenome_module/tmp_STPN_97.All.prt_0.8-mode1-th32/7399750842924604216/linclust/10490416230562036586/input_step_redundancy Streptococcus_pneumoniae/3-pangenome_module/tmp_STPN_97.All.prt_0.8-mode1-th32/7399750842924604216/linclust/10490416230562036586/input_step_redundancy Streptococcus_pneumoniae/3-pangenome_module/tmp_STPN_97.All.prt_0.8-mode1-th32/7399750842924604216/linclust/10490416230562036586/pref_filter2 Streptococcus_pneumoniae/3-pangenome_module/tmp_STPN_97.All.prt_0.8-mode1-th32/7399750842924604216/linclust/10490416230562036586/pref_rescore2 --sub-mat nucl:nucleotide.out,aa:blosum62.out --rescore-mode 1 --wrapped-scoring 0 --filter-hits 1 -e 0.001 -c 0.8 -a 0 --cov-mode 0 --min-seq-id 0.8 --min-aln-len 0 --seq-id-mode 0 --add-self-matches 0 --sort-results 0 --db-load-mode 0 --threads 32 --compressed 0 -v 3 

[=================================================================] 7.71K 0s 14ms
Time for merging to pref_rescore2: 0h 0m 0s 43ms
Time for processing: 0h 0m 0s 174ms
align Streptococcus_pneumoniae/3-pangenome_module/tmp_STPN_97.All.prt_0.8-mode1-th32/7399750842924604216/linclust/10490416230562036586/input_step_redundancy Streptococcus_pneumoniae/3-pangenome_module/tmp_STPN_97.All.prt_0.8-mode1-th32/7399750842924604216/linclust/10490416230562036586/input_step_redundancy Streptococcus_pneumoniae/3-pangenome_module/tmp_STPN_97.All.prt_0.8-mode1-th32/7399750842924604216/linclust/10490416230562036586/pref_rescore2 Streptococcus_pneumoniae/3-pangenome_module/tmp_STPN_97.All.prt_0.8-mode1-th32/7399750842924604216/linclust/10490416230562036586/aln --sub-mat nucl:nucleotide.out,aa:blosum62.out -a 0 --alignment-mode 3 --wrapped-scoring 0 -e 0.001 --min-seq-id 0.8 --min-aln-len 0 --seq-id-mode 0 --alt-ali 0 -c 0.8 --cov-mode 0 --max-seq-len 65535 --comp-bias-corr 0 --realign 0 --max-rejected 2147483647 --max-accept 2147483647 --add-self-matches 0 --db-load-mode 0 --pca 1 --pcb 1.5 --score-bias 0 --gap-open nucl:5,aa:11 --gap-extend nucl:2,aa:1 --zdrop 40 --threads 32 --compressed 0 -v 3 

Compute score, coverage and sequence identity
Query database size: 7708 type: Aminoacid
Target database size: 7708 type: Aminoacid
Calculation of alignments
[=================================================================] 7.71K 0s 438ms
Time for merging to aln: 0h 0m 0s 42ms

9375 alignments calculated.
8544 sequence pairs passed the thresholds (0.911360 of overall calculated).
1.108459 hits per query sequence.
Time for processing: 0h 0m 0s 588ms
clust Streptococcus_pneumoniae/3-pangenome_module/tmp_STPN_97.All.prt_0.8-mode1-th32/7399750842924604216/linclust/10490416230562036586/input_step_redundancy Streptococcus_pneumoniae/3-pangenome_module/tmp_STPN_97.All.prt_0.8-mode1-th32/7399750842924604216/linclust/10490416230562036586/aln Streptococcus_pneumoniae/3-pangenome_module/tmp_STPN_97.All.prt_0.8-mode1-th32/7399750842924604216/linclust/10490416230562036586/clust --cluster-mode 1 --max-iterations 1000 --similarity-type 2 --threads 32 --compressed 0 -v 3 

Clustering mode: Connected Component
[=================================================================] 7.71K 0s 8ms
Sort entries
Find missing connections
Found 836 new connections.
Reconstruct initial order
[=================================================================] 7.71K 0s 4ms
Add missing connections
[=================================================================] 7.71K 0s 0ms

Time for read in: 0h 0m 0s 64ms
connected component mode
Total time: 0h 0m 0s 97ms

Size of the sequence database: 7708
Size of the alignment database: 7708
Number of clusters: 6983

Writing results 0h 0m 0s 1ms
Time for merging to clust: 0h 0m 0s 1ms
Time for processing: 0h 0m 0s 117ms
mergeclusters Streptococcus_pneumoniae/3-pangenome_module/tmp_STPN_97.All.prt_0.8-mode1-th32/STPN_97.All.prt-msDB Streptococcus_pneumoniae/3-pangenome_module/tmp_STPN_97.All.prt_0.8-mode1-th32/7399750842924604216/clu_redundancy Streptococcus_pneumoniae/3-pangenome_module/tmp_STPN_97.All.prt_0.8-mode1-th32/7399750842924604216/linclust/10490416230562036586/pre_clust Streptococcus_pneumoniae/3-pangenome_module/tmp_STPN_97.All.prt_0.8-mode1-th32/7399750842924604216/linclust/10490416230562036586/clust --threads 32 --compressed 0 -v 3 

Clustering step 1
[=================================================================] 7.71K 0s 20ms
Clustering step 2
[=================================================================] 6.98K 0s 44ms
Write merged clustering
[=================================================================] 202.44K 0s 107ms
Time for merging to clu_redundancy: 0h 0m 0s 38ms
Time for processing: 0h 0m 0s 504ms
createsubdb Streptococcus_pneumoniae/3-pangenome_module/tmp_STPN_97.All.prt_0.8-mode1-th32/7399750842924604216/clu_redundancy Streptococcus_pneumoniae/3-pangenome_module/tmp_STPN_97.All.prt_0.8-mode1-th32/STPN_97.All.prt-msDB Streptococcus_pneumoniae/3-pangenome_module/tmp_STPN_97.All.prt_0.8-mode1-th32/7399750842924604216/input_step_redundancy -v 3 --subdb-mode 1 

Time for merging to input_step_redundancy: 0h 0m 0s 1ms
Time for processing: 0h 0m 0s 28ms
prefilter Streptococcus_pneumoniae/3-pangenome_module/tmp_STPN_97.All.prt_0.8-mode1-th32/7399750842924604216/input_step_redundancy Streptococcus_pneumoniae/3-pangenome_module/tmp_STPN_97.All.prt_0.8-mode1-th32/7399750842924604216/input_step_redundancy Streptococcus_pneumoniae/3-pangenome_module/tmp_STPN_97.All.prt_0.8-mode1-th32/7399750842924604216/pref_step0 --sub-mat nucl:nucleotide.out,aa:blosum62.out --seed-sub-mat nucl:nucleotide.out,aa:VTML80.out -s 1 -k 0 --k-score 2147483647 --alph-size nucl:5,aa:21 --max-seq-len 65535 --max-seqs 20 --split 0 --split-mode 2 --split-memory-limit 0 -c 0.8 --cov-mode 0 --comp-bias-corr 0 --diag-score 0 --exact-kmer-matching 0 --mask 1 --mask-lower-case 0 --min-ungapped-score 0 --add-self-matches 0 --spaced-kmer-mode 1 --db-load-mode 0 --pca 1 --pcb 1.5 --threads 32 --compressed 0 -v 3 

Query database size: 6983 type: Aminoacid
Estimated memory consumption: 1000M
Target database size: 6983 type: Aminoacid
Index table k-mer threshold: 154 at k-mer size 6 
Index table: counting k-mers
[=================================================================] 6.98K 0s 48ms
Index table: Masked residues: 125929
Index table: fill
[=================================================================] 6.98K 0s 12ms
Index statistics
Entries:          696607
DB size:          492 MB
Avg k-mer size:   0.010884
Top 10 k-mers
    QTKACS	183
    AACKFE	152
    LAGSCF	152
    GCKCVV	126
    KHFVRT	106
    TWEIEY	85
    GWQNWY	77
    MWFNGS	70
    ENMYNT	70
    KQNMFY	70
Time for index table init: 0h 0m 0s 598ms
Process prefiltering step 1 of 1

k-mer similarity threshold: 154
Starting prefiltering scores calculation (step 1 of 1)
Query db start 1 to 6983
Target db start 1 to 6983
[=================================================================] 6.98K 0s 20ms

1.442656 k-mers per position
440 DB matches per sequence
0 overflows
0 queries produce too many hits (truncated result)
5 sequences passed prefiltering per query sequence
3 median result list length
0 sequences with 0 size result lists
Time for merging to pref_step0: 0h 0m 0s 140ms
Time for processing: 0h 0m 1s 154ms
align Streptococcus_pneumoniae/3-pangenome_module/tmp_STPN_97.All.prt_0.8-mode1-th32/7399750842924604216/input_step_redundancy Streptococcus_pneumoniae/3-pangenome_module/tmp_STPN_97.All.prt_0.8-mode1-th32/7399750842924604216/input_step_redundancy Streptococcus_pneumoniae/3-pangenome_module/tmp_STPN_97.All.prt_0.8-mode1-th32/7399750842924604216/pref_step0 Streptococcus_pneumoniae/3-pangenome_module/tmp_STPN_97.All.prt_0.8-mode1-th32/7399750842924604216/aln_step0 --sub-mat nucl:nucleotide.out,aa:blosum62.out -a 0 --alignment-mode 3 --wrapped-scoring 0 -e 0.001 --min-seq-id 0.8 --min-aln-len 0 --seq-id-mode 0 --alt-ali 0 -c 0.8 --cov-mode 0 --max-seq-len 65535 --comp-bias-corr 0 --realign 0 --max-rejected 2147483647 --max-accept 2147483647 --add-self-matches 0 --db-load-mode 0 --pca 1 --pcb 1.5 --score-bias 0 --gap-open nucl:5,aa:11 --gap-extend nucl:2,aa:1 --zdrop 40 --threads 32 --compressed 0 -v 3 

Compute score, coverage and sequence identity
Query database size: 6983 type: Aminoacid
Target database size: 6983 type: Aminoacid
Calculation of alignments
[=================================================================] 6.98K 0s 999ms
Time for merging to aln_step0: 0h 0m 0s 44ms

16412 alignments calculated.
9289 sequence pairs passed the thresholds (0.565988 of overall calculated).
1.330231 hits per query sequence.
Time for processing: 0h 0m 1s 229ms
clust Streptococcus_pneumoniae/3-pangenome_module/tmp_STPN_97.All.prt_0.8-mode1-th32/7399750842924604216/input_step_redundancy Streptococcus_pneumoniae/3-pangenome_module/tmp_STPN_97.All.prt_0.8-mode1-th32/7399750842924604216/aln_step0 Streptococcus_pneumoniae/3-pangenome_module/tmp_STPN_97.All.prt_0.8-mode1-th32/7399750842924604216/clu_step0 --cluster-mode 1 --max-iterations 1000 --similarity-type 2 --threads 32 --compressed 0 -v 3 

Clustering mode: Connected Component
[=================================================================] 6.98K 0s 5ms
Sort entries
Find missing connections
Found 422 new connections.
Reconstruct initial order
[=================================================================] 6.98K 0s 7ms
Add missing connections
[=================================================================] 6.98K 0s 0ms

Time for read in: 0h 0m 0s 64ms
connected component mode
Total time: 0h 0m 0s 92ms

Size of the sequence database: 6983
Size of the alignment database: 6983
Number of clusters: 6404

Writing results 0h 0m 0s 1ms
Time for merging to clu_step0: 0h 0m 0s 1ms
Time for processing: 0h 0m 0s 113ms
mergeclusters Streptococcus_pneumoniae/3-pangenome_module/tmp_STPN_97.All.prt_0.8-mode1-th32/STPN_97.All.prt-msDB Streptococcus_pneumoniae/3-pangenome_module/tmp_STPN_97.All.prt_0.8-mode1-th32/STPN_97.All.prt-clust-0.8-mode1-th32 Streptococcus_pneumoniae/3-pangenome_module/tmp_STPN_97.All.prt_0.8-mode1-th32/7399750842924604216/clu_redundancy Streptococcus_pneumoniae/3-pangenome_module/tmp_STPN_97.All.prt_0.8-mode1-th32/7399750842924604216/clu_step0 --threads 32 --compressed 0 -v 3 

Clustering step 1
[=================================================================] 6.98K 0s 23ms
Clustering step 2
[=================================================================] 6.40K 0s 48ms
Write merged clustering
[=================================================================] 202.44K 0s 110ms
Time for merging to STPN_97.All.prt-clust-0.8-mode1-th32: 0h 0m 0s 41ms
Time for processing: 0h 0m 0s 473ms
createtsv Streptococcus_pneumoniae/3-pangenome_module/tmp_STPN_97.All.prt_0.8-mode1-th32/STPN_97.All.prt-msDB Streptococcus_pneumoniae/3-pangenome_module/tmp_STPN_97.All.prt_0.8-mode1-th32/STPN_97.All.prt-msDB Streptococcus_pneumoniae/3-pangenome_module/tmp_STPN_97.All.prt_0.8-mode1-th32/STPN_97.All.prt-clust-0.8-mode1-th32 Streptococcus_pneumoniae/3-pangenome_module/tmp_STPN_97.All.prt_0.8-mode1-th32/STPN_97.All.prt-clust-0.8-mode1-th32.tsv 

MMseqs Version:                 	12.113e3
First sequence as representative	false
Target column                   	1
Add full header                 	false
Sequence source                 	0
Database output                 	false
Threads                         	64
Compressed                      	0
Verbosity                       	3

Time for merging to STPN_97.All.prt-clust-0.8-mode1-th32.tsv: 0h 0m 0s 125ms
Time for processing: 0h 0m 0s 338ms
End: 2021-03-29_16-20-16