[2021-08-17 18:28:54,656] INFO - <Running module: Preprocess Data>
[2021-08-17 18:28:54,712] INFO - Converting block coords to infercars format
[2021-08-17 18:28:55,458] INFO - <Module finished: Preprocess Data>, elapsed 0.8017370700836182 seconds
[2021-08-17 18:28:55,458] INFO - <Running module: Parsers and check strains>
[2021-08-17 18:28:56,201] INFO - Blocks count: 217
[2021-08-17 18:28:56,201] INFO - Unique one-copy blocks count: 125
[2021-08-17 18:28:56,218] INFO - Mean block coverage: 77.40723362525112 %
[2021-08-17 18:28:56,235] INFO - Mean common one-copy blocks coverage: 68.25079478567572 %
[2021-08-17 18:28:56,252] INFO - Mean 80 % rate one-copy blocks coverage: 71.16868232101604 %
[2021-08-17 18:28:56,317] INFO - Strains in blocks file count: 219
[2021-08-17 18:28:56,317] INFO - Strains in tree leafs count: 219
[2021-08-17 18:28:56,317] INFO - Intersected strains count: 219
[2021-08-17 18:28:56,317] INFO - <Module finished: Parsers and check strains>, elapsed 0.8594839572906494 seconds
[2021-08-17 18:28:56,317] INFO - <Running module: Balanced rearrangements characters>
[2021-08-17 18:28:58,301] INFO - Breakpoint graph parsed
[2021-08-17 18:28:58,302] INFO - Edges in breakpoint graph: 188
[2021-08-17 18:28:58,303] INFO - Getting characters from breakpoint graph component, size=14
[2021-08-17 18:28:58,490] INFO - Getting characters from breakpoint graph component, size=22
[2021-08-17 18:28:59,012] INFO - Getting characters from breakpoint graph component, size=6
[2021-08-17 18:28:59,117] INFO - Getting characters from breakpoint graph component, size=4
[2021-08-17 18:28:59,167] INFO - Getting characters from breakpoint graph component, size=6
[2021-08-17 18:28:59,174] INFO - Getting characters from breakpoint graph component, size=6
[2021-08-17 18:28:59,181] INFO - Getting characters from breakpoint graph component, size=4
[2021-08-17 18:28:59,231] INFO - Getting characters from breakpoint graph component, size=4
[2021-08-17 18:28:59,235] INFO - Getting characters from breakpoint graph component, size=4
[2021-08-17 18:28:59,239] INFO - Getting characters from breakpoint graph component, size=4
[2021-08-17 18:28:59,290] INFO - Getting characters from breakpoint graph component, size=4
[2021-08-17 18:28:59,340] INFO - Getting characters from breakpoint graph component, size=4
[2021-08-17 18:28:59,344] INFO - <Module finished: Balanced rearrangements characters>, elapsed 3.0266501903533936 seconds
[2021-08-17 18:28:59,344] INFO - <Running module: Balanced rearrangements stats>
[2021-08-17 18:28:59,344] INFO - Counting distances between unique one-copy blocks, may take a while
[2021-08-17 18:29:05,679] INFO - Got characters after breakpoint graph consideration: 41
[2021-08-17 18:29:05,679] INFO - Percentage of consistent rearrangements (balanced): 63.41463414634146 %
[2021-08-17 18:29:05,707] INFO - <Module finished: Balanced rearrangements stats>, elapsed 6.363077878952026 seconds
[2021-08-17 18:29:05,707] INFO - <Running module: Balanced rearrangements output>
[2021-08-17 18:29:10,850] INFO - <Module finished: Balanced rearrangements output>, elapsed 5.142958879470825 seconds
[2021-08-17 18:29:10,851] INFO - <Running module: Unbalanced rearrangements characters>
[2021-08-17 18:29:10,856] INFO - <Module finished: Unbalanced rearrangements characters>, elapsed 0.0051229000091552734 seconds
[2021-08-17 18:29:10,856] INFO - <Running module: Unbalanced rearrangements stats and clustering>
[2021-08-17 18:29:11,034] INFO - Got characters after copy number variation consideration: 217
[2021-08-17 18:29:11,034] INFO - Percentage of consistent rearrangements (unbalanced): 72.07457441659828 %
[2021-08-17 18:29:11,034] INFO - Counting distances between non-convex character blocks, may take a while
[2021-08-17 18:29:19,109] INFO - Jaccard index matrix constructed
[2021-08-17 18:29:19,902] INFO - Proximity matrix constructed
[2021-08-17 18:29:19,918] INFO - Clustring is done
[2021-08-17 18:29:19,918] INFO - Clusters: 44
[2021-08-17 18:29:19,951] INFO - <Module finished: Unbalanced rearrangements stats and clustering>, elapsed 9.09501314163208 seconds
[2021-08-17 18:29:19,951] INFO - <Running module: Unbalanced rearrangements output>
[2021-08-17 18:29:28,994] INFO - <Module finished: Unbalanced rearrangements output>, elapsed 9.043226957321167 seconds
[2021-08-17 18:29:28,994] INFO - Total elapsed time: 34.33849787712097 seconds
