[2021-05-06 13:29:02,549] INFO - <Running module: Preprocess Data>
[2021-05-06 13:29:02,594] INFO - Converting block coords to infercars format
[2021-05-06 13:29:04,350] INFO - <Module finished: Preprocess Data>, elapsed 1.8011610507965088 seconds
[2021-05-06 13:29:04,350] INFO - <Running module: Parsers and check strains>
[2021-05-06 13:29:05,177] INFO - Blocks count: 638
[2021-05-06 13:29:05,177] INFO - Unique one-copy blocks count: 259
[2021-05-06 13:29:05,219] INFO - NumExpr defaulting to 8 threads.
[2021-05-06 13:29:05,230] INFO - Mean block coverage: 88.42679421301933 %
[2021-05-06 13:29:05,241] INFO - Mean common one-copy blocks coverage: 75.75335621183403 %
[2021-05-06 13:29:05,251] INFO - Mean 80 % rate one-copy blocks coverage: 77.62217891245254 %
[2021-05-06 13:29:05,277] INFO - Strains in blocks file count: 22
[2021-05-06 13:29:05,277] INFO - Strains in tree leafs count: 22
[2021-05-06 13:29:05,277] INFO - Intersected strains count: 22
[2021-05-06 13:29:05,278] INFO - <Module finished: Parsers and check strains>, elapsed 0.9275839328765869 seconds
[2021-05-06 13:29:05,278] INFO - <Running module: Balanced rearrangements characters>
[2021-05-06 13:29:05,781] INFO - Breakpoint graph parsed
[2021-05-06 13:29:05,784] INFO - Edges in breakpoint graph: 318
[2021-05-06 13:29:05,788] INFO - Getting characters from breakpoint graph component, size=6
[2021-05-06 13:29:05,803] INFO - Getting characters from breakpoint graph component, size=6
[2021-05-06 13:29:05,806] INFO - Getting characters from breakpoint graph component, size=4
[2021-05-06 13:29:05,810] INFO - Getting characters from breakpoint graph component, size=12
[2021-05-06 13:29:05,825] INFO - Getting characters from breakpoint graph component, size=4
[2021-05-06 13:29:05,829] INFO - Getting characters from breakpoint graph component, size=4
[2021-05-06 13:29:05,833] INFO - Getting characters from breakpoint graph component, size=8
[2021-05-06 13:29:05,844] INFO - Getting characters from breakpoint graph component, size=4
[2021-05-06 13:29:05,857] INFO - Getting characters from breakpoint graph component, size=4
[2021-05-06 13:29:05,865] INFO - Getting characters from breakpoint graph component, size=4
[2021-05-06 13:29:05,867] INFO - Getting characters from breakpoint graph component, size=4
[2021-05-06 13:29:05,874] INFO - Getting characters from breakpoint graph component, size=4
[2021-05-06 13:29:05,879] INFO - Getting characters from breakpoint graph component, size=6
[2021-05-06 13:29:05,889] INFO - Getting characters from breakpoint graph component, size=4
[2021-05-06 13:29:05,901] INFO - Getting characters from breakpoint graph component, size=6
[2021-05-06 13:29:05,905] INFO - <Module finished: Balanced rearrangements characters>, elapsed 0.6275289058685303 seconds
[2021-05-06 13:29:05,906] INFO - <Running module: Balanced rearrangements stats>
[2021-05-06 13:29:05,906] INFO - Counting distances between unique one-copy blocks, may take a while
[2021-05-06 13:29:12,823] INFO - Got characters after breakpoint graph consideration: 40
[2021-05-06 13:29:12,823] INFO - Percentage of consistent rearrangements (balanced): 92.5 %
[2021-05-06 13:29:12,938] INFO - <Module finished: Balanced rearrangements stats>, elapsed 7.032546043395996 seconds
[2021-05-06 13:29:12,938] INFO - <Running module: Balanced rearrangements output>
[2021-05-06 13:29:15,853] INFO - <Module finished: Balanced rearrangements output>, elapsed 2.9143359661102295 seconds
[2021-05-06 13:29:15,853] INFO - <Running module: Unbalanced rearrangements characters>
[2021-05-06 13:29:15,856] INFO - <Module finished: Unbalanced rearrangements characters>, elapsed 0.00345611572265625 seconds
[2021-05-06 13:29:15,856] INFO - <Running module: Unbalanced rearrangements stats and clustering>
[2021-05-06 13:29:15,966] INFO - Got characters after copy number variation consideration: 638
[2021-05-06 13:29:15,966] INFO - Percentage of consistent rearrangements (unbalanced): 66.60017098888574 %
[2021-05-06 13:29:15,967] INFO - Counting distances between non-convex character blocks, may take a while
[2021-05-06 13:29:31,101] INFO - Jaccard index matrix constructed
[2021-05-06 13:29:47,397] INFO - Proximity matrix constructed
[2021-05-06 13:29:47,417] INFO - Clustring is done
[2021-05-06 13:29:47,419] INFO - Clusters: 115
[2021-05-06 13:29:47,691] INFO - <Module finished: Unbalanced rearrangements stats and clustering>, elapsed 31.834485054016113 seconds
[2021-05-06 13:29:47,691] INFO - <Running module: Unbalanced rearrangements output>
[2021-05-06 13:30:02,119] INFO - <Module finished: Unbalanced rearrangements output>, elapsed 14.42777395248413 seconds
[2021-05-06 13:30:02,119] INFO - <Running module: Visualize neighbours output>
[2021-05-06 13:30:40,021] INFO - <Module finished: Visualize neighbours output>, elapsed 37.901463985443115 seconds
[2021-05-06 13:30:40,021] INFO - Total elapsed time: 97.47292184829712 seconds
