IQ-TREE multicore version 2.1.2 COVID-edition for Linux 64-bit built Oct 22 2020
Developed by Bui Quang Minh, James Barbetti, Nguyen Lam Tung,
Olga Chernomor, Heiko Schmidt, Dominik Schrempf, Michael Woodhams.

Host:    orthrus-2 (AVX512, FMA3, 1006 GB RAM)
Command: iqtree2 -s Listeria_monocytogenes/5-align_module/Phylo-LIMO_259/LIMO_259.nucl.grp.aln -T 32 -m GTR --seqtype DNA --prefix Listeria_monocytogenes/6-tree_module/LIMO_259.nucl.grp.aln.iqtree_tree --quiet
Seed:    666789 (Using SPRNG - Scalable Parallel Random Number Generator)
Time:    Thu May  6 03:15:51 2021
Kernel:  AVX+FMA - 32 threads (32 CPU cores detected)

Reading alignment file Listeria_monocytogenes/5-align_module/Phylo-LIMO_259/LIMO_259.nucl.grp.aln ... Fasta format detected
Alignment most likely contains DNA/RNA sequences
Alignment has 259 sequences with 1223328 columns, 55449 distinct patterns
123736 parsimony-informative, 23363 singleton sites, 1076229 constant sites
                 Gap/Ambiguity  Composition  p-value
   1  LIMO.0521.00001    0.37%    passed     79.82%
   2  LIMO.0521.00002    0.38%    passed     83.49%
   3  LIMO.0521.00003    0.37%    passed     73.39%
   4  LIMO.0521.00004    0.35%    passed     78.58%
   5  LIMO.0521.00005    0.38%    passed     86.84%
   6  LIMO.0521.00006    0.37%    passed     68.47%
   7  LIMO.0521.00007    0.37%    passed     69.06%
   8  LIMO.0521.00008    0.37%    passed     81.67%
   9  LIMO.0521.00009    0.37%    passed     81.68%
  10  LIMO.0521.00010    0.36%    passed     87.52%
  11  LIMO.0521.00011    0.37%    passed     75.88%
  12  LIMO.0521.00012    0.35%    passed     77.50%
  13  LIMO.0521.00013    0.37%    passed     75.62%
  14  LIMO.0521.00014    0.39%    passed     76.32%
  15  LIMO.0521.00015    0.36%    passed     82.41%
  16  LIMO.0521.00016    0.37%    passed     75.84%
  17  LIMO.0521.00017    0.36%    passed     82.39%
  18  LIMO.0521.00018    0.35%    passed     76.85%
  19  LIMO.0521.00019    0.36%    passed     79.19%
  20  LIMO.0521.00020    0.41%    passed     89.00%
  21  LIMO.0521.00021    0.35%    passed     77.80%
  22  LIMO.0521.00022    0.44%    passed     80.62%
  23  LIMO.0521.00023    0.39%    passed     79.40%
  24  LIMO.0521.00024    0.37%    passed     80.08%
  25  LIMO.0521.00025    0.39%    passed     73.64%
  26  LIMO.0521.00026    0.40%    passed     81.60%
  27  LIMO.0521.00027    0.40%    passed     76.47%
  28  LIMO.0521.00028    0.36%    passed     68.86%
  29  LIMO.0521.00029    0.41%    passed     77.69%
  30  LIMO.0521.00030    0.36%    passed     86.26%
  31  LIMO.0521.00031    0.41%    passed     89.72%
  32  LIMO.0521.00032    0.37%    passed     77.82%
  33  LIMO.0521.00033    0.40%    passed     69.34%
  34  LIMO.0521.00034    0.38%    passed     75.59%
  35  LIMO.0521.00035    0.43%    passed     88.84%
  36  LIMO.0521.00036    0.38%    passed     72.53%
  37  LIMO.0521.00037    0.40%    passed     83.74%
  38  LIMO.0521.00038    0.35%    failed      0.12%
  39  LIMO.0521.00039    0.37%    passed     82.23%
  40  LIMO.0521.00040    0.36%    failed      0.08%
  41  LIMO.0521.00041    0.35%    passed     88.73%
  42  LIMO.0521.00042    0.36%    passed     85.82%
  43  LIMO.0521.00043    0.44%    passed     79.35%
  44  LIMO.0521.00044    0.38%    passed     83.26%
  45  LIMO.0521.00045    0.37%    passed     74.35%
  46  LIMO.0521.00046    0.37%    passed     78.52%
  47  LIMO.0521.00047    0.37%    passed     72.78%
  48  LIMO.0521.00048    0.37%    passed     83.98%
  49  LIMO.0521.00049    0.36%    failed      0.08%
  50  LIMO.0521.00050    0.38%    passed     73.58%
  51  LIMO.0521.00051    0.36%    passed     80.54%
  52  LIMO.0521.00052    0.37%    passed     67.17%
  53  LIMO.0521.00053    0.38%    passed     82.15%
  54  LIMO.0521.00054    0.39%    passed     75.16%
  55  LIMO.0521.00055    0.37%    passed     25.74%
  56  LIMO.0521.00056    0.35%    passed     85.65%
  57  LIMO.0521.00057    0.43%    passed     72.30%
  58  LIMO.0521.00058    0.46%    passed     72.79%
  59  LIMO.0521.00059    0.37%    passed     73.19%
  60  LIMO.0521.00060    0.39%    passed     74.11%
  61  LIMO.0521.00061    0.37%    passed     82.22%
  62  LIMO.0521.00062    0.37%    passed     81.83%
  63  LIMO.0521.00063    0.37%    passed     81.68%
  64  LIMO.0521.00064    0.37%    passed     80.96%
  65  LIMO.0521.00065    0.38%    passed     80.82%
  66  LIMO.0521.00066    0.37%    passed     79.49%
  67  LIMO.0521.00067    0.37%    passed     79.58%
  68  LIMO.0521.00068    0.37%    passed     79.46%
  69  LIMO.0521.00069    0.37%    passed     79.58%
  70  LIMO.0521.00070    0.37%    passed     79.62%
  71  LIMO.0521.00071    0.35%    passed     77.19%
  72  LIMO.0521.00072    0.38%    passed     77.78%
  73  LIMO.0521.00073    0.35%    passed     77.37%
  74  LIMO.0521.00074    0.41%    passed     90.69%
  75  LIMO.0521.00075    0.35%    failed      0.41%
  76  LIMO.0521.00076    0.37%    passed     73.93%
  77  LIMO.0521.00077    0.37%    passed     80.69%
  78  LIMO.0521.00078    0.38%    passed     89.46%
  79  LIMO.0521.00079    0.38%    passed     81.50%
  80  LIMO.0521.00080    0.38%    passed     78.57%
  81  LIMO.0521.00081    0.36%    passed     78.17%
  82  LIMO.0521.00082    0.37%    passed     81.83%
  83  LIMO.0521.00083    0.35%    passed     77.55%
  84  LIMO.0521.00084    0.37%    passed     82.07%
  85  LIMO.0521.00085    0.35%    passed     88.07%
  86  LIMO.0521.00086    0.37%    passed     82.97%
  87  LIMO.0521.00087    0.38%    passed     81.84%
  88  LIMO.0521.00088    0.38%    passed     81.89%
  89  LIMO.0521.00089    0.36%    passed     81.16%
  90  LIMO.0521.00090    0.41%    passed     71.09%
  91  LIMO.0521.00091    0.41%    passed     71.15%
  92  LIMO.0521.00092    0.41%    passed     70.99%
  93  LIMO.0521.00093    0.36%    passed     67.34%
  94  LIMO.0521.00094    0.35%    passed     85.19%
  95  LIMO.0521.00095    0.41%    passed     70.89%
  96  LIMO.0521.00096    0.41%    passed     70.79%
  97  LIMO.0521.00097    0.36%    passed     82.47%
  98  LIMO.0521.00098    0.41%    passed     70.93%
  99  LIMO.0521.00099    0.36%    failed      0.42%
 100  LIMO.0521.00100    0.38%    passed     81.07%
 101  LIMO.0521.00101    0.35%    failed      0.22%
 102  LIMO.0521.00102    0.35%    passed     89.43%
 103  LIMO.0521.00103    0.36%    passed     90.15%
 104  LIMO.0521.00104    0.36%    passed     68.61%
 105  LIMO.0521.00105    0.36%    passed     69.52%
 106  LIMO.0521.00106    0.37%    passed     72.87%
 107  LIMO.0521.00107    0.36%    passed     62.55%
 108  LIMO.0521.00108    0.42%    passed     61.36%
 109  LIMO.0521.00109    0.37%    passed     82.13%
 110  LIMO.0521.00110    0.36%    passed     78.12%
 111  LIMO.0521.00111    0.35%    failed      0.11%
 112  LIMO.0521.00112    0.36%    passed     85.45%
 113  LIMO.0521.00113    0.36%    passed     82.72%
 114  LIMO.0521.00114    0.37%    failed      0.26%
 115  LIMO.0521.00115    0.36%    passed     79.79%
 116  LIMO.0521.00116    0.40%    passed     80.53%
 117  LIMO.0521.00117    0.37%    passed     67.85%
 118  LIMO.0521.00118    0.39%    passed     78.81%
 119  LIMO.0521.00119    0.38%    passed     80.26%
 120  LIMO.0521.00120    0.37%    passed     81.00%
 121  LIMO.0521.00121    0.38%    passed     79.23%
 122  LIMO.0521.00122    0.36%    passed     79.92%
 123  LIMO.0521.00123    0.37%    passed     80.36%
 124  LIMO.0521.00124    0.37%    passed     80.35%
 125  LIMO.0521.00125    0.37%    passed     82.47%
 126  LIMO.0521.00126    0.37%    passed     75.37%
 127  LIMO.0521.00127    0.37%    passed     75.20%
 128  LIMO.0521.00128    0.36%    failed      0.28%
 129  LIMO.0521.00129    0.36%    passed     66.61%
 130  LIMO.0521.00130    0.41%    passed     76.84%
 131  LIMO.0521.00131    0.35%    passed     85.62%
 132  LIMO.0521.00132    0.37%    passed     52.85%
 133  LIMO.0521.00133    0.35%    passed     77.72%
 134  LIMO.0521.00134    0.35%    passed     78.29%
 135  LIMO.0521.00135    0.35%    passed     88.96%
 136  LIMO.0521.00136    0.36%    passed     77.68%
 137  LIMO.0521.00137    0.36%    passed     79.57%
 138  LIMO.0521.00138    0.37%    passed     81.77%
 139  LIMO.0521.00139    0.37%    passed     62.72%
 140  LIMO.0521.00140    0.35%    passed     88.27%
 141  LIMO.0521.00141    0.36%    passed     86.04%
 142  LIMO.0521.00142    0.35%    passed     77.37%
 143  LIMO.0521.00143    0.36%    passed     80.01%
 144  LIMO.0521.00144    0.36%    passed     82.43%
 145  LIMO.0521.00145    0.41%    passed     68.32%
 146  LIMO.0521.00146    0.41%    passed     68.85%
 147  LIMO.0521.00147    0.37%    passed     76.53%
 148  LIMO.0521.00148    0.35%    passed     88.79%
 149  LIMO.0521.00149    0.43%    passed     73.33%
 150  LIMO.0521.00150    0.42%    passed     75.83%
 151  LIMO.0521.00151    0.37%    passed     78.27%
 152  LIMO.0521.00152    0.37%    passed     80.53%
 153  LIMO.0521.00153    0.39%    failed      0.12%
 154  LIMO.0521.00154    0.37%    failed      0.12%
 155  LIMO.0521.00155    0.37%    passed     86.00%
 156  LIMO.0521.00156    0.37%    passed     75.84%
 157  LIMO.0521.00157    0.38%    passed     77.37%
 158  LIMO.0521.00158    0.40%    passed     80.05%
 159  LIMO.0521.00159    0.40%    passed     52.84%
 160  LIMO.0521.00160    0.44%    passed     71.03%
 161  LIMO.0521.00161    0.36%    passed     86.85%
 162  LIMO.0521.00162    0.37%    passed     83.23%
 163  LIMO.0521.00163    0.40%    passed     81.17%
 164  LIMO.0521.00164    0.36%    passed     79.95%
 165  LIMO.0521.00165    0.38%    failed      0.08%
 166  LIMO.0521.00166    0.51%    passed     79.10%
 167  LIMO.0521.00167    0.37%    passed     82.16%
 168  LIMO.0521.00168    0.38%    passed     82.18%
 169  LIMO.0521.00169    0.36%    failed      0.13%
 170  LIMO.0521.00170    0.36%    passed     85.12%
 171  LIMO.0521.00171    0.36%    passed     79.19%
 172  LIMO.0521.00172    0.35%    passed     78.26%
 173  LIMO.0521.00173    0.39%    passed     77.14%
 174  LIMO.0521.00174    0.35%    passed     78.53%
 175  LIMO.0521.00175    0.36%    passed     78.00%
 176  LIMO.0521.00176    0.37%    passed     79.96%
 177  LIMO.0521.00177    0.37%    passed     79.01%
 178  LIMO.0521.00178    0.36%    passed     69.70%
 179  LIMO.0521.00179    0.35%    passed     77.75%
 180  LIMO.0521.00180    0.36%    passed     79.38%
 181  LIMO.0521.00181    0.37%    passed     75.86%
 182  LIMO.0521.00182    0.37%    passed     76.00%
 183  LIMO.0521.00183    0.37%    passed     75.98%
 184  LIMO.0521.00184    0.37%    passed     75.77%
 185  LIMO.0521.00185    0.37%    passed     75.78%
 186  LIMO.0521.00186    0.38%    passed     76.22%
 187  LIMO.0521.00187    0.38%    passed     76.16%
 188  LIMO.0521.00188    0.37%    passed     75.60%
 189  LIMO.0521.00189    0.37%    passed     75.75%
 190  LIMO.0521.00190    0.37%    passed     75.75%
 191  LIMO.0521.00191    0.37%    passed     75.81%
 192  LIMO.0521.00192    0.39%    passed     74.03%
 193  LIMO.0521.00193    0.39%    passed     74.17%
 194  LIMO.0521.00194    0.36%    passed     68.74%
 195  LIMO.0521.00195    0.37%    passed     80.61%
 196  LIMO.0521.00196    0.37%    passed     75.84%
 197  LIMO.0521.00197    0.37%    passed     75.83%
 198  LIMO.0521.00198    0.37%    passed     76.02%
 199  LIMO.0521.00199    0.37%    passed     75.60%
 200  LIMO.0521.00200    0.37%    passed     76.05%
 201  LIMO.0521.00201    0.37%    passed     75.30%
 202  LIMO.0521.00202    0.37%    passed     75.30%
 203  LIMO.0521.00203    0.37%    passed     75.30%
 204  LIMO.0521.00204    0.38%    passed     74.16%
 205  LIMO.0521.00205    0.38%    passed     75.32%
 206  LIMO.0521.00206    0.37%    passed     76.09%
 207  LIMO.0521.00207    0.38%    passed     75.75%
 208  LIMO.0521.00208    0.37%    passed     75.53%
 209  LIMO.0521.00209    0.36%    passed     79.89%
 210  LIMO.0521.00210    0.38%    passed     76.01%
 211  LIMO.0521.00211    0.39%    passed     81.11%
 212  LIMO.0521.00212    0.35%    passed     88.87%
 213  LIMO.0521.00213    0.37%    passed     79.65%
 214  LIMO.0521.00214    0.36%    passed     81.67%
 215  LIMO.0521.00215    0.36%    passed     82.58%
 216  LIMO.0521.00216    0.36%    passed     82.60%
 217  LIMO.0521.00217    0.38%    passed     76.14%
 218  LIMO.0521.00218    0.38%    passed     76.22%
 219  LIMO.0521.00219    0.37%    passed     82.25%
 220  LIMO.0521.00220    0.34%    passed     89.57%
 221  LIMO.0521.00221    0.35%    passed     82.66%
 222  LIMO.0521.00222    0.57%    passed     70.89%
 223  LIMO.0521.00223    0.37%    passed     65.38%
 224  LIMO.0521.00224    0.37%    passed     75.82%
 225  LIMO.0521.00225    0.37%    passed     75.33%
 226  LIMO.0521.00226    0.44%    passed     87.43%
 227  LIMO.0521.00227    0.35%    passed     88.63%
 228  LIMO.0521.00228    0.36%    passed     88.40%
 229  LIMO.0521.00229    0.44%    passed     69.38%
 230  LIMO.0521.00230    0.35%    passed     83.14%
 231  LIMO.0521.00231    0.42%    passed     71.79%
 232  LIMO.0521.00232    0.41%    passed     70.59%
 233  LIMO.0521.00233    0.41%    passed     70.52%
 234  LIMO.0521.00234    0.40%    passed     70.80%
 235  LIMO.0521.00235    0.46%    passed     72.51%
 236  LIMO.0521.00236    0.45%    passed     65.72%
 237  LIMO.0521.00237    0.36%    passed     82.42%
 238  LIMO.0521.00238    0.46%    passed     70.63%
 239  LIMO.0521.00239    0.40%    passed     70.51%
 240  LIMO.0521.00240    0.36%    passed     80.93%
 241  LIMO.0521.00241    0.37%    passed     82.51%
 242  LIMO.0521.00242    0.39%    passed     67.11%
 243  LIMO.0521.00243    0.34%    passed     89.70%
 244  LIMO.0521.00244    0.38%    passed     80.62%
 245  LIMO.0521.00245    0.38%    passed     72.48%
 246  LIMO.0521.00246    0.37%    passed     82.47%
 247  LIMO.0521.00247    0.37%    passed     83.51%
 248  LIMO.0521.00248    0.36%    passed     83.36%
 249  LIMO.0521.00249    0.36%    passed     82.54%
 250  LIMO.0521.00250    0.35%    passed     81.51%
 251  LIMO.0521.00251    0.36%    passed     82.77%
 252  LIMO.0521.00252    0.37%    passed     74.91%
 253  LIMO.0521.00253    0.38%    passed     76.22%
 254  LIMO.0521.00254    0.40%    passed     79.83%
 255  LIMO.0521.00255    0.36%    passed     81.18%
 256  LIMO.0521.00256    0.40%    passed     71.67%
 257  LIMO.0521.00257    0.45%    passed     65.85%
 258  LIMO.0521.00258    0.36%    passed     87.99%
 259  LIMO.0521.00259    0.36%    passed     83.72%
****  TOTAL              0.38%  13 sequences failed composition chi2 test (p-value<5%; df=3)
NOTE: minimal branch length is reduced to 0.000000081744 for long alignment
NOTE: LIMO.0521.00156 is identical to LIMO.0521.00016 but kept for subsequent analysis
NOTE: LIMO.0521.00171 is identical to LIMO.0521.00019 but kept for subsequent analysis
NOTE: LIMO.0521.00142 is identical to LIMO.0521.00073 but kept for subsequent analysis
NOTE: LIMO.0521.00218 is identical to LIMO.0521.00186 but kept for subsequent analysis
NOTE: LIMO.0521.00190 is identical to LIMO.0521.00189 but kept for subsequent analysis
NOTE: LIMO.0521.00202 is identical to LIMO.0521.00201 but kept for subsequent analysis
NOTE: 2 identical sequences (see below) will be ignored for subsequent analysis
NOTE: LIMO.0521.00253 (identical to LIMO.0521.00186) is ignored but added at the end
NOTE: LIMO.0521.00203 (identical to LIMO.0521.00201) is ignored but added at the end
Alignment was printed to Listeria_monocytogenes/6-tree_module/LIMO_259.nucl.grp.aln.iqtree_tree.uniqueseq.phy

For your convenience alignment with unique sequences printed to Listeria_monocytogenes/6-tree_module/LIMO_259.nucl.grp.aln.iqtree_tree.uniqueseq.phy

Create initial parsimony tree by phylogenetic likelihood library (PLL)... 3.628 seconds

NOTE: 462 MB RAM (0 GB) is required!
Estimate model parameters (epsilon = 0.100)
1. Initial log-likelihood: -4735623.837
2. Current log-likelihood: -4601589.931
3. Current log-likelihood: -4601582.721
4. Current log-likelihood: -4601582.236
Optimal log-likelihood: -4601582.184
Rate parameters:  A-C: 1.22159  A-G: 3.73235  A-T: 1.04592  C-G: 0.78046  C-T: 6.47330  G-T: 1.00000
Base frequencies:  A: 0.325  C: 0.176  G: 0.217  T: 0.281
Parameters optimization took 4 rounds (9.329 sec)
Computing ML distances based on estimated model parameters...
Computing ML distances took 0.544259 sec (of wall-clock time) 15.127130 sec(of CPU time)
Computing RapidNJ tree took 0.041719 sec (of wall-clock time) 0.347714 sec (of CPU time)
Log-likelihood of RapidNJ tree: -4623539.970
--------------------------------------------------------------------
|             INITIALIZING CANDIDATE TREE SET                      |
--------------------------------------------------------------------
Generating 98 parsimony trees... 524.869 second
Computing log-likelihood of 98 initial trees ... 19.499 seconds
Current best score: -4598923.773

Do NNI search on 20 best initial trees
Estimate model parameters (epsilon = 0.100)
BETTER TREE FOUND at iteration 1: -4598867.691
Iteration 10 / LogL: -4599283.582 / Time: 0h:9m:44s
Iteration 20 / LogL: -4599556.240 / Time: 0h:10m:1s
Finish initializing candidate tree set (20)
Current best tree score: -4598867.691 / CPU time: 583.279
Number of iterations: 20
--------------------------------------------------------------------
|               OPTIMIZING CANDIDATE TREE SET                      |
--------------------------------------------------------------------
Iteration 30 / LogL: -4599751.173 / Time: 0h:10m:46s (0h:26m:9s left)
Iteration 40 / LogL: -4598955.229 / Time: 0h:11m:31s (0h:17m:53s left)
Iteration 50 / LogL: -4603859.450 / Time: 0h:12m:6s (0h:12m:30s left)
Iteration 60 / LogL: -4598873.862 / Time: 0h:12m:42s (0h:8m:45s left)
Iteration 70 / LogL: -4598981.335 / Time: 0h:13m:17s (0h:5m:55s left)
Iteration 80 / LogL: -4600113.777 / Time: 0h:13m:53s (0h:3m:40s left)
Iteration 90 / LogL: -4600981.764 / Time: 0h:14m:31s (0h:1m:47s left)
Iteration 100 / LogL: -4599900.396 / Time: 0h:15m:5s (0h:0m:9s left)
TREE SEARCH COMPLETED AFTER 102 ITERATIONS / Time: 0h:15m:12s

--------------------------------------------------------------------
|                    FINALIZING TREE SEARCH                        |
--------------------------------------------------------------------
Performs final model parameters optimization
Estimate model parameters (epsilon = 0.010)
1. Initial log-likelihood: -4598867.689
2. Current log-likelihood: -4598867.593
3. Current log-likelihood: -4598867.513
4. Current log-likelihood: -4598867.427
5. Current log-likelihood: -4598867.355
6. Current log-likelihood: -4598867.280
7. Current log-likelihood: -4598867.217
8. Current log-likelihood: -4598867.149
9. Current log-likelihood: -4598867.093
10. Current log-likelihood: -4598867.033
11. Current log-likelihood: -4598866.984
12. Current log-likelihood: -4598866.930
13. Current log-likelihood: -4598866.886
14. Current log-likelihood: -4598866.839
15. Current log-likelihood: -4598866.801
16. Current log-likelihood: -4598866.758
17. Current log-likelihood: -4598866.723
18. Current log-likelihood: -4598866.685
19. Current log-likelihood: -4598866.656
20. Current log-likelihood: -4598866.621
21. Current log-likelihood: -4598866.595
22. Current log-likelihood: -4598866.564
23. Current log-likelihood: -4598866.541
24. Current log-likelihood: -4598866.514
25. Current log-likelihood: -4598866.493
26. Current log-likelihood: -4598866.468
27. Current log-likelihood: -4598866.450
28. Current log-likelihood: -4598866.428
29. Current log-likelihood: -4598866.412
30. Current log-likelihood: -4598866.393
31. Current log-likelihood: -4598866.378
32. Current log-likelihood: -4598866.361
33. Current log-likelihood: -4598866.348
34. Current log-likelihood: -4598866.332
35. Current log-likelihood: -4598866.321
36. Current log-likelihood: -4598866.307
Optimal log-likelihood: -4598866.297
Rate parameters:  A-C: 1.23275  A-G: 3.76386  A-T: 1.05795  C-G: 0.78951  C-T: 6.53917  G-T: 1.00000
Base frequencies:  A: 0.325  C: 0.176  G: 0.217  T: 0.281
Parameters optimization took 36 rounds (21.044 sec)
BEST SCORE FOUND : -4598866.297
Total tree length: 0.343

Total number of iterations: 102
CPU time used for tree search: 14530.331 sec (4h:2m:10s)
Wall-clock time used for tree search: 894.548 sec (0h:14m:54s)
Total CPU time used: 15564.439 sec (4h:19m:24s)
Total wall-clock time used: 933.884 sec (0h:15m:33s)

Analysis results written to: 
  IQ-TREE report:                Listeria_monocytogenes/6-tree_module/LIMO_259.nucl.grp.aln.iqtree_tree.iqtree
  Maximum-likelihood tree:       Listeria_monocytogenes/6-tree_module/LIMO_259.nucl.grp.aln.iqtree_tree.treefile
  Likelihood distances:          Listeria_monocytogenes/6-tree_module/LIMO_259.nucl.grp.aln.iqtree_tree.mldist
  Screen log file:               Listeria_monocytogenes/6-tree_module/LIMO_259.nucl.grp.aln.iqtree_tree.log

Date and Time: Thu May  6 03:32:01 2021
